#! /usr/local/bin/vvp
:ivl_version "13.0 (devel)" "(s20250103-64-gdad78d525)";
:ivl_delay_selection "TYPICAL";
:vpi_time_precision + 0;
:vpi_module "/usr/local/lib/ivl/system.vpi";
:vpi_module "/usr/local/lib/ivl/vhdl_sys.vpi";
:vpi_module "/usr/local/lib/ivl/vhdl_textio.vpi";
:vpi_module "/usr/local/lib/ivl/v2005_math.vpi";
:vpi_module "/usr/local/lib/ivl/va_math.vpi";
S_0xfa9d7b0 .scope module, "BUF" "BUF" 2 2;
 .timescale 0 0;
    .port_info 0 /INPUT 1 "A";
    .port_info 1 /OUTPUT 1 "Y";
o0x7fcc406f6018 .functor BUFZ 1, c4<z>; HiZ drive
L_0xfb9a0f0 .functor BUFZ 1, o0x7fcc406f6018, C4<0>, C4<0>, C4<0>;
v0xfb4ab60_0 .net "A", 0 0, o0x7fcc406f6018;  0 drivers
v0xfb52890_0 .net "Y", 0 0, L_0xfb9a0f0;  1 drivers
S_0xfb4b920 .scope module, "DFFSR" "DFFSR" 2 50;
 .timescale 0 0;
    .port_info 0 /INPUT 1 "C";
    .port_info 1 /INPUT 1 "D";
    .port_info 2 /OUTPUT 1 "Q";
    .port_info 3 /INPUT 1 "S";
    .port_info 4 /INPUT 1 "R";
o0x7fcc406f60d8 .functor BUFZ 1, c4<z>; HiZ drive
v0xfb02ff0_0 .net "C", 0 0, o0x7fcc406f60d8;  0 drivers
o0x7fcc406f6108 .functor BUFZ 1, c4<z>; HiZ drive
v0xfb02dc0_0 .net "D", 0 0, o0x7fcc406f6108;  0 drivers
v0xfb554c0_0 .var "Q", 0 0;
o0x7fcc406f6168 .functor BUFZ 1, c4<z>; HiZ drive
v0xfb55eb0_0 .net "R", 0 0, o0x7fcc406f6168;  0 drivers
o0x7fcc406f6198 .functor BUFZ 1, c4<z>; HiZ drive
v0xfb56230_0 .net "S", 0 0, o0x7fcc406f6198;  0 drivers
E_0xfad5eb0 .event posedge, v0xfb55eb0_0, v0xfb56230_0, v0xfb02ff0_0;
S_0xfb4fa00 .scope module, "decoder" "decoder" 3 6;
 .timescale 0 0;
    .port_info 0 /INPUT 1 "clk";
    .port_info 1 /INPUT 1 "reset";
    .port_info 2 /INPUT 4 "in";
    .port_info 3 /OUTPUT 16 "out";
o0x7fcc406fad58 .functor BUFZ 1, c4<z>; HiZ drive
L_0xfba0b40 .functor BUFZ 1, o0x7fcc406fad58, C4<0>, C4<0>, C4<0>;
L_0xfbb1230 .functor BUFZ 1, L_0xfb9aab0, C4<0>, C4<0>, C4<0>;
L_0xfbb1480 .functor BUFZ 1, L_0xfb9ac60, C4<0>, C4<0>, C4<0>;
L_0xfbb15e0 .functor BUFZ 1, L_0xfb9ae10, C4<0>, C4<0>, C4<0>;
L_0xfbb1820 .functor BUFZ 1, L_0xfb9b010, C4<0>, C4<0>, C4<0>;
L_0xfbb1890 .functor BUFZ 1, L_0xfb9d3a0, C4<0>, C4<0>, C4<0>;
L_0xfbb1990 .functor BUFZ 1, L_0xfb9d5f0, C4<0>, C4<0>, C4<0>;
L_0xfbb1a50 .functor BUFZ 1, L_0xfb9db30, C4<0>, C4<0>, C4<0>;
L_0xfbb1b60 .functor BUFZ 1, L_0xfb9dca0, C4<0>, C4<0>, C4<0>;
L_0xfbb1c20 .functor BUFZ 1, L_0xfb9e6b0, C4<0>, C4<0>, C4<0>;
L_0xfbb1d40 .functor BUFZ 1, L_0xfb9e980, C4<0>, C4<0>, C4<0>;
L_0xfbb1db0 .functor BUFZ 1, L_0xfb9eb40, C4<0>, C4<0>, C4<0>;
L_0xfbb1ee0 .functor BUFZ 1, L_0xfb9ed00, C4<0>, C4<0>, C4<0>;
L_0xfbb1fa0 .functor BUFZ 1, L_0xfb9eec0, C4<0>, C4<0>, C4<0>;
L_0x7fcc406ad138 .functor BUFT 1, C4<0>, C4<0>, C4<0>, C4<0>;
L_0xfbb1e70 .functor BUFZ 1, L_0x7fcc406ad138, C4<0>, C4<0>, C4<0>;
L_0xfbb2180 .functor BUFZ 1, L_0xfb9f080, C4<0>, C4<0>, C4<0>;
L_0xfbb22d0 .functor BUFZ 1, L_0xfb9f240, C4<0>, C4<0>, C4<0>;
L_0xfbb2390 .functor BUFZ 1, L_0xfb9f5e0, C4<0>, C4<0>, C4<0>;
L_0xfbb24f0 .functor BUFZ 1, L_0xfb9f9c0, C4<0>, C4<0>, C4<0>;
L_0xfbb25b0 .functor BUFZ 1, L_0xfb9fb80, C4<0>, C4<0>, C4<0>;
L_0xfbb2720 .functor BUFZ 1, L_0xfb9fe50, C4<0>, C4<0>, C4<0>;
v0xfb93f80_0 .net "_000_", 0 0, L_0xfb9aab0;  1 drivers
v0xfb94050_0 .net "_001_", 0 0, L_0xfb9ac60;  1 drivers
v0xfb94120_0 .net "_002_", 0 0, L_0xfb9ae10;  1 drivers
v0xfb94220_0 .net "_003_", 0 0, L_0xfb9b010;  1 drivers
v0xfb942f0_0 .net "_004_", 0 0, L_0xfb9d3a0;  1 drivers
v0xfb943e0_0 .net "_005_", 0 0, L_0xfb9d5f0;  1 drivers
v0xfb944b0_0 .net "_006_", 0 0, L_0xfb9db30;  1 drivers
v0xfb94580_0 .net "_007_", 0 0, L_0xfb9dca0;  1 drivers
v0xfb94650_0 .net "_008_", 0 0, L_0xfb9e6b0;  1 drivers
v0xfb94720_0 .net "_009_", 0 0, L_0xfb9e980;  1 drivers
v0xfb947f0_0 .net "_010_", 0 0, L_0xfb9eb40;  1 drivers
v0xfb948c0_0 .net "_011_", 0 0, L_0xfb9ed00;  1 drivers
v0xfb94990_0 .net "_012_", 0 0, L_0xfb9eec0;  1 drivers
v0xfb94a60_0 .net "_013_", 0 0, L_0x7fcc406ad138;  1 drivers
v0xfb94b00_0 .net "_014_", 0 0, L_0xfb9f080;  1 drivers
v0xfb94bd0_0 .net "_015_", 0 0, L_0xfb9f240;  1 drivers
v0xfb94ca0_0 .net "_016_", 0 0, L_0xfb9f5e0;  1 drivers
v0xfb94d70_0 .net "_017_", 0 0, L_0xfb9f9c0;  1 drivers
v0xfb94e40_0 .net "_018_", 0 0, L_0xfb9fb80;  1 drivers
v0xfb94f10_0 .net "_019_", 0 0, L_0xfb9fe50;  1 drivers
v0xfb94fe0_0 .net "_020_", 0 0, L_0xfbb1160;  1 drivers
v0xfb950b0_0 .net "_021_", 0 0, L_0xfbb12f0;  1 drivers
v0xfb95180_0 .net "_022_", 0 0, L_0xfbb1540;  1 drivers
v0xfb95250_0 .net "_023_", 0 0, L_0xfbb16d0;  1 drivers
v0xfb95320_0 .net "_024_", 0 0, L_0xfbb13e0;  1 drivers
v0xfb953c0_0 .net "_025_", 0 0, L_0xfbb2940;  1 drivers
v0xfb95460_0 .net "_026_", 0 0, L_0xfbb28a0;  1 drivers
v0xfb95500_0 .net "_027_", 0 0, L_0xfbb2450;  1 drivers
v0xfb95630_0 .net "_028_", 0 0, L_0xfb9a1b0;  1 drivers
v0xfb956d0_0 .net "_029_", 0 0, L_0xfb9a290;  1 drivers
v0xfb95770_0 .net "_030_", 0 0, L_0xfb9a340;  1 drivers
v0xfb95810_0 .net "_031_", 0 0, L_0xfb9a440;  1 drivers
v0xfb95900_0 .net "_032_", 0 0, L_0xfb9a540;  1 drivers
v0xfb95c00_0 .net "_033_", 0 0, L_0xfb9a640;  1 drivers
v0xfb95ca0_0 .net "_034_", 0 0, L_0xfb9a6f0;  1 drivers
v0xfb95dd0_0 .net "_035_", 0 0, L_0xfb9a7a0;  1 drivers
v0xfb95f00_0 .net "_036_", 0 0, L_0xfb9a850;  1 drivers
v0xfb95fa0_0 .net "_037_", 0 0, L_0xfb9b180;  1 drivers
v0xfb96040_0 .net "_038_", 0 0, L_0xfb9b2f0;  1 drivers
v0xfb960e0_0 .net "_039_", 0 0, L_0xfb9b5b0;  1 drivers
v0xfb96210_0 .net "_040_", 0 0, L_0xfb9b690;  1 drivers
v0xfb962b0_0 .net "_041_", 0 0, L_0xfb9b7d0;  1 drivers
v0xfb96350_0 .net "_042_", 0 0, L_0xfb9b980;  1 drivers
v0xfb96480_0 .net "_043_", 0 0, L_0xfb9baa0;  1 drivers
v0xfb96520_0 .net "_044_", 0 0, L_0xfb9bbc0;  1 drivers
v0xfb965c0_0 .net "_045_", 0 0, L_0xfb9bd00;  1 drivers
v0xfb96660_0 .net "_046_", 0 0, L_0xfb9be20;  1 drivers
v0xfb96700_0 .net "_047_", 0 0, L_0xfb9bff0;  1 drivers
v0xfb96830_0 .net "_048_", 0 0, L_0xfb9c1a0;  1 drivers
v0xfb968d0_0 .net "_049_", 0 0, L_0xfb9c460;  1 drivers
v0xfb96970_0 .net "_050_", 0 0, L_0xfb9c690;  1 drivers
v0xfb96aa0_0 .net "_051_", 0 0, L_0xfb9c910;  1 drivers
v0xfb96b40_0 .net "_052_", 0 0, L_0xfb9ca80;  1 drivers
v0xfb96be0_0 .net "_053_", 0 0, L_0xfb9cba0;  1 drivers
v0xfb96c80_0 .net "_054_", 0 0, L_0xfb9cd50;  1 drivers
v0xfb96d70_0 .net "_055_", 0 0, L_0xfb9cf00;  1 drivers
v0xfb96ea0_0 .net "_056_", 0 0, L_0xfb9cf90;  1 drivers
v0xfb96f40_0 .net "_057_", 0 0, L_0xfb9d0d0;  1 drivers
v0xfb97030_0 .net "_058_", 0 0, L_0xfb9d280;  1 drivers
v0xfb97160_0 .net "_059_", 0 0, L_0xfb9d870;  1 drivers
v0xfb97200_0 .net "_060_", 0 0, L_0xfb9de60;  1 drivers
v0xfb972a0_0 .net "_061_", 0 0, L_0xfb9e0e0;  1 drivers
v0xfb97390_0 .net "_062_", 0 0, L_0xfb9e470;  1 drivers
v0xfb97430_0 .net "_063_", 0 0, L_0xfb9e590;  1 drivers
v0xfb974d0_0 .net "_064_", 0 0, L_0xfb9f3b0;  1 drivers
v0xfb97980_0 .net "_065_", 0 0, L_0xfba0b40;  1 drivers
v0xfb97a20_0 .net "_073_", 0 0, L_0xfbb1230;  1 drivers
v0xfb97ac0_0 .net "_074_", 0 0, L_0xfbb1480;  1 drivers
v0xfb97b60_0 .net "_075_", 0 0, L_0xfbb15e0;  1 drivers
v0xfb97c00_0 .net "_076_", 0 0, L_0xfbb1820;  1 drivers
v0xfb97ca0_0 .net "_077_", 0 0, L_0xfbb1890;  1 drivers
v0xfb97d40_0 .net "_078_", 0 0, L_0xfbb1990;  1 drivers
v0xfb97de0_0 .net "_079_", 0 0, L_0xfbb1a50;  1 drivers
v0xfb97e80_0 .net "_080_", 0 0, L_0xfbb1b60;  1 drivers
v0xfb97f20_0 .net "_081_", 0 0, L_0xfbb1c20;  1 drivers
v0xfb97fc0_0 .net "_082_", 0 0, L_0xfbb1d40;  1 drivers
v0xfb98060_0 .net "_083_", 0 0, L_0xfbb1db0;  1 drivers
v0xfb98100_0 .net "_084_", 0 0, L_0xfbb1ee0;  1 drivers
v0xfb981a0_0 .net "_085_", 0 0, L_0xfbb1fa0;  1 drivers
v0xfb98240_0 .net "_086_", 0 0, L_0xfbb1e70;  1 drivers
v0xfb982e0_0 .net "_087_", 0 0, L_0xfbb2180;  1 drivers
v0xfb98380_0 .net "_088_", 0 0, L_0xfbb22d0;  1 drivers
v0xfb98420_0 .net "_089_", 0 0, L_0xfbb2390;  1 drivers
v0xfb984f0_0 .net "_090_", 0 0, L_0xfbb24f0;  1 drivers
v0xfb985c0_0 .net "_091_", 0 0, L_0xfbb25b0;  1 drivers
v0xfb98690_0 .net "_092_", 0 0, L_0xfbb2720;  1 drivers
v0xfb98760_0 .net "_098_", 4 0, L_0xfba00c0;  1 drivers
v0xfb98800_0 .net "_099_", 4 0, L_0xfba0330;  1 drivers
v0xfb988a0_0 .net "_100_", 4 0, L_0xfbb2ab0;  1 drivers
v0xfb98940_0 .net "_101_", 31 0, L_0xfbb2bf0;  1 drivers
v0xfb989e0_0 .net "_102_", 31 0, L_0xfbb2e10;  1 drivers
v0xfb98a80_0 .net "_103_", 31 0, L_0xfbb2f50;  1 drivers
o0x7fcc406fa848 .functor BUFZ 2, c4<zz>; HiZ drive
; Elide local net with no drivers, v0xfb98b20_0 name=_ivl_152
o0x7fcc406fa878 .functor BUFZ 1, c4<z>; HiZ drive
; Elide local net with no drivers, v0xfb98bc0_0 name=_ivl_154
o0x7fcc406fa8a8 .functor BUFZ 1, c4<z>; HiZ drive
; Elide local net with no drivers, v0xfb98c60_0 name=_ivl_157
o0x7fcc406fa8d8 .functor BUFZ 2, c4<zz>; HiZ drive
; Elide local net with no drivers, v0xfb98d00_0 name=_ivl_159
o0x7fcc406fa908 .functor BUFZ 1, c4<z>; HiZ drive
; Elide local net with no drivers, v0xfb98da0_0 name=_ivl_162
o0x7fcc406fa938 .functor BUFZ 4, c4<zzzz>; HiZ drive
; Elide local net with no drivers, v0xfb98e40_0 name=_ivl_164
L_0x7fcc406ad180 .functor BUFT 1, C4<z>, C4<0>, C4<0>, C4<0>;
v0xfb98ee0_0 .net *"_ivl_167", 0 0, L_0x7fcc406ad180;  1 drivers
o0x7fcc406fa998 .functor BUFZ 8, c4<zzzzzzzz>; HiZ drive
; Elide local net with no drivers, v0xfb98f80_0 name=_ivl_169
v0xfb99020_0 .net *"_ivl_45", 0 0, L_0xfba01c0;  1 drivers
L_0x7fcc406ad018 .functor BUFT 1, C4<1>, C4<0>, C4<0>, C4<0>;
v0xfb990c0_0 .net/2u *"_ivl_48", 0 0, L_0x7fcc406ad018;  1 drivers
v0xfb99160_0 .net *"_ivl_50", 0 0, L_0xfba0420;  1 drivers
v0xfb99200_0 .net *"_ivl_52", 0 0, L_0xfba0530;  1 drivers
v0xfb992a0_0 .net *"_ivl_58", 0 0, L_0xfba0620;  1 drivers
v0xfb99340_0 .net *"_ivl_60", 0 0, L_0xfba0740;  1 drivers
v0xfb993e0_0 .net *"_ivl_61", 1 0, L_0xfba0860;  1 drivers
v0xfb99480_0 .net *"_ivl_63", 14 0, L_0xfba0a00;  1 drivers
v0xfb99540_0 .net *"_ivl_65", 13 0, L_0xfba0aa0;  1 drivers
L_0x7fcc406ad060 .functor BUFT 1, C4<00000000000000000000000000000>, C4<0>, C4<0>, C4<0>;
v0xfb99620_0 .net/2u *"_ivl_70", 28 0, L_0x7fcc406ad060;  1 drivers
v0xfb99700_0 .net *"_ivl_72", 14 0, L_0xfbb0bc0;  1 drivers
v0xfb997e0_0 .net *"_ivl_74", 11 0, L_0xfbb0cc0;  1 drivers
L_0x7fcc406ad0a8 .functor BUFT 1, C4<000000000000000000000000000>, C4<0>, C4<0>, C4<0>;
v0xfb998c0_0 .net/2u *"_ivl_79", 26 0, L_0x7fcc406ad0a8;  1 drivers
v0xfb999a0_0 .net *"_ivl_81", 14 0, L_0xfbb0e60;  1 drivers
v0xfb99a80_0 .net *"_ivl_83", 7 0, L_0xfbb0f60;  1 drivers
L_0x7fcc406ad0f0 .functor BUFT 1, C4<00000000000000000000000>, C4<0>, C4<0>, C4<0>;
v0xfb99b60_0 .net/2u *"_ivl_88", 22 0, L_0x7fcc406ad0f0;  1 drivers
o0x7fcc406f9408 .functor BUFZ 1, c4<z>; HiZ drive
v0xfb99c40_0 .net "clk", 0 0, o0x7fcc406f9408;  0 drivers
o0x7fcc406facc8 .functor BUFZ 4, c4<zzzz>; HiZ drive
v0xfb99ce0_0 .net "in", 3 0, o0x7fcc406facc8;  0 drivers
v0xfb99dc0_0 .net "in_r", 3 0, L_0xfb9ff80;  1 drivers
v0xfb99ea0_0 .net "out", 15 0, L_0xfba0020;  1 drivers
v0xfb99f80_0 .net "reset", 0 0, o0x7fcc406fad58;  0 drivers
L_0xfb9ff80 .concat8 [ 1 1 1 1], v0xfb8d850_0, v0xfb8dd80_0, v0xfb8e2f0_0, v0xfb8e7e0_0;
LS_0xfba0020_0_0 .concat8 [ 1 1 1 1], v0xfb8fca0_0, v0xfb8f780_0, v0xfb8f260_0, v0xfb8ed90_0;
LS_0xfba0020_0_4 .concat8 [ 1 1 1 1], v0xfb93e30_0, v0xfb93910_0, v0xfb933f0_0, v0xfb92ed0_0;
LS_0xfba0020_0_8 .concat8 [ 1 1 1 1], v0xfb929b0_0, v0xfb92490_0, v0xfb91f70_0, v0xfb91a50_0;
LS_0xfba0020_0_12 .concat8 [ 1 1 1 1], v0xfb91530_0, v0xfb91010_0, v0xfb90af0_0, v0xfb905d0_0;
L_0xfba0020 .concat8 [ 4 4 4 4], LS_0xfba0020_0_0, LS_0xfba0020_0_4, LS_0xfba0020_0_8, LS_0xfba0020_0_12;
L_0xfba00c0 .part/pv L_0xfba01c0, 0, 1, 5;
L_0xfba01c0 .part L_0xfb9ff80, 0, 1;
L_0xfba0330 .part/pv L_0x7fcc406ad018, 4, 1, 5;
L_0xfba0420 .part L_0xfba0860, 1, 1;
L_0xfba0530 .part L_0xfba0860, 0, 1;
L_0xfba0620 .part L_0xfbb2ab0, 4, 1;
L_0xfba0740 .part L_0xfba0330, 0, 1;
L_0xfba0860 .concat [ 1 1 0 0], L_0xfba0740, L_0xfba0620;
L_0xfba0a00 .part L_0x7fcc406ad060, 14, 15;
L_0xfba0aa0 .part L_0x7fcc406ad060, 0, 14;
L_0xfbb0bc0 .part L_0x7fcc406ad0a8, 12, 15;
L_0xfbb0cc0 .part L_0x7fcc406ad0a8, 0, 12;
L_0xfbb0e60 .part L_0x7fcc406ad0f0, 8, 15;
L_0xfbb0f60 .part L_0x7fcc406ad0f0, 0, 8;
L_0xfbb1160 .part o0x7fcc406facc8, 0, 1;
L_0xfbb12f0 .part o0x7fcc406facc8, 1, 1;
L_0xfbb1540 .part o0x7fcc406facc8, 2, 1;
L_0xfbb16d0 .part o0x7fcc406facc8, 3, 1;
L_0xfbb2450 .part L_0xfb9ff80, 3, 1;
L_0xfbb13e0 .part L_0xfb9ff80, 0, 1;
L_0xfbb28a0 .part L_0xfb9ff80, 2, 1;
L_0xfbb2940 .part L_0xfb9ff80, 1, 1;
L_0xfbb2ab0 .concat [ 1 2 1 1], L_0xfba0530, o0x7fcc406fa848, L_0xfba0420, o0x7fcc406fa878;
L_0xfbb2bf0 .concat [ 1 14 2 15], o0x7fcc406fa8a8, L_0xfba0aa0, o0x7fcc406fa8d8, L_0xfba0a00;
L_0xfbb2e10 .concat [ 1 12 4 15], o0x7fcc406fa908, L_0xfbb0cc0, o0x7fcc406fa938, L_0xfbb0bc0;
L_0xfbb2f50 .concat [ 1 8 8 15], L_0x7fcc406ad180, L_0xfbb0f60, o0x7fcc406fa998, L_0xfbb0e60;
S_0xfb50180 .scope module, "_105_" "NOT" 3 121, 2 11 0, S_0xfb4fa00;
 .timescale 0 0;
    .port_info 0 /INPUT 1 "A";
    .port_info 1 /OUTPUT 1 "Y";
L_0xfb9a1b0 .functor NOT 1, L_0xfbb1160, C4<0>, C4<0>, C4<0>;
v0xfb7a690_0 .net "A", 0 0, L_0xfbb1160;  alias, 1 drivers
v0xfb7a770_0 .net "Y", 0 0, L_0xfb9a1b0;  alias, 1 drivers
S_0xfb51080 .scope module, "_106_" "NOT" 3 125, 2 11 0, S_0xfb4fa00;
 .timescale 0 0;
    .port_info 0 /INPUT 1 "A";
    .port_info 1 /OUTPUT 1 "Y";
L_0xfb9a290 .functor NOT 1, L_0xfba0b40, C4<0>, C4<0>, C4<0>;
v0xfb7a890_0 .net "A", 0 0, L_0xfba0b40;  alias, 1 drivers
v0xfb7a970_0 .net "Y", 0 0, L_0xfb9a290;  alias, 1 drivers
S_0xfb51800 .scope module, "_107_" "NOT" 3 129, 2 11 0, S_0xfb4fa00;
 .timescale 0 0;
    .port_info 0 /INPUT 1 "A";
    .port_info 1 /OUTPUT 1 "Y";
L_0xfb9a340 .functor NOT 1, L_0xfbb12f0, C4<0>, C4<0>, C4<0>;
v0xfb7ab30_0 .net "A", 0 0, L_0xfbb12f0;  alias, 1 drivers
v0xfb7abf0_0 .net "Y", 0 0, L_0xfb9a340;  alias, 1 drivers
S_0xfb51f80 .scope module, "_108_" "NOT" 3 133, 2 11 0, S_0xfb4fa00;
 .timescale 0 0;
    .port_info 0 /INPUT 1 "A";
    .port_info 1 /OUTPUT 1 "Y";
L_0xfb9a440 .functor NOT 1, L_0xfbb1540, C4<0>, C4<0>, C4<0>;
v0xfb7adb0_0 .net "A", 0 0, L_0xfbb1540;  alias, 1 drivers
v0xfb7ae90_0 .net "Y", 0 0, L_0xfb9a440;  alias, 1 drivers
S_0xfb52700 .scope module, "_109_" "NOT" 3 137, 2 11 0, S_0xfb4fa00;
 .timescale 0 0;
    .port_info 0 /INPUT 1 "A";
    .port_info 1 /OUTPUT 1 "Y";
L_0xfb9a540 .functor NOT 1, L_0xfbb16d0, C4<0>, C4<0>, C4<0>;
v0xfb7b0a0_0 .net "A", 0 0, L_0xfbb16d0;  alias, 1 drivers
v0xfb7b180_0 .net "Y", 0 0, L_0xfb9a540;  alias, 1 drivers
S_0xfb4a9d0 .scope module, "_110_" "NOT" 3 141, 2 11 0, S_0xfb4fa00;
 .timescale 0 0;
    .port_info 0 /INPUT 1 "A";
    .port_info 1 /OUTPUT 1 "Y";
L_0xfb9a640 .functor NOT 1, L_0xfbb2450, C4<0>, C4<0>, C4<0>;
v0xfb7b340_0 .net "A", 0 0, L_0xfbb2450;  alias, 1 drivers
v0xfb7b420_0 .net "Y", 0 0, L_0xfb9a640;  alias, 1 drivers
S_0xfb7b540 .scope module, "_111_" "NOT" 3 145, 2 11 0, S_0xfb4fa00;
 .timescale 0 0;
    .port_info 0 /INPUT 1 "A";
    .port_info 1 /OUTPUT 1 "Y";
L_0xfb9a6f0 .functor NOT 1, L_0xfbb13e0, C4<0>, C4<0>, C4<0>;
v0xfb7b770_0 .net "A", 0 0, L_0xfbb13e0;  alias, 1 drivers
v0xfb7b850_0 .net "Y", 0 0, L_0xfb9a6f0;  alias, 1 drivers
S_0xfb7b970 .scope module, "_112_" "NOT" 3 149, 2 11 0, S_0xfb4fa00;
 .timescale 0 0;
    .port_info 0 /INPUT 1 "A";
    .port_info 1 /OUTPUT 1 "Y";
L_0xfb9a7a0 .functor NOT 1, L_0xfbb28a0, C4<0>, C4<0>, C4<0>;
v0xfb7bba0_0 .net "A", 0 0, L_0xfbb28a0;  alias, 1 drivers
v0xfb7bc80_0 .net "Y", 0 0, L_0xfb9a7a0;  alias, 1 drivers
S_0xfb7bda0 .scope module, "_113_" "NOT" 3 153, 2 11 0, S_0xfb4fa00;
 .timescale 0 0;
    .port_info 0 /INPUT 1 "A";
    .port_info 1 /OUTPUT 1 "Y";
L_0xfb9a850 .functor NOT 1, L_0xfbb2940, C4<0>, C4<0>, C4<0>;
v0xfb7c010_0 .net "A", 0 0, L_0xfbb2940;  alias, 1 drivers
v0xfb7c0f0_0 .net "Y", 0 0, L_0xfb9a850;  alias, 1 drivers
S_0xfb7c210 .scope module, "_114_" "NOR" 3 157, 2 30 0, S_0xfb4fa00;
 .timescale 0 0;
    .port_info 0 /INPUT 1 "A";
    .port_info 1 /INPUT 1 "B";
    .port_info 2 /OUTPUT 1 "Y";
L_0xfb9a990 .functor OR 1, L_0xfb9a1b0, L_0xfba0b40, C4<0>, C4<0>;
L_0xfb9aab0 .functor NOT 1, L_0xfb9a990, C4<0>, C4<0>, C4<0>;
v0xfb7c3f0_0 .net "A", 0 0, L_0xfb9a1b0;  alias, 1 drivers
v0xfb7c4b0_0 .net "B", 0 0, L_0xfba0b40;  alias, 1 drivers
v0xfb7c550_0 .net "Y", 0 0, L_0xfb9aab0;  alias, 1 drivers
v0xfb7c620_0 .net *"_ivl_0", 0 0, L_0xfb9a990;  1 drivers
S_0xfb7c740 .scope module, "_115_" "NOR" 3 162, 2 30 0, S_0xfb4fa00;
 .timescale 0 0;
    .port_info 0 /INPUT 1 "A";
    .port_info 1 /INPUT 1 "B";
    .port_info 2 /OUTPUT 1 "Y";
L_0xfb9ab40 .functor OR 1, L_0xfba0b40, L_0xfb9a340, C4<0>, C4<0>;
L_0xfb9ac60 .functor NOT 1, L_0xfb9ab40, C4<0>, C4<0>, C4<0>;
v0xfb7c920_0 .net "A", 0 0, L_0xfba0b40;  alias, 1 drivers
v0xfb7ca30_0 .net "B", 0 0, L_0xfb9a340;  alias, 1 drivers
v0xfb7caf0_0 .net "Y", 0 0, L_0xfb9ac60;  alias, 1 drivers
v0xfb7cbc0_0 .net *"_ivl_0", 0 0, L_0xfb9ab40;  1 drivers
S_0xfb7cce0 .scope module, "_116_" "NOR" 3 167, 2 30 0, S_0xfb4fa00;
 .timescale 0 0;
    .port_info 0 /INPUT 1 "A";
    .port_info 1 /INPUT 1 "B";
    .port_info 2 /OUTPUT 1 "Y";
L_0xfb9acf0 .functor OR 1, L_0xfba0b40, L_0xfb9a440, C4<0>, C4<0>;
L_0xfb9ae10 .functor NOT 1, L_0xfb9acf0, C4<0>, C4<0>, C4<0>;
v0xfb7cec0_0 .net "A", 0 0, L_0xfba0b40;  alias, 1 drivers
v0xfb7cf80_0 .net "B", 0 0, L_0xfb9a440;  alias, 1 drivers
v0xfb7d070_0 .net "Y", 0 0, L_0xfb9ae10;  alias, 1 drivers
v0xfb7d140_0 .net *"_ivl_0", 0 0, L_0xfb9acf0;  1 drivers
S_0xfb7d260 .scope module, "_117_" "NOR" 3 172, 2 30 0, S_0xfb4fa00;
 .timescale 0 0;
    .port_info 0 /INPUT 1 "A";
    .port_info 1 /INPUT 1 "B";
    .port_info 2 /OUTPUT 1 "Y";
L_0xfb9aef0 .functor OR 1, L_0xfba0b40, L_0xfb9a540, C4<0>, C4<0>;
L_0xfb9b010 .functor NOT 1, L_0xfb9aef0, C4<0>, C4<0>, C4<0>;
v0xfb7d440_0 .net "A", 0 0, L_0xfba0b40;  alias, 1 drivers
v0xfb7d590_0 .net "B", 0 0, L_0xfb9a540;  alias, 1 drivers
v0xfb7d680_0 .net "Y", 0 0, L_0xfb9b010;  alias, 1 drivers
v0xfb7d750_0 .net *"_ivl_0", 0 0, L_0xfb9aef0;  1 drivers
S_0xfb7d870 .scope module, "_118_" "NOR" 3 177, 2 30 0, S_0xfb4fa00;
 .timescale 0 0;
    .port_info 0 /INPUT 1 "A";
    .port_info 1 /INPUT 1 "B";
    .port_info 2 /OUTPUT 1 "Y";
L_0xfb9b0f0 .functor OR 1, L_0xfb9a6f0, L_0xfbb2940, C4<0>, C4<0>;
L_0xfb9b180 .functor NOT 1, L_0xfb9b0f0, C4<0>, C4<0>, C4<0>;
v0xfb7da00_0 .net "A", 0 0, L_0xfb9a6f0;  alias, 1 drivers
v0xfb7daf0_0 .net "B", 0 0, L_0xfbb2940;  alias, 1 drivers
v0xfb7dbc0_0 .net "Y", 0 0, L_0xfb9b180;  alias, 1 drivers
v0xfb7dc90_0 .net *"_ivl_0", 0 0, L_0xfb9b0f0;  1 drivers
S_0xfb7ddb0 .scope module, "_119_" "NAND" 3 182, 2 20 0, S_0xfb4fa00;
 .timescale 0 0;
    .port_info 0 /INPUT 1 "A";
    .port_info 1 /INPUT 1 "B";
    .port_info 2 /OUTPUT 1 "Y";
L_0xfb9b260 .functor AND 1, L_0xfbb13e0, L_0xfb9a850, C4<1>, C4<1>;
L_0xfb9b2f0 .functor NOT 1, L_0xfb9b260, C4<0>, C4<0>, C4<0>;
v0xfb7df90_0 .net "A", 0 0, L_0xfbb13e0;  alias, 1 drivers
v0xfb7e080_0 .net "B", 0 0, L_0xfb9a850;  alias, 1 drivers
v0xfb7e150_0 .net "Y", 0 0, L_0xfb9b2f0;  alias, 1 drivers
v0xfb7e220_0 .net *"_ivl_0", 0 0, L_0xfb9b260;  1 drivers
S_0xfb7e340 .scope module, "_120_" "NAND" 3 187, 2 20 0, S_0xfb4fa00;
 .timescale 0 0;
    .port_info 0 /INPUT 1 "A";
    .port_info 1 /INPUT 1 "B";
    .port_info 2 /OUTPUT 1 "Y";
L_0xfb9b410 .functor AND 1, L_0xfbb13e0, L_0xfbb2940, C4<1>, C4<1>;
L_0xfb9b5b0 .functor NOT 1, L_0xfb9b410, C4<0>, C4<0>, C4<0>;
v0xfb7e520_0 .net "A", 0 0, L_0xfbb13e0;  alias, 1 drivers
v0xfb7e630_0 .net "B", 0 0, L_0xfbb2940;  alias, 1 drivers
v0xfb7e740_0 .net "Y", 0 0, L_0xfb9b5b0;  alias, 1 drivers
v0xfb7e7e0_0 .net *"_ivl_0", 0 0, L_0xfb9b410;  1 drivers
S_0xfb7e920 .scope module, "_121_" "NOT" 3 192, 2 11 0, S_0xfb4fa00;
 .timescale 0 0;
    .port_info 0 /INPUT 1 "A";
    .port_info 1 /OUTPUT 1 "Y";
L_0xfb9b690 .functor NOT 1, L_0xfb9b5b0, C4<0>, C4<0>, C4<0>;
v0xfb7eb50_0 .net "A", 0 0, L_0xfb9b5b0;  alias, 1 drivers
v0xfb7ec10_0 .net "Y", 0 0, L_0xfb9b690;  alias, 1 drivers
S_0xfb7ed10 .scope module, "_122_" "NAND" 3 196, 2 20 0, S_0xfb4fa00;
 .timescale 0 0;
    .port_info 0 /INPUT 1 "A";
    .port_info 1 /INPUT 1 "B";
    .port_info 2 /OUTPUT 1 "Y";
L_0xfb9b740 .functor AND 1, L_0xfb9a7a0, L_0xfb9b690, C4<1>, C4<1>;
L_0xfb9b7d0 .functor NOT 1, L_0xfb9b740, C4<0>, C4<0>, C4<0>;
v0xfb7ef60_0 .net "A", 0 0, L_0xfb9a7a0;  alias, 1 drivers
v0xfb7f050_0 .net "B", 0 0, L_0xfb9b690;  alias, 1 drivers
v0xfb7f120_0 .net "Y", 0 0, L_0xfb9b7d0;  alias, 1 drivers
v0xfb7f1f0_0 .net *"_ivl_0", 0 0, L_0xfb9b740;  1 drivers
S_0xfb7f310 .scope module, "_123_" "NAND" 3 201, 2 20 0, S_0xfb4fa00;
 .timescale 0 0;
    .port_info 0 /INPUT 1 "A";
    .port_info 1 /INPUT 1 "B";
    .port_info 2 /OUTPUT 1 "Y";
L_0xfb9b8f0 .functor AND 1, L_0xfb9a6f0, L_0xfbb2940, C4<1>, C4<1>;
L_0xfb9b980 .functor NOT 1, L_0xfb9b8f0, C4<0>, C4<0>, C4<0>;
v0xfb7f560_0 .net "A", 0 0, L_0xfb9a6f0;  alias, 1 drivers
v0xfb7f670_0 .net "B", 0 0, L_0xfbb2940;  alias, 1 drivers
v0xfb7f730_0 .net "Y", 0 0, L_0xfb9b980;  alias, 1 drivers
v0xfb7f7d0_0 .net *"_ivl_0", 0 0, L_0xfb9b8f0;  1 drivers
S_0xfb7f910 .scope module, "_124_" "NOR" 3 206, 2 30 0, S_0xfb4fa00;
 .timescale 0 0;
    .port_info 0 /INPUT 1 "A";
    .port_info 1 /INPUT 1 "B";
    .port_info 2 /OUTPUT 1 "Y";
L_0xfb9ba10 .functor OR 1, L_0xfbb28a0, L_0xfb9b980, C4<0>, C4<0>;
L_0xfb9baa0 .functor NOT 1, L_0xfb9ba10, C4<0>, C4<0>, C4<0>;
v0xfb7fb60_0 .net "A", 0 0, L_0xfbb28a0;  alias, 1 drivers
v0xfb7fc50_0 .net "B", 0 0, L_0xfb9b980;  alias, 1 drivers
v0xfb7fd20_0 .net "Y", 0 0, L_0xfb9baa0;  alias, 1 drivers
v0xfb7fdf0_0 .net *"_ivl_0", 0 0, L_0xfb9ba10;  1 drivers
S_0xfb7ff10 .scope module, "_125_" "NOT" 3 211, 2 11 0, S_0xfb4fa00;
 .timescale 0 0;
    .port_info 0 /INPUT 1 "A";
    .port_info 1 /OUTPUT 1 "Y";
L_0xfb9bbc0 .functor NOT 1, L_0xfb9baa0, C4<0>, C4<0>, C4<0>;
v0xfb80140_0 .net "A", 0 0, L_0xfb9baa0;  alias, 1 drivers
v0xfb80230_0 .net "Y", 0 0, L_0xfb9bbc0;  alias, 1 drivers
S_0xfb80330 .scope module, "_126_" "NAND" 3 215, 2 20 0, S_0xfb4fa00;
 .timescale 0 0;
    .port_info 0 /INPUT 1 "A";
    .port_info 1 /INPUT 1 "B";
    .port_info 2 /OUTPUT 1 "Y";
L_0xfb9bc70 .functor AND 1, L_0xfbb2450, L_0xfb9baa0, C4<1>, C4<1>;
L_0xfb9bd00 .functor NOT 1, L_0xfb9bc70, C4<0>, C4<0>, C4<0>;
v0xfb80580_0 .net "A", 0 0, L_0xfbb2450;  alias, 1 drivers
v0xfb80670_0 .net "B", 0 0, L_0xfb9baa0;  alias, 1 drivers
v0xfb80760_0 .net "Y", 0 0, L_0xfb9bd00;  alias, 1 drivers
v0xfb80800_0 .net *"_ivl_0", 0 0, L_0xfb9bc70;  1 drivers
S_0xfb80940 .scope module, "_127_" "NOT" 3 220, 2 11 0, S_0xfb4fa00;
 .timescale 0 0;
    .port_info 0 /INPUT 1 "A";
    .port_info 1 /OUTPUT 1 "Y";
L_0xfb9be20 .functor NOT 1, L_0xfb9bd00, C4<0>, C4<0>, C4<0>;
v0xfb80b70_0 .net "A", 0 0, L_0xfb9bd00;  alias, 1 drivers
v0xfb80c60_0 .net "Y", 0 0, L_0xfb9be20;  alias, 1 drivers
S_0xfb80d60 .scope module, "_128_" "NOR" 3 224, 2 30 0, S_0xfb4fa00;
 .timescale 0 0;
    .port_info 0 /INPUT 1 "A";
    .port_info 1 /INPUT 1 "B";
    .port_info 2 /OUTPUT 1 "Y";
L_0xfb9bed0 .functor OR 1, L_0xfba0b40, L_0xfb9be20, C4<0>, C4<0>;
L_0xfb9bff0 .functor NOT 1, L_0xfb9bed0, C4<0>, C4<0>, C4<0>;
v0xfb80fb0_0 .net "A", 0 0, L_0xfba0b40;  alias, 1 drivers
v0xfb81070_0 .net "B", 0 0, L_0xfb9be20;  alias, 1 drivers
v0xfb81160_0 .net "Y", 0 0, L_0xfb9bff0;  alias, 1 drivers
v0xfb81230_0 .net *"_ivl_0", 0 0, L_0xfb9bed0;  1 drivers
S_0xfb81350 .scope module, "_129_" "NAND" 3 229, 2 20 0, S_0xfb4fa00;
 .timescale 0 0;
    .port_info 0 /INPUT 1 "A";
    .port_info 1 /INPUT 1 "B";
    .port_info 2 /OUTPUT 1 "Y";
L_0xfb9c080 .functor AND 1, L_0xfb9a290, L_0xfb9bd00, C4<1>, C4<1>;
L_0xfb9c1a0 .functor NOT 1, L_0xfb9c080, C4<0>, C4<0>, C4<0>;
v0xfb815a0_0 .net "A", 0 0, L_0xfb9a290;  alias, 1 drivers
v0xfb81690_0 .net "B", 0 0, L_0xfb9bd00;  alias, 1 drivers
v0xfb81780_0 .net "Y", 0 0, L_0xfb9c1a0;  alias, 1 drivers
v0xfb81820_0 .net *"_ivl_0", 0 0, L_0xfb9c080;  1 drivers
S_0xfb81960 .scope module, "_130_" "NOR" 3 234, 2 30 0, S_0xfb4fa00;
 .timescale 0 0;
    .port_info 0 /INPUT 1 "A";
    .port_info 1 /INPUT 1 "B";
    .port_info 2 /OUTPUT 1 "Y";
L_0xfb9c2c0 .functor OR 1, L_0xfbb13e0, L_0xfbb2940, C4<0>, C4<0>;
L_0xfb9c460 .functor NOT 1, L_0xfb9c2c0, C4<0>, C4<0>, C4<0>;
v0xfb81bb0_0 .net "A", 0 0, L_0xfbb13e0;  alias, 1 drivers
v0xfb81c70_0 .net "B", 0 0, L_0xfbb2940;  alias, 1 drivers
v0xfb81d30_0 .net "Y", 0 0, L_0xfb9c460;  alias, 1 drivers
v0xfb81e00_0 .net *"_ivl_0", 0 0, L_0xfb9c2c0;  1 drivers
S_0xfb81f40 .scope module, "_131_" "NAND" 3 239, 2 20 0, S_0xfb4fa00;
 .timescale 0 0;
    .port_info 0 /INPUT 1 "A";
    .port_info 1 /INPUT 1 "B";
    .port_info 2 /OUTPUT 1 "Y";
L_0xfb9c4f0 .functor AND 1, L_0xfb9a6f0, L_0xfb9a850, C4<1>, C4<1>;
L_0xfb9c690 .functor NOT 1, L_0xfb9c4f0, C4<0>, C4<0>, C4<0>;
v0xfb82140_0 .net "A", 0 0, L_0xfb9a6f0;  alias, 1 drivers
v0xfb82200_0 .net "B", 0 0, L_0xfb9a850;  alias, 1 drivers
v0xfb82310_0 .net "Y", 0 0, L_0xfb9c690;  alias, 1 drivers
v0xfb823b0_0 .net *"_ivl_0", 0 0, L_0xfb9c4f0;  1 drivers
S_0xfb824f0 .scope module, "_132_" "NOR" 3 244, 2 30 0, S_0xfb4fa00;
 .timescale 0 0;
    .port_info 0 /INPUT 1 "A";
    .port_info 1 /INPUT 1 "B";
    .port_info 2 /OUTPUT 1 "Y";
L_0xfb9c770 .functor OR 1, L_0xfbb28a0, L_0xfb9c690, C4<0>, C4<0>;
L_0xfb9c910 .functor NOT 1, L_0xfb9c770, C4<0>, C4<0>, C4<0>;
v0xfb82740_0 .net "A", 0 0, L_0xfbb28a0;  alias, 1 drivers
v0xfb82850_0 .net "B", 0 0, L_0xfb9c690;  alias, 1 drivers
v0xfb82910_0 .net "Y", 0 0, L_0xfb9c910;  alias, 1 drivers
v0xfb829e0_0 .net *"_ivl_0", 0 0, L_0xfb9c770;  1 drivers
S_0xfb82b00 .scope module, "_133_" "NAND" 3 249, 2 20 0, S_0xfb4fa00;
 .timescale 0 0;
    .port_info 0 /INPUT 1 "A";
    .port_info 1 /INPUT 1 "B";
    .port_info 2 /OUTPUT 1 "Y";
L_0xfb9c9f0 .functor AND 1, L_0xfb9a7a0, L_0xfb9c460, C4<1>, C4<1>;
L_0xfb9ca80 .functor NOT 1, L_0xfb9c9f0, C4<0>, C4<0>, C4<0>;
v0xfb82d50_0 .net "A", 0 0, L_0xfb9a7a0;  alias, 1 drivers
v0xfb82e60_0 .net "B", 0 0, L_0xfb9c460;  alias, 1 drivers
v0xfb82f20_0 .net "Y", 0 0, L_0xfb9ca80;  alias, 1 drivers
v0xfb82ff0_0 .net *"_ivl_0", 0 0, L_0xfb9c9f0;  1 drivers
S_0xfb83110 .scope module, "_134_" "NAND" 3 254, 2 20 0, S_0xfb4fa00;
 .timescale 0 0;
    .port_info 0 /INPUT 1 "A";
    .port_info 1 /INPUT 1 "B";
    .port_info 2 /OUTPUT 1 "Y";
L_0xfb9cb10 .functor AND 1, L_0xfb9a640, L_0xfb9c910, C4<1>, C4<1>;
L_0xfb9cba0 .functor NOT 1, L_0xfb9cb10, C4<0>, C4<0>, C4<0>;
v0xfb83360_0 .net "A", 0 0, L_0xfb9a640;  alias, 1 drivers
v0xfb83450_0 .net "B", 0 0, L_0xfb9c910;  alias, 1 drivers
v0xfb83520_0 .net "Y", 0 0, L_0xfb9cba0;  alias, 1 drivers
v0xfb835f0_0 .net *"_ivl_0", 0 0, L_0xfb9cb10;  1 drivers
S_0xfb83710 .scope module, "_135_" "NAND" 3 259, 2 20 0, S_0xfb4fa00;
 .timescale 0 0;
    .port_info 0 /INPUT 1 "A";
    .port_info 1 /INPUT 1 "B";
    .port_info 2 /OUTPUT 1 "Y";
L_0xfb9ccc0 .functor AND 1, L_0xfbb2450, L_0xfb9ca80, C4<1>, C4<1>;
L_0xfb9cd50 .functor NOT 1, L_0xfb9ccc0, C4<0>, C4<0>, C4<0>;
v0xfb83960_0 .net "A", 0 0, L_0xfbb2450;  alias, 1 drivers
v0xfb83a70_0 .net "B", 0 0, L_0xfb9ca80;  alias, 1 drivers
v0xfb83b30_0 .net "Y", 0 0, L_0xfb9cd50;  alias, 1 drivers
v0xfb83c00_0 .net *"_ivl_0", 0 0, L_0xfb9ccc0;  1 drivers
S_0xfb83d20 .scope module, "_136_" "NAND" 3 264, 2 20 0, S_0xfb4fa00;
 .timescale 0 0;
    .port_info 0 /INPUT 1 "A";
    .port_info 1 /INPUT 1 "B";
    .port_info 2 /OUTPUT 1 "Y";
L_0xfb9cde0 .functor AND 1, L_0xfb9cba0, L_0xfb9cd50, C4<1>, C4<1>;
L_0xfb9cf00 .functor NOT 1, L_0xfb9cde0, C4<0>, C4<0>, C4<0>;
v0xfb83f70_0 .net "A", 0 0, L_0xfb9cba0;  alias, 1 drivers
v0xfb84060_0 .net "B", 0 0, L_0xfb9cd50;  alias, 1 drivers
v0xfb84130_0 .net "Y", 0 0, L_0xfb9cf00;  alias, 1 drivers
v0xfb84200_0 .net *"_ivl_0", 0 0, L_0xfb9cde0;  1 drivers
S_0xfb84320 .scope module, "_137_" "NOT" 3 269, 2 11 0, S_0xfb4fa00;
 .timescale 0 0;
    .port_info 0 /INPUT 1 "A";
    .port_info 1 /OUTPUT 1 "Y";
L_0xfb9cf90 .functor NOT 1, L_0xfb9cf00, C4<0>, C4<0>, C4<0>;
v0xfb84760_0 .net "A", 0 0, L_0xfb9cf00;  alias, 1 drivers
v0xfb84850_0 .net "Y", 0 0, L_0xfb9cf90;  alias, 1 drivers
S_0xfb84950 .scope module, "_138_" "NOR" 3 273, 2 30 0, S_0xfb4fa00;
 .timescale 0 0;
    .port_info 0 /INPUT 1 "A";
    .port_info 1 /INPUT 1 "B";
    .port_info 2 /OUTPUT 1 "Y";
L_0xfb9d040 .functor OR 1, L_0xfb9c1a0, L_0xfb9cf00, C4<0>, C4<0>;
L_0xfb9d0d0 .functor NOT 1, L_0xfb9d040, C4<0>, C4<0>, C4<0>;
v0xfb84ba0_0 .net "A", 0 0, L_0xfb9c1a0;  alias, 1 drivers
v0xfb84c90_0 .net "B", 0 0, L_0xfb9cf00;  alias, 1 drivers
v0xfb84d80_0 .net "Y", 0 0, L_0xfb9d0d0;  alias, 1 drivers
v0xfb84e20_0 .net *"_ivl_0", 0 0, L_0xfb9d040;  1 drivers
S_0xfb84f60 .scope module, "_139_" "NAND" 3 278, 2 20 0, S_0xfb4fa00;
 .timescale 0 0;
    .port_info 0 /INPUT 1 "A";
    .port_info 1 /INPUT 1 "B";
    .port_info 2 /OUTPUT 1 "Y";
L_0xfb9d160 .functor AND 1, L_0xfb9bff0, L_0xfb9cf90, C4<1>, C4<1>;
L_0xfb9d280 .functor NOT 1, L_0xfb9d160, C4<0>, C4<0>, C4<0>;
v0xfb851b0_0 .net "A", 0 0, L_0xfb9bff0;  alias, 1 drivers
v0xfb852a0_0 .net "B", 0 0, L_0xfb9cf90;  alias, 1 drivers
v0xfb85370_0 .net "Y", 0 0, L_0xfb9d280;  alias, 1 drivers
v0xfb85440_0 .net *"_ivl_0", 0 0, L_0xfb9d160;  1 drivers
S_0xfb85560 .scope module, "_140_" "NOR" 3 283, 2 30 0, S_0xfb4fa00;
 .timescale 0 0;
    .port_info 0 /INPUT 1 "A";
    .port_info 1 /INPUT 1 "B";
    .port_info 2 /OUTPUT 1 "Y";
L_0xfb9d310 .functor OR 1, L_0xfb9b7d0, L_0xfb9d280, C4<0>, C4<0>;
L_0xfb9d3a0 .functor NOT 1, L_0xfb9d310, C4<0>, C4<0>, C4<0>;
v0xfb857b0_0 .net "A", 0 0, L_0xfb9b7d0;  alias, 1 drivers
v0xfb858a0_0 .net "B", 0 0, L_0xfb9d280;  alias, 1 drivers
v0xfb85970_0 .net "Y", 0 0, L_0xfb9d3a0;  alias, 1 drivers
v0xfb85a40_0 .net *"_ivl_0", 0 0, L_0xfb9d310;  1 drivers
S_0xfb85b60 .scope module, "_141_" "NOR" 3 288, 2 30 0, S_0xfb4fa00;
 .timescale 0 0;
    .port_info 0 /INPUT 1 "A";
    .port_info 1 /INPUT 1 "B";
    .port_info 2 /OUTPUT 1 "Y";
L_0xfb9d4d0 .functor OR 1, L_0xfb9bbc0, L_0xfb9d280, C4<0>, C4<0>;
L_0xfb9d5f0 .functor NOT 1, L_0xfb9d4d0, C4<0>, C4<0>, C4<0>;
v0xfb85db0_0 .net "A", 0 0, L_0xfb9bbc0;  alias, 1 drivers
v0xfb85ea0_0 .net "B", 0 0, L_0xfb9d280;  alias, 1 drivers
v0xfb85f90_0 .net "Y", 0 0, L_0xfb9d5f0;  alias, 1 drivers
v0xfb86030_0 .net *"_ivl_0", 0 0, L_0xfb9d4d0;  1 drivers
S_0xfb86170 .scope module, "_142_" "NAND" 3 293, 2 20 0, S_0xfb4fa00;
 .timescale 0 0;
    .port_info 0 /INPUT 1 "A";
    .port_info 1 /INPUT 1 "B";
    .port_info 2 /OUTPUT 1 "Y";
L_0xfb9d6d0 .functor AND 1, L_0xfb9a7a0, L_0xfb9b180, C4<1>, C4<1>;
L_0xfb9d870 .functor NOT 1, L_0xfb9d6d0, C4<0>, C4<0>, C4<0>;
v0xfb863c0_0 .net "A", 0 0, L_0xfb9a7a0;  alias, 1 drivers
v0xfb86480_0 .net "B", 0 0, L_0xfb9b180;  alias, 1 drivers
v0xfb86570_0 .net "Y", 0 0, L_0xfb9d870;  alias, 1 drivers
v0xfb86640_0 .net *"_ivl_0", 0 0, L_0xfb9d6d0;  1 drivers
S_0xfb86760 .scope module, "_143_" "NOR" 3 298, 2 30 0, S_0xfb4fa00;
 .timescale 0 0;
    .port_info 0 /INPUT 1 "A";
    .port_info 1 /INPUT 1 "B";
    .port_info 2 /OUTPUT 1 "Y";
L_0xfb9d990 .functor OR 1, L_0xfb9d280, L_0xfb9d870, C4<0>, C4<0>;
L_0xfb9db30 .functor NOT 1, L_0xfb9d990, C4<0>, C4<0>, C4<0>;
v0xfb869b0_0 .net "A", 0 0, L_0xfb9d280;  alias, 1 drivers
v0xfb86a70_0 .net "B", 0 0, L_0xfb9d870;  alias, 1 drivers
v0xfb86b60_0 .net "Y", 0 0, L_0xfb9db30;  alias, 1 drivers
v0xfb86c30_0 .net *"_ivl_0", 0 0, L_0xfb9d990;  1 drivers
S_0xfb86d50 .scope module, "_144_" "NOR" 3 303, 2 30 0, S_0xfb4fa00;
 .timescale 0 0;
    .port_info 0 /INPUT 1 "A";
    .port_info 1 /INPUT 1 "B";
    .port_info 2 /OUTPUT 1 "Y";
L_0xfb9dc10 .functor OR 1, L_0xfba0b40, L_0xfb9cba0, C4<0>, C4<0>;
L_0xfb9dca0 .functor NOT 1, L_0xfb9dc10, C4<0>, C4<0>, C4<0>;
v0xfb86fa0_0 .net "A", 0 0, L_0xfba0b40;  alias, 1 drivers
v0xfb87060_0 .net "B", 0 0, L_0xfb9cba0;  alias, 1 drivers
v0xfb87170_0 .net "Y", 0 0, L_0xfb9dca0;  alias, 1 drivers
v0xfb87210_0 .net *"_ivl_0", 0 0, L_0xfb9dc10;  1 drivers
S_0xfb87350 .scope module, "_145_" "NOR" 3 308, 2 30 0, S_0xfb4fa00;
 .timescale 0 0;
    .port_info 0 /INPUT 1 "A";
    .port_info 1 /INPUT 1 "B";
    .port_info 2 /OUTPUT 1 "Y";
L_0xfb9ddd0 .functor OR 1, L_0xfb9a640, L_0xfb9c1a0, C4<0>, C4<0>;
L_0xfb9de60 .functor NOT 1, L_0xfb9ddd0, C4<0>, C4<0>, C4<0>;
v0xfb875a0_0 .net "A", 0 0, L_0xfb9a640;  alias, 1 drivers
v0xfb876b0_0 .net "B", 0 0, L_0xfb9c1a0;  alias, 1 drivers
v0xfb877c0_0 .net "Y", 0 0, L_0xfb9de60;  alias, 1 drivers
v0xfb87860_0 .net *"_ivl_0", 0 0, L_0xfb9ddd0;  1 drivers
S_0xfb879a0 .scope module, "_146_" "NAND" 3 313, 2 20 0, S_0xfb4fa00;
 .timescale 0 0;
    .port_info 0 /INPUT 1 "A";
    .port_info 1 /INPUT 1 "B";
    .port_info 2 /OUTPUT 1 "Y";
L_0xfb9df40 .functor AND 1, L_0xfbb2450, L_0xfb9bff0, C4<1>, C4<1>;
L_0xfb9e0e0 .functor NOT 1, L_0xfb9df40, C4<0>, C4<0>, C4<0>;
v0xfb87bf0_0 .net "A", 0 0, L_0xfbb2450;  alias, 1 drivers
v0xfb87cb0_0 .net "B", 0 0, L_0xfb9bff0;  alias, 1 drivers
v0xfb87dc0_0 .net "Y", 0 0, L_0xfb9e0e0;  alias, 1 drivers
v0xfb87e60_0 .net *"_ivl_0", 0 0, L_0xfb9df40;  1 drivers
S_0xfb87fa0 .scope module, "_147_" "NAND" 3 318, 2 20 0, S_0xfb4fa00;
 .timescale 0 0;
    .port_info 0 /INPUT 1 "A";
    .port_info 1 /INPUT 1 "B";
    .port_info 2 /OUTPUT 1 "Y";
L_0xfb9e1c0 .functor AND 1, L_0xfb9bff0, L_0xfb9cf00, C4<1>, C4<1>;
L_0xfb9e470 .functor NOT 1, L_0xfb9e1c0, C4<0>, C4<0>, C4<0>;
v0xfb881f0_0 .net "A", 0 0, L_0xfb9bff0;  alias, 1 drivers
v0xfb882b0_0 .net "B", 0 0, L_0xfb9cf00;  alias, 1 drivers
v0xfb88370_0 .net "Y", 0 0, L_0xfb9e470;  alias, 1 drivers
v0xfb88410_0 .net *"_ivl_0", 0 0, L_0xfb9e1c0;  1 drivers
S_0xfb88550 .scope module, "_148_" "NAND" 3 323, 2 20 0, S_0xfb4fa00;
 .timescale 0 0;
    .port_info 0 /INPUT 1 "A";
    .port_info 1 /INPUT 1 "B";
    .port_info 2 /OUTPUT 1 "Y";
L_0xfb9e500 .functor AND 1, L_0xfbb28a0, L_0xfb9de60, C4<1>, C4<1>;
L_0xfb9e590 .functor NOT 1, L_0xfb9e500, C4<0>, C4<0>, C4<0>;
v0xfb887a0_0 .net "A", 0 0, L_0xfbb28a0;  alias, 1 drivers
v0xfb88860_0 .net "B", 0 0, L_0xfb9de60;  alias, 1 drivers
v0xfb88950_0 .net "Y", 0 0, L_0xfb9e590;  alias, 1 drivers
v0xfb88a20_0 .net *"_ivl_0", 0 0, L_0xfb9e500;  1 drivers
S_0xfb88b40 .scope module, "_149_" "NOR" 3 328, 2 30 0, S_0xfb4fa00;
 .timescale 0 0;
    .port_info 0 /INPUT 1 "A";
    .port_info 1 /INPUT 1 "B";
    .port_info 2 /OUTPUT 1 "Y";
L_0xfb9e620 .functor OR 1, L_0xfb9b5b0, L_0xfb9e590, C4<0>, C4<0>;
L_0xfb9e6b0 .functor NOT 1, L_0xfb9e620, C4<0>, C4<0>, C4<0>;
v0xfb88d90_0 .net "A", 0 0, L_0xfb9b5b0;  alias, 1 drivers
v0xfb88ea0_0 .net "B", 0 0, L_0xfb9e590;  alias, 1 drivers
v0xfb88f60_0 .net "Y", 0 0, L_0xfb9e6b0;  alias, 1 drivers
v0xfb89030_0 .net *"_ivl_0", 0 0, L_0xfb9e620;  1 drivers
S_0xfb89150 .scope module, "_150_" "NOR" 3 333, 2 30 0, S_0xfb4fa00;
 .timescale 0 0;
    .port_info 0 /INPUT 1 "A";
    .port_info 1 /INPUT 1 "B";
    .port_info 2 /OUTPUT 1 "Y";
L_0xfb9e7e0 .functor OR 1, L_0xfb9b980, L_0xfb9e590, C4<0>, C4<0>;
L_0xfb9e980 .functor NOT 1, L_0xfb9e7e0, C4<0>, C4<0>, C4<0>;
v0xfb893a0_0 .net "A", 0 0, L_0xfb9b980;  alias, 1 drivers
v0xfb894b0_0 .net "B", 0 0, L_0xfb9e590;  alias, 1 drivers
v0xfb895c0_0 .net "Y", 0 0, L_0xfb9e980;  alias, 1 drivers
v0xfb89660_0 .net *"_ivl_0", 0 0, L_0xfb9e7e0;  1 drivers
S_0xfb897a0 .scope module, "_151_" "NOR" 3 338, 2 30 0, S_0xfb4fa00;
 .timescale 0 0;
    .port_info 0 /INPUT 1 "A";
    .port_info 1 /INPUT 1 "B";
    .port_info 2 /OUTPUT 1 "Y";
L_0xfb9eab0 .functor OR 1, L_0xfb9b2f0, L_0xfb9e590, C4<0>, C4<0>;
L_0xfb9eb40 .functor NOT 1, L_0xfb9eab0, C4<0>, C4<0>, C4<0>;
v0xfb899f0_0 .net "A", 0 0, L_0xfb9b2f0;  alias, 1 drivers
v0xfb89ab0_0 .net "B", 0 0, L_0xfb9e590;  alias, 1 drivers
v0xfb89b50_0 .net "Y", 0 0, L_0xfb9eb40;  alias, 1 drivers
v0xfb89c20_0 .net *"_ivl_0", 0 0, L_0xfb9eab0;  1 drivers
S_0xfb89d60 .scope module, "_152_" "NOR" 3 343, 2 30 0, S_0xfb4fa00;
 .timescale 0 0;
    .port_info 0 /INPUT 1 "A";
    .port_info 1 /INPUT 1 "B";
    .port_info 2 /OUTPUT 1 "Y";
L_0xfb9ec70 .functor OR 1, L_0xfb9c690, L_0xfb9e590, C4<0>, C4<0>;
L_0xfb9ed00 .functor NOT 1, L_0xfb9ec70, C4<0>, C4<0>, C4<0>;
v0xfb89fb0_0 .net "A", 0 0, L_0xfb9c690;  alias, 1 drivers
v0xfb8a0c0_0 .net "B", 0 0, L_0xfb9e590;  alias, 1 drivers
v0xfb8a210_0 .net "Y", 0 0, L_0xfb9ed00;  alias, 1 drivers
v0xfb8a2b0_0 .net *"_ivl_0", 0 0, L_0xfb9ec70;  1 drivers
S_0xfb8a3f0 .scope module, "_153_" "NOR" 3 348, 2 30 0, S_0xfb4fa00;
 .timescale 0 0;
    .port_info 0 /INPUT 1 "A";
    .port_info 1 /INPUT 1 "B";
    .port_info 2 /OUTPUT 1 "Y";
L_0xfb9ee30 .functor OR 1, L_0xfb9b7d0, L_0xfb9e470, C4<0>, C4<0>;
L_0xfb9eec0 .functor NOT 1, L_0xfb9ee30, C4<0>, C4<0>, C4<0>;
v0xfb8a5f0_0 .net "A", 0 0, L_0xfb9b7d0;  alias, 1 drivers
v0xfb8a700_0 .net "B", 0 0, L_0xfb9e470;  alias, 1 drivers
v0xfb8a7c0_0 .net "Y", 0 0, L_0xfb9eec0;  alias, 1 drivers
v0xfb8a890_0 .net *"_ivl_0", 0 0, L_0xfb9ee30;  1 drivers
S_0xfb8a9b0 .scope module, "_154_" "NOR" 3 353, 2 30 0, S_0xfb4fa00;
 .timescale 0 0;
    .port_info 0 /INPUT 1 "A";
    .port_info 1 /INPUT 1 "B";
    .port_info 2 /OUTPUT 1 "Y";
L_0xfb9eff0 .functor OR 1, L_0xfb9d870, L_0xfb9e470, C4<0>, C4<0>;
L_0xfb9f080 .functor NOT 1, L_0xfb9eff0, C4<0>, C4<0>, C4<0>;
v0xfb8ac00_0 .net "A", 0 0, L_0xfb9d870;  alias, 1 drivers
v0xfb8ad10_0 .net "B", 0 0, L_0xfb9e470;  alias, 1 drivers
v0xfb8ae20_0 .net "Y", 0 0, L_0xfb9f080;  alias, 1 drivers
v0xfb8aec0_0 .net *"_ivl_0", 0 0, L_0xfb9eff0;  1 drivers
S_0xfb8b000 .scope module, "_155_" "NOR" 3 358, 2 30 0, S_0xfb4fa00;
 .timescale 0 0;
    .port_info 0 /INPUT 1 "A";
    .port_info 1 /INPUT 1 "B";
    .port_info 2 /OUTPUT 1 "Y";
L_0xfb9f1b0 .functor OR 1, L_0xfb9ca80, L_0xfb9e0e0, C4<0>, C4<0>;
L_0xfb9f240 .functor NOT 1, L_0xfb9f1b0, C4<0>, C4<0>, C4<0>;
v0xfb8b250_0 .net "A", 0 0, L_0xfb9ca80;  alias, 1 drivers
v0xfb8b360_0 .net "B", 0 0, L_0xfb9e0e0;  alias, 1 drivers
v0xfb8b420_0 .net "Y", 0 0, L_0xfb9f240;  alias, 1 drivers
v0xfb8b4c0_0 .net *"_ivl_0", 0 0, L_0xfb9f1b0;  1 drivers
S_0xfb8b5e0 .scope module, "_156_" "NAND" 3 363, 2 20 0, S_0xfb4fa00;
 .timescale 0 0;
    .port_info 0 /INPUT 1 "A";
    .port_info 1 /INPUT 1 "B";
    .port_info 2 /OUTPUT 1 "Y";
L_0xfb9f320 .functor AND 1, L_0xfbb28a0, L_0xfb9d0d0, C4<1>, C4<1>;
L_0xfb9f3b0 .functor NOT 1, L_0xfb9f320, C4<0>, C4<0>, C4<0>;
v0xfb8b830_0 .net "A", 0 0, L_0xfbb28a0;  alias, 1 drivers
v0xfb8b980_0 .net "B", 0 0, L_0xfb9d0d0;  alias, 1 drivers
v0xfb8ba70_0 .net "Y", 0 0, L_0xfb9f3b0;  alias, 1 drivers
v0xfb8bb40_0 .net *"_ivl_0", 0 0, L_0xfb9f320;  1 drivers
S_0xfb8bc60 .scope module, "_157_" "NOR" 3 368, 2 30 0, S_0xfb4fa00;
 .timescale 0 0;
    .port_info 0 /INPUT 1 "A";
    .port_info 1 /INPUT 1 "B";
    .port_info 2 /OUTPUT 1 "Y";
L_0xfb9f440 .functor OR 1, L_0xfb9b5b0, L_0xfb9f3b0, C4<0>, C4<0>;
L_0xfb9f5e0 .functor NOT 1, L_0xfb9f440, C4<0>, C4<0>, C4<0>;
v0xfb8be60_0 .net "A", 0 0, L_0xfb9b5b0;  alias, 1 drivers
v0xfb8bf20_0 .net "B", 0 0, L_0xfb9f3b0;  alias, 1 drivers
v0xfb8c010_0 .net "Y", 0 0, L_0xfb9f5e0;  alias, 1 drivers
v0xfb8c0e0_0 .net *"_ivl_0", 0 0, L_0xfb9f440;  1 drivers
S_0xfb8c200 .scope module, "_158_" "NOR" 3 373, 2 30 0, S_0xfb4fa00;
 .timescale 0 0;
    .port_info 0 /INPUT 1 "A";
    .port_info 1 /INPUT 1 "B";
    .port_info 2 /OUTPUT 1 "Y";
L_0xfb9f710 .functor OR 1, L_0xfb9b980, L_0xfb9f3b0, C4<0>, C4<0>;
L_0xfb9f9c0 .functor NOT 1, L_0xfb9f710, C4<0>, C4<0>, C4<0>;
v0xfb8c450_0 .net "A", 0 0, L_0xfb9b980;  alias, 1 drivers
v0xfb8c510_0 .net "B", 0 0, L_0xfb9f3b0;  alias, 1 drivers
v0xfb8c620_0 .net "Y", 0 0, L_0xfb9f9c0;  alias, 1 drivers
v0xfb8c6c0_0 .net *"_ivl_0", 0 0, L_0xfb9f710;  1 drivers
S_0xfb8c800 .scope module, "_159_" "NOR" 3 378, 2 30 0, S_0xfb4fa00;
 .timescale 0 0;
    .port_info 0 /INPUT 1 "A";
    .port_info 1 /INPUT 1 "B";
    .port_info 2 /OUTPUT 1 "Y";
L_0xfb9faf0 .functor OR 1, L_0xfb9b2f0, L_0xfb9f3b0, C4<0>, C4<0>;
L_0xfb9fb80 .functor NOT 1, L_0xfb9faf0, C4<0>, C4<0>, C4<0>;
v0xfb8ca50_0 .net "A", 0 0, L_0xfb9b2f0;  alias, 1 drivers
v0xfb8cb60_0 .net "B", 0 0, L_0xfb9f3b0;  alias, 1 drivers
v0xfb8cc20_0 .net "Y", 0 0, L_0xfb9fb80;  alias, 1 drivers
v0xfb8ccc0_0 .net *"_ivl_0", 0 0, L_0xfb9faf0;  1 drivers
S_0xfb8ce00 .scope module, "_160_" "NOR" 3 383, 2 30 0, S_0xfb4fa00;
 .timescale 0 0;
    .port_info 0 /INPUT 1 "A";
    .port_info 1 /INPUT 1 "B";
    .port_info 2 /OUTPUT 1 "Y";
L_0xfb9fcb0 .functor OR 1, L_0xfb9c690, L_0xfb9f3b0, C4<0>, C4<0>;
L_0xfb9fe50 .functor NOT 1, L_0xfb9fcb0, C4<0>, C4<0>, C4<0>;
v0xfb8d050_0 .net "A", 0 0, L_0xfb9c690;  alias, 1 drivers
v0xfb8d110_0 .net "B", 0 0, L_0xfb9f3b0;  alias, 1 drivers
v0xfb8d260_0 .net "Y", 0 0, L_0xfb9fe50;  alias, 1 drivers
v0xfb8d330_0 .net *"_ivl_0", 0 0, L_0xfb9fcb0;  1 drivers
S_0xfb8d470 .scope module, "_161_" "DFF" 3 388, 2 40 0, S_0xfb4fa00;
 .timescale 0 0;
    .port_info 0 /INPUT 1 "C";
    .port_info 1 /INPUT 1 "D";
    .port_info 2 /OUTPUT 1 "Q";
v0xfb8d6b0_0 .net "C", 0 0, o0x7fcc406f9408;  alias, 0 drivers
v0xfb8d790_0 .net "D", 0 0, L_0xfbb1230;  alias, 1 drivers
v0xfb8d850_0 .var "Q", 0 0;
E_0xfad6080 .event posedge, v0xfb8d6b0_0;
S_0xfb8d9a0 .scope module, "_162_" "DFF" 3 393, 2 40 0, S_0xfb4fa00;
 .timescale 0 0;
    .port_info 0 /INPUT 1 "C";
    .port_info 1 /INPUT 1 "D";
    .port_info 2 /OUTPUT 1 "Q";
v0xfb8dbf0_0 .net "C", 0 0, o0x7fcc406f9408;  alias, 0 drivers
v0xfb8dce0_0 .net "D", 0 0, L_0xfbb1480;  alias, 1 drivers
v0xfb8dd80_0 .var "Q", 0 0;
S_0xfb8ded0 .scope module, "_163_" "DFF" 3 398, 2 40 0, S_0xfb4fa00;
 .timescale 0 0;
    .port_info 0 /INPUT 1 "C";
    .port_info 1 /INPUT 1 "D";
    .port_info 2 /OUTPUT 1 "Q";
v0xfb8e120_0 .net "C", 0 0, o0x7fcc406f9408;  alias, 0 drivers
v0xfb8e230_0 .net "D", 0 0, L_0xfbb15e0;  alias, 1 drivers
v0xfb8e2f0_0 .var "Q", 0 0;
S_0xfb8e410 .scope module, "_164_" "DFF" 3 403, 2 40 0, S_0xfb4fa00;
 .timescale 0 0;
    .port_info 0 /INPUT 1 "C";
    .port_info 1 /INPUT 1 "D";
    .port_info 2 /OUTPUT 1 "Q";
v0xfb8e660_0 .net "C", 0 0, o0x7fcc406f9408;  alias, 0 drivers
v0xfb8e720_0 .net "D", 0 0, L_0xfbb1820;  alias, 1 drivers
v0xfb8e7e0_0 .var "Q", 0 0;
S_0xfb8e930 .scope module, "_165_" "DFF" 3 408, 2 40 0, S_0xfb4fa00;
 .timescale 0 0;
    .port_info 0 /INPUT 1 "C";
    .port_info 1 /INPUT 1 "D";
    .port_info 2 /OUTPUT 1 "Q";
v0xfb8eb80_0 .net "C", 0 0, o0x7fcc406f9408;  alias, 0 drivers
v0xfb8ecd0_0 .net "D", 0 0, L_0xfbb1890;  alias, 1 drivers
v0xfb8ed90_0 .var "Q", 0 0;
S_0xfb8eee0 .scope module, "_166_" "DFF" 3 413, 2 40 0, S_0xfb4fa00;
 .timescale 0 0;
    .port_info 0 /INPUT 1 "C";
    .port_info 1 /INPUT 1 "D";
    .port_info 2 /OUTPUT 1 "Q";
v0xfb8f0e0_0 .net "C", 0 0, o0x7fcc406f9408;  alias, 0 drivers
v0xfb8f1a0_0 .net "D", 0 0, L_0xfbb1990;  alias, 1 drivers
v0xfb8f260_0 .var "Q", 0 0;
S_0xfb8f3b0 .scope module, "_167_" "DFF" 3 418, 2 40 0, S_0xfb4fa00;
 .timescale 0 0;
    .port_info 0 /INPUT 1 "C";
    .port_info 1 /INPUT 1 "D";
    .port_info 2 /OUTPUT 1 "Q";
v0xfb8f600_0 .net "C", 0 0, o0x7fcc406f9408;  alias, 0 drivers
v0xfb8f6c0_0 .net "D", 0 0, L_0xfbb1a50;  alias, 1 drivers
v0xfb8f780_0 .var "Q", 0 0;
S_0xfb8f8d0 .scope module, "_168_" "DFF" 3 423, 2 40 0, S_0xfb4fa00;
 .timescale 0 0;
    .port_info 0 /INPUT 1 "C";
    .port_info 1 /INPUT 1 "D";
    .port_info 2 /OUTPUT 1 "Q";
v0xfb8fb20_0 .net "C", 0 0, o0x7fcc406f9408;  alias, 0 drivers
v0xfb8fbe0_0 .net "D", 0 0, L_0xfbb1b60;  alias, 1 drivers
v0xfb8fca0_0 .var "Q", 0 0;
S_0xfb8fdf0 .scope module, "_169_" "DFF" 3 428, 2 40 0, S_0xfb4fa00;
 .timescale 0 0;
    .port_info 0 /INPUT 1 "C";
    .port_info 1 /INPUT 1 "D";
    .port_info 2 /OUTPUT 1 "Q";
v0xfb90450_0 .net "C", 0 0, o0x7fcc406f9408;  alias, 0 drivers
v0xfb90510_0 .net "D", 0 0, L_0xfbb1c20;  alias, 1 drivers
v0xfb905d0_0 .var "Q", 0 0;
S_0xfb90720 .scope module, "_170_" "DFF" 3 433, 2 40 0, S_0xfb4fa00;
 .timescale 0 0;
    .port_info 0 /INPUT 1 "C";
    .port_info 1 /INPUT 1 "D";
    .port_info 2 /OUTPUT 1 "Q";
v0xfb90970_0 .net "C", 0 0, o0x7fcc406f9408;  alias, 0 drivers
v0xfb90a30_0 .net "D", 0 0, L_0xfbb1d40;  alias, 1 drivers
v0xfb90af0_0 .var "Q", 0 0;
S_0xfb90c40 .scope module, "_171_" "DFF" 3 438, 2 40 0, S_0xfb4fa00;
 .timescale 0 0;
    .port_info 0 /INPUT 1 "C";
    .port_info 1 /INPUT 1 "D";
    .port_info 2 /OUTPUT 1 "Q";
v0xfb90e90_0 .net "C", 0 0, o0x7fcc406f9408;  alias, 0 drivers
v0xfb90f50_0 .net "D", 0 0, L_0xfbb1db0;  alias, 1 drivers
v0xfb91010_0 .var "Q", 0 0;
S_0xfb91160 .scope module, "_172_" "DFF" 3 443, 2 40 0, S_0xfb4fa00;
 .timescale 0 0;
    .port_info 0 /INPUT 1 "C";
    .port_info 1 /INPUT 1 "D";
    .port_info 2 /OUTPUT 1 "Q";
v0xfb913b0_0 .net "C", 0 0, o0x7fcc406f9408;  alias, 0 drivers
v0xfb91470_0 .net "D", 0 0, L_0xfbb1ee0;  alias, 1 drivers
v0xfb91530_0 .var "Q", 0 0;
S_0xfb91680 .scope module, "_173_" "DFF" 3 448, 2 40 0, S_0xfb4fa00;
 .timescale 0 0;
    .port_info 0 /INPUT 1 "C";
    .port_info 1 /INPUT 1 "D";
    .port_info 2 /OUTPUT 1 "Q";
v0xfb918d0_0 .net "C", 0 0, o0x7fcc406f9408;  alias, 0 drivers
v0xfb91990_0 .net "D", 0 0, L_0xfbb1fa0;  alias, 1 drivers
v0xfb91a50_0 .var "Q", 0 0;
S_0xfb91ba0 .scope module, "_174_" "DFF" 3 453, 2 40 0, S_0xfb4fa00;
 .timescale 0 0;
    .port_info 0 /INPUT 1 "C";
    .port_info 1 /INPUT 1 "D";
    .port_info 2 /OUTPUT 1 "Q";
v0xfb91df0_0 .net "C", 0 0, o0x7fcc406f9408;  alias, 0 drivers
v0xfb91eb0_0 .net "D", 0 0, L_0xfbb1e70;  alias, 1 drivers
v0xfb91f70_0 .var "Q", 0 0;
S_0xfb920c0 .scope module, "_175_" "DFF" 3 458, 2 40 0, S_0xfb4fa00;
 .timescale 0 0;
    .port_info 0 /INPUT 1 "C";
    .port_info 1 /INPUT 1 "D";
    .port_info 2 /OUTPUT 1 "Q";
v0xfb92310_0 .net "C", 0 0, o0x7fcc406f9408;  alias, 0 drivers
v0xfb923d0_0 .net "D", 0 0, L_0xfbb2180;  alias, 1 drivers
v0xfb92490_0 .var "Q", 0 0;
S_0xfb925e0 .scope module, "_176_" "DFF" 3 463, 2 40 0, S_0xfb4fa00;
 .timescale 0 0;
    .port_info 0 /INPUT 1 "C";
    .port_info 1 /INPUT 1 "D";
    .port_info 2 /OUTPUT 1 "Q";
v0xfb92830_0 .net "C", 0 0, o0x7fcc406f9408;  alias, 0 drivers
v0xfb928f0_0 .net "D", 0 0, L_0xfbb22d0;  alias, 1 drivers
v0xfb929b0_0 .var "Q", 0 0;
S_0xfb92b00 .scope module, "_177_" "DFF" 3 468, 2 40 0, S_0xfb4fa00;
 .timescale 0 0;
    .port_info 0 /INPUT 1 "C";
    .port_info 1 /INPUT 1 "D";
    .port_info 2 /OUTPUT 1 "Q";
v0xfb92d50_0 .net "C", 0 0, o0x7fcc406f9408;  alias, 0 drivers
v0xfb92e10_0 .net "D", 0 0, L_0xfbb2390;  alias, 1 drivers
v0xfb92ed0_0 .var "Q", 0 0;
S_0xfb93020 .scope module, "_178_" "DFF" 3 473, 2 40 0, S_0xfb4fa00;
 .timescale 0 0;
    .port_info 0 /INPUT 1 "C";
    .port_info 1 /INPUT 1 "D";
    .port_info 2 /OUTPUT 1 "Q";
v0xfb93270_0 .net "C", 0 0, o0x7fcc406f9408;  alias, 0 drivers
v0xfb93330_0 .net "D", 0 0, L_0xfbb24f0;  alias, 1 drivers
v0xfb933f0_0 .var "Q", 0 0;
S_0xfb93540 .scope module, "_179_" "DFF" 3 478, 2 40 0, S_0xfb4fa00;
 .timescale 0 0;
    .port_info 0 /INPUT 1 "C";
    .port_info 1 /INPUT 1 "D";
    .port_info 2 /OUTPUT 1 "Q";
v0xfb93790_0 .net "C", 0 0, o0x7fcc406f9408;  alias, 0 drivers
v0xfb93850_0 .net "D", 0 0, L_0xfbb25b0;  alias, 1 drivers
v0xfb93910_0 .var "Q", 0 0;
S_0xfb93a60 .scope module, "_180_" "DFF" 3 483, 2 40 0, S_0xfb4fa00;
 .timescale 0 0;
    .port_info 0 /INPUT 1 "C";
    .port_info 1 /INPUT 1 "D";
    .port_info 2 /OUTPUT 1 "Q";
v0xfb93cb0_0 .net "C", 0 0, o0x7fcc406f9408;  alias, 0 drivers
v0xfb93d70_0 .net "D", 0 0, L_0xfbb2720;  alias, 1 drivers
v0xfb93e30_0 .var "Q", 0 0;
    .scope S_0xfb4b920;
T_0 ;
    %wait E_0xfad5eb0;
    %load/vec4 v0xfb56230_0;
    %flag_set/vec4 8;
    %jmp/0xz  T_0.0, 8;
    %pushi/vec4 1, 0, 1;
    %assign/vec4 v0xfb554c0_0, 0;
    %jmp T_0.1;
T_0.0 ;
    %load/vec4 v0xfb55eb0_0;
    %flag_set/vec4 8;
    %jmp/0xz  T_0.2, 8;
    %pushi/vec4 0, 0, 1;
    %assign/vec4 v0xfb554c0_0, 0;
    %jmp T_0.3;
T_0.2 ;
    %load/vec4 v0xfb02dc0_0;
    %assign/vec4 v0xfb554c0_0, 0;
T_0.3 ;
T_0.1 ;
    %jmp T_0;
    .thread T_0;
    .scope S_0xfb8d470;
T_1 ;
    %wait E_0xfad6080;
    %load/vec4 v0xfb8d790_0;
    %assign/vec4 v0xfb8d850_0, 0;
    %jmp T_1;
    .thread T_1;
    .scope S_0xfb8d9a0;
T_2 ;
    %wait E_0xfad6080;
    %load/vec4 v0xfb8dce0_0;
    %assign/vec4 v0xfb8dd80_0, 0;
    %jmp T_2;
    .thread T_2;
    .scope S_0xfb8ded0;
T_3 ;
    %wait E_0xfad6080;
    %load/vec4 v0xfb8e230_0;
    %assign/vec4 v0xfb8e2f0_0, 0;
    %jmp T_3;
    .thread T_3;
    .scope S_0xfb8e410;
T_4 ;
    %wait E_0xfad6080;
    %load/vec4 v0xfb8e720_0;
    %assign/vec4 v0xfb8e7e0_0, 0;
    %jmp T_4;
    .thread T_4;
    .scope S_0xfb8e930;
T_5 ;
    %wait E_0xfad6080;
    %load/vec4 v0xfb8ecd0_0;
    %assign/vec4 v0xfb8ed90_0, 0;
    %jmp T_5;
    .thread T_5;
    .scope S_0xfb8eee0;
T_6 ;
    %wait E_0xfad6080;
    %load/vec4 v0xfb8f1a0_0;
    %assign/vec4 v0xfb8f260_0, 0;
    %jmp T_6;
    .thread T_6;
    .scope S_0xfb8f3b0;
T_7 ;
    %wait E_0xfad6080;
    %load/vec4 v0xfb8f6c0_0;
    %assign/vec4 v0xfb8f780_0, 0;
    %jmp T_7;
    .thread T_7;
    .scope S_0xfb8f8d0;
T_8 ;
    %wait E_0xfad6080;
    %load/vec4 v0xfb8fbe0_0;
    %assign/vec4 v0xfb8fca0_0, 0;
    %jmp T_8;
    .thread T_8;
    .scope S_0xfb8fdf0;
T_9 ;
    %wait E_0xfad6080;
    %load/vec4 v0xfb90510_0;
    %assign/vec4 v0xfb905d0_0, 0;
    %jmp T_9;
    .thread T_9;
    .scope S_0xfb90720;
T_10 ;
    %wait E_0xfad6080;
    %load/vec4 v0xfb90a30_0;
    %assign/vec4 v0xfb90af0_0, 0;
    %jmp T_10;
    .thread T_10;
    .scope S_0xfb90c40;
T_11 ;
    %wait E_0xfad6080;
    %load/vec4 v0xfb90f50_0;
    %assign/vec4 v0xfb91010_0, 0;
    %jmp T_11;
    .thread T_11;
    .scope S_0xfb91160;
T_12 ;
    %wait E_0xfad6080;
    %load/vec4 v0xfb91470_0;
    %assign/vec4 v0xfb91530_0, 0;
    %jmp T_12;
    .thread T_12;
    .scope S_0xfb91680;
T_13 ;
    %wait E_0xfad6080;
    %load/vec4 v0xfb91990_0;
    %assign/vec4 v0xfb91a50_0, 0;
    %jmp T_13;
    .thread T_13;
    .scope S_0xfb91ba0;
T_14 ;
    %wait E_0xfad6080;
    %load/vec4 v0xfb91eb0_0;
    %assign/vec4 v0xfb91f70_0, 0;
    %jmp T_14;
    .thread T_14;
    .scope S_0xfb920c0;
T_15 ;
    %wait E_0xfad6080;
    %load/vec4 v0xfb923d0_0;
    %assign/vec4 v0xfb92490_0, 0;
    %jmp T_15;
    .thread T_15;
    .scope S_0xfb925e0;
T_16 ;
    %wait E_0xfad6080;
    %load/vec4 v0xfb928f0_0;
    %assign/vec4 v0xfb929b0_0, 0;
    %jmp T_16;
    .thread T_16;
    .scope S_0xfb92b00;
T_17 ;
    %wait E_0xfad6080;
    %load/vec4 v0xfb92e10_0;
    %assign/vec4 v0xfb92ed0_0, 0;
    %jmp T_17;
    .thread T_17;
    .scope S_0xfb93020;
T_18 ;
    %wait E_0xfad6080;
    %load/vec4 v0xfb93330_0;
    %assign/vec4 v0xfb933f0_0, 0;
    %jmp T_18;
    .thread T_18;
    .scope S_0xfb93540;
T_19 ;
    %wait E_0xfad6080;
    %load/vec4 v0xfb93850_0;
    %assign/vec4 v0xfb93910_0, 0;
    %jmp T_19;
    .thread T_19;
    .scope S_0xfb93a60;
T_20 ;
    %wait E_0xfad6080;
    %load/vec4 v0xfb93d70_0;
    %assign/vec4 v0xfb93e30_0, 0;
    %jmp T_20;
    .thread T_20;
# The file index is used to find the file name in the following table.
:file_names 4;
    "N/A";
    "<interactive>";
    "cmos_cells.v";
    "decoder_troj1_synth.v";
