#! /usr/local/bin/vvp
:ivl_version "13.0 (devel)" "(s20250103-64-gdad78d525)";
:ivl_delay_selection "TYPICAL";
:vpi_time_precision + 0;
:vpi_module "/usr/local/lib/ivl/system.vpi";
:vpi_module "/usr/local/lib/ivl/vhdl_sys.vpi";
:vpi_module "/usr/local/lib/ivl/vhdl_textio.vpi";
:vpi_module "/usr/local/lib/ivl/v2005_math.vpi";
:vpi_module "/usr/local/lib/ivl/va_math.vpi";
S_0x3ca447b0 .scope module, "main" "main" 2 1;
 .timescale 0 0;
S_0x3ca7b9b0 .scope module, "myand" "myand" 2 11;
 .timescale 0 0;
    .port_info 0 /INPUT 1 "x";
    .port_info 1 /INPUT 1 "y";
    .port_info 2 /OUTPUT 1 "z";
o0x7fde6c6f6018 .functor BUFZ 1, c4<z>; HiZ drive
o0x7fde6c6f6048 .functor BUFZ 1, c4<z>; HiZ drive
L_0x3ca89ca0 .functor AND 1, o0x7fde6c6f6018, o0x7fde6c6f6048, C4<1>, C4<1>;
v0x3ca7bb40_0 .net "x", 0 0, o0x7fde6c6f6018;  0 drivers
v0x3ca89ac0_0 .net "y", 0 0, o0x7fde6c6f6048;  0 drivers
v0x3ca89b80_0 .net "z", 0 0, L_0x3ca89ca0;  1 drivers
    .scope S_0x3ca447b0;
T_0 ;
    %vpi_call 2 5 "$display", "Hello, World" {0 0 0};
    %vpi_call 2 6 "$finish" {0 0 0};
    %end;
    .thread T_0;
# The file index is used to find the file name in the following table.
:file_names 3;
    "N/A";
    "<interactive>";
    "hello.sv";
