#! /usr/local/bin/vvp
:ivl_version "13.0 (devel)" "(s20250103-66-gd67d3323a)";
:ivl_delay_selection "TYPICAL";
:vpi_time_precision + 0;
:vpi_module "/usr/local/lib/ivl/system.vpi";
:vpi_module "/usr/local/lib/ivl/vhdl_sys.vpi";
:vpi_module "/usr/local/lib/ivl/vhdl_textio.vpi";
:vpi_module "/usr/local/lib/ivl/v2005_math.vpi";
:vpi_module "/usr/local/lib/ivl/va_math.vpi";
S_0x108667b0 .scope module, "BUF" "BUF" 2 2;
 .timescale 0 0;
    .port_info 0 /INPUT 1 "A";
    .port_info 1 /OUTPUT 1 "Y";
o0x7f5aa51dc018 .functor BUFZ 1, c4<z>; HiZ drive
L_0x109beb50 .functor BUFZ 1, o0x7f5aa51dc018, C4<0>, C4<0>, C4<0>;
v0x10967180_0 .net "A", 0 0, o0x7f5aa51dc018;  0 drivers
v0x1095b550_0 .net "Y", 0 0, L_0x109beb50;  1 drivers
S_0x1095c2c0 .scope module, "DFFSR" "DFFSR" 2 50;
 .timescale 0 0;
    .port_info 0 /INPUT 1 "C";
    .port_info 1 /INPUT 1 "D";
    .port_info 2 /OUTPUT 1 "Q";
    .port_info 3 /INPUT 1 "S";
    .port_info 4 /INPUT 1 "R";
o0x7f5aa51dc0d8 .functor BUFZ 1, c4<z>; HiZ drive
v0x108a0720_0 .net "C", 0 0, o0x7f5aa51dc0d8;  0 drivers
o0x7f5aa51dc108 .functor BUFZ 1, c4<z>; HiZ drive
v0x1096d760_0 .net "D", 0 0, o0x7f5aa51dc108;  0 drivers
v0x1096e150_0 .var "Q", 0 0;
o0x7f5aa51dc168 .functor BUFZ 1, c4<z>; HiZ drive
v0x1096e4d0_0 .net "R", 0 0, o0x7f5aa51dc168;  0 drivers
o0x7f5aa51dc198 .functor BUFZ 1, c4<z>; HiZ drive
v0x10960f50_0 .net "S", 0 0, o0x7f5aa51dc198;  0 drivers
E_0x1089ebe0 .event posedge, v0x1096e4d0_0, v0x10960f50_0, v0x108a0720_0;
S_0x1095d1c0 .scope module, "tb_decoder" "tb_decoder" 3 1;
 .timescale 0 0;
v0x109be800_0 .var "clk", 0 0;
v0x109be8c0_0 .var "in", 3 0;
v0x109be980_0 .net "out", 15 0, L_0x109c7bd0;  1 drivers
v0x109bea80_0 .var "reset", 0 0;
S_0x1095e0c0 .scope module, "dcd" "decoder" 3 8, 4 6 0, S_0x1095d1c0;
 .timescale 0 0;
    .port_info 0 /INPUT 1 "clk";
    .port_info 1 /INPUT 1 "reset";
    .port_info 2 /INPUT 4 "in";
    .port_info 3 /OUTPUT 16 "out";
L_0x109d8930 .functor BUFZ 1, L_0x109c1310, C4<0>, C4<0>, C4<0>;
L_0x109da9e0 .functor BUFZ 1, L_0x109c1880, C4<0>, C4<0>, C4<0>;
L_0x109daaa0 .functor BUFZ 1, L_0x109c1bf0, C4<0>, C4<0>, C4<0>;
L_0x109dab60 .functor BUFZ 1, L_0x109c2190, C4<0>, C4<0>, C4<0>;
L_0x109dac50 .functor BUFZ 1, L_0x109c2640, C4<0>, C4<0>, C4<0>;
L_0x109dad10 .functor BUFZ 1, L_0x109c2be0, C4<0>, C4<0>, C4<0>;
L_0x109dae10 .functor BUFZ 1, L_0x109c3180, C4<0>, C4<0>, C4<0>;
L_0x109daed0 .functor BUFZ 1, L_0x109c3400, C4<0>, C4<0>, C4<0>;
L_0x109dafe0 .functor BUFZ 1, L_0x109c3910, C4<0>, C4<0>, C4<0>;
L_0x109db0a0 .functor BUFZ 1, L_0x109c3be0, C4<0>, C4<0>, C4<0>;
L_0x109db1c0 .functor BUFZ 1, L_0x109c3da0, C4<0>, C4<0>, C4<0>;
L_0x109db230 .functor BUFZ 1, L_0x109c3f60, C4<0>, C4<0>, C4<0>;
L_0x109db360 .functor BUFZ 1, v0x109bea80_0, C4<0>, C4<0>, C4<0>;
L_0x109db420 .functor BUFZ 1, L_0x109c4740, C4<0>, C4<0>, C4<0>;
L_0x109db2f0 .functor BUFZ 1, L_0x109c4c10, C4<0>, C4<0>, C4<0>;
L_0x109db5b0 .functor BUFZ 1, L_0x109c5170, C4<0>, C4<0>, C4<0>;
L_0x109db700 .functor BUFZ 1, L_0x109c5790, C4<0>, C4<0>, C4<0>;
L_0x109db8b0 .functor BUFZ 1, L_0x109c58b0, C4<0>, C4<0>, C4<0>;
L_0x109da860 .functor BUFZ 1, L_0x109c5b00, C4<0>, C4<0>, C4<0>;
L_0x109da920 .functor BUFZ 1, L_0x109c5d00, C4<0>, C4<0>, C4<0>;
L_0x109dbe90 .functor BUFZ 1, L_0x109c5f00, C4<0>, C4<0>, C4<0>;
L_0x109dbf50 .functor BUFZ 1, L_0x109c6650, C4<0>, C4<0>, C4<0>;
L_0x109dc0d0 .functor BUFZ 1, L_0x109c6d60, C4<0>, C4<0>, C4<0>;
L_0x109dc190 .functor BUFZ 1, L_0x109c7230, C4<0>, C4<0>, C4<0>;
L_0x109dc320 .functor BUFZ 1, L_0x109c7b40, C4<0>, C4<0>, C4<0>;
v0x109b47e0_0 .net "_000_", 0 0, L_0x109c1310;  1 drivers
v0x109b48b0_0 .net "_001_", 0 0, L_0x109c1880;  1 drivers
v0x109b4980_0 .net "_002_", 0 0, L_0x109c1bf0;  1 drivers
v0x109b4a80_0 .net "_003_", 0 0, L_0x109c2190;  1 drivers
v0x109b4b50_0 .net "_004_", 0 0, L_0x109c2640;  1 drivers
v0x109b4c40_0 .net "_005_", 0 0, L_0x109c2be0;  1 drivers
v0x109b4d10_0 .net "_006_", 0 0, L_0x109c3180;  1 drivers
v0x109b4de0_0 .net "_007_", 0 0, L_0x109c3400;  1 drivers
v0x109b4eb0_0 .net "_008_", 0 0, L_0x109c3910;  1 drivers
v0x109b4f80_0 .net "_009_", 0 0, L_0x109c3be0;  1 drivers
v0x109b5050_0 .net "_010_", 0 0, L_0x109c3da0;  1 drivers
v0x109b5120_0 .net "_011_", 0 0, L_0x109c3f60;  1 drivers
v0x109b51f0_0 .net "_012_", 0 0, L_0x109c4740;  1 drivers
v0x109b52c0_0 .net "_013_", 0 0, L_0x109c4c10;  1 drivers
v0x109b5390_0 .net "_014_", 0 0, L_0x109c5170;  1 drivers
v0x109b5460_0 .net "_015_", 0 0, L_0x109c5790;  1 drivers
v0x109b5530_0 .net "_016_", 0 0, L_0x109c58b0;  1 drivers
v0x109b5600_0 .net "_017_", 0 0, L_0x109c5b00;  1 drivers
v0x109b56d0_0 .net "_018_", 0 0, L_0x109c5d00;  1 drivers
v0x109b57a0_0 .net "_019_", 0 0, L_0x109c5f00;  1 drivers
v0x109b5840_0 .net "_020_", 0 0, L_0x109c6650;  1 drivers
v0x109b58e0_0 .net "_021_", 0 0, L_0x109c6d60;  1 drivers
v0x109b59b0_0 .net "_022_", 0 0, L_0x109c7230;  1 drivers
v0x109b5a80_0 .net "_023_", 0 0, L_0x109c7b40;  1 drivers
v0x109b5b50_0 .net "_024_", 0 0, L_0x109dc3e0;  1 drivers
v0x109b5bf0_0 .net "_025_", 0 0, L_0x109dc720;  1 drivers
v0x109b5c90_0 .net "_026_", 0 0, L_0x109dc480;  1 drivers
v0x109b5d30_0 .net "_027_", 0 0, L_0x109dc680;  1 drivers
v0x109b5e60_0 .net "_028_", 0 0, L_0x109db7c0;  1 drivers
v0x109b5f30_0 .net "_029_", 0 0, L_0x109dba10;  1 drivers
v0x109b5fd0_0 .net "_030_", 0 0, L_0x109dbbf0;  1 drivers
v0x109b6070_0 .net "_031_", 0 0, L_0x109db970;  1 drivers
v0x109b6110_0 .net "_032_", 0 0, L_0x109dc930;  1 drivers
v0x109b6450_0 .net "_033_", 0 0, L_0x109dc9d0;  1 drivers
v0x109b6580_0 .net "_034_", 0 0, L_0x109dcbf0;  1 drivers
v0x109b6620_0 .net "_035_", 0 0, L_0x109dcc90;  1 drivers
v0x109b66c0_0 .net "_036_", 0 0, L_0x109c4980;  1 drivers
v0x109b6760_0 .net "_037_", 0 0, L_0x109c4d30;  1 drivers
v0x109b6800_0 .net "_038_", 0 0, L_0x109c4f30;  1 drivers
v0x109b68f0_0 .net "_039_", 0 0, L_0x109c53a0;  1 drivers
v0x109b69e0_0 .net "_040_", 0 0, L_0x109c5620;  1 drivers
v0x109b6ad0_0 .net "_041_", 0 0, L_0x109c60b0;  1 drivers
v0x109b6bc0_0 .net "_042_", 0 0, L_0x109c62f0;  1 drivers
v0x109b6cb0_0 .net "_043_", 0 0, L_0x109c6530;  1 drivers
v0x109b6d50_0 .net "_044_", 0 0, L_0x109c6880;  1 drivers
v0x109b6e40_0 .net "_045_", 0 0, L_0x109c6960;  1 drivers
v0x109b6f30_0 .net "_046_", 0 0, L_0x109c6b30;  1 drivers
v0x109b7020_0 .net "_047_", 0 0, L_0x109c6f10;  1 drivers
v0x109b70c0_0 .net "_048_", 0 0, L_0x109c7030;  1 drivers
v0x109b7160_0 .net "_049_", 0 0, L_0x109c73a0;  1 drivers
v0x109b7250_0 .net "_050_", 0 0, L_0x109c7480;  1 drivers
v0x109b7340_0 .net "_051_", 0 0, L_0x109c7870;  1 drivers
v0x109b7430_0 .net "_052_", 0 0, L_0x109c7990;  1 drivers
v0x109b7520_0 .net "_053_", 0 0, L_0x109bec20;  1 drivers
v0x109b7650_0 .net "_054_", 0 0, L_0x109bec90;  1 drivers
v0x109b76f0_0 .net "_055_", 0 0, L_0x109bed20;  1 drivers
v0x109b7790_0 .net "_056_", 0 0, L_0x109bedd0;  1 drivers
v0x109b7880_0 .net "_057_", 0 0, L_0x109bee80;  1 drivers
v0x109b7970_0 .net "_058_", 0 0, L_0x109bef80;  1 drivers
v0x109b7a60_0 .net "_059_", 0 0, L_0x109bf030;  1 drivers
v0x109b7b50_0 .net "_060_", 0 0, L_0x109bf170;  1 drivers
v0x109b7c40_0 .net "_061_", 0 0, L_0x109bf220;  1 drivers
v0x109b7d30_0 .net "_062_", 0 0, L_0x109bf2d0;  1 drivers
v0x109b7e20_0 .net "_063_", 0 0, L_0x109bf380;  1 drivers
v0x109b7f50_0 .net "_064_", 0 0, L_0x109bf550;  1 drivers
v0x109b8490_0 .net "_065_", 0 0, L_0x109bf5e0;  1 drivers
v0x109b8530_0 .net "_066_", 0 0, L_0x109bf720;  1 drivers
v0x109b85d0_0 .net "_067_", 0 0, L_0x109bf840;  1 drivers
v0x109b8670_0 .net "_068_", 0 0, L_0x109bfa10;  1 drivers
v0x109b8710_0 .net "_069_", 0 0, L_0x109bfce0;  1 drivers
v0x109b87b0_0 .net "_070_", 0 0, L_0x109bfe00;  1 drivers
v0x109b8850_0 .net "_071_", 0 0, L_0x109c0040;  1 drivers
v0x109b88f0_0 .net "_072_", 0 0, L_0x109c01f0;  1 drivers
v0x109b8a20_0 .net "_073_", 0 0, L_0x109c0280;  1 drivers
v0x109b8ac0_0 .net "_074_", 0 0, L_0x109c0450;  1 drivers
v0x109b8b60_0 .net "_075_", 0 0, L_0x109c0570;  1 drivers
v0x109b8c00_0 .net "_076_", 0 0, L_0x109c07a0;  1 drivers
v0x109b8ca0_0 .net "_077_", 0 0, L_0x109c08c0;  1 drivers
v0x109b8dd0_0 .net "_078_", 0 0, L_0x109c0a70;  1 drivers
v0x109b8e70_0 .net "_079_", 0 0, L_0x109c0b90;  1 drivers
v0x109b8f10_0 .net "_080_", 0 0, L_0x109c0cd0;  1 drivers
v0x109b8fb0_0 .net "_081_", 0 0, L_0x109c0f10;  1 drivers
v0x109b90e0_0 .net "_082_", 0 0, L_0x109c0fa0;  1 drivers
v0x109b9180_0 .net "_083_", 0 0, L_0x109c10e0;  1 drivers
v0x109b9220_0 .net "_084_", 0 0, L_0x109c1590;  1 drivers
v0x109b9350_0 .net "_085_", 0 0, L_0x109c1620;  1 drivers
v0x109b93f0_0 .net "_086_", 0 0, L_0x109c1760;  1 drivers
v0x109b9490_0 .net "_087_", 0 0, L_0x109c1a40;  1 drivers
v0x109b9530_0 .net "_088_", 0 0, L_0x109c1db0;  1 drivers
v0x109b95d0_0 .net "_089_", 0 0, L_0x109c2070;  1 drivers
v0x109b9670_0 .net "_090_", 0 0, L_0x109c2350;  1 drivers
v0x109b9710_0 .net "_091_", 0 0, L_0x109c2470;  1 drivers
v0x109b97b0_0 .net "_092_", 0 0, L_0x109c2840;  1 drivers
v0x109b9850_0 .net "_093_", 0 0, L_0x109c2a70;  1 drivers
v0x109b98f0_0 .net "_094_", 0 0, L_0x109c2de0;  1 drivers
v0x109b99e0_0 .net "_095_", 0 0, L_0x109c3010;  1 drivers
v0x109b9ad0_0 .net "_096_", 0 0, L_0x109c36d0;  1 drivers
v0x109b9c00_0 .net "_097_", 0 0, L_0x109c37f0;  1 drivers
v0x109b9ca0_0 .net "_098_", 0 0, L_0x109c4230;  1 drivers
v0x109b9d40_0 .net "_099_", 0 0, L_0x109c4460;  1 drivers
v0x109b9de0_0 .net "_100_", 0 0, L_0x109c45d0;  1 drivers
v0x109b9ed0_0 .net "_101_", 0 0, L_0x109c4860;  1 drivers
v0x109b9fc0_0 .net "_102_", 0 0, L_0x109db360;  1 drivers
v0x109ba060_0 .net "_112_", 0 0, L_0x109d8930;  1 drivers
v0x109ba100_0 .net "_113_", 0 0, L_0x109da9e0;  1 drivers
v0x109ba1a0_0 .net "_114_", 0 0, L_0x109daaa0;  1 drivers
v0x109ba240_0 .net "_115_", 0 0, L_0x109dab60;  1 drivers
v0x109ba2e0_0 .net "_116_", 0 0, L_0x109dac50;  1 drivers
v0x109ba380_0 .net "_117_", 0 0, L_0x109dad10;  1 drivers
v0x109ba420_0 .net "_118_", 0 0, L_0x109dae10;  1 drivers
v0x109ba4c0_0 .net "_119_", 0 0, L_0x109daed0;  1 drivers
v0x109ba560_0 .net "_120_", 0 0, L_0x109dafe0;  1 drivers
v0x109ba600_0 .net "_121_", 0 0, L_0x109db0a0;  1 drivers
v0x109ba6a0_0 .net "_122_", 0 0, L_0x109db1c0;  1 drivers
v0x109ba740_0 .net "_123_", 0 0, L_0x109db230;  1 drivers
v0x109ba7e0_0 .net "_124_", 0 0, L_0x109db420;  1 drivers
v0x109ba880_0 .net "_125_", 0 0, L_0x109db2f0;  1 drivers
v0x109ba920_0 .net "_126_", 0 0, L_0x109db5b0;  1 drivers
v0x109ba9c0_0 .net "_127_", 0 0, L_0x109db700;  1 drivers
v0x109baa60_0 .net "_128_", 0 0, L_0x109db8b0;  1 drivers
v0x109bab00_0 .net "_129_", 0 0, L_0x109da860;  1 drivers
v0x109baba0_0 .net "_130_", 0 0, L_0x109da920;  1 drivers
v0x109bac40_0 .net "_131_", 0 0, L_0x109dbe90;  1 drivers
v0x109bace0_0 .net "_132_", 0 0, L_0x109dbf50;  1 drivers
v0x109bad80_0 .net "_133_", 0 0, L_0x109dc0d0;  1 drivers
v0x109bae20_0 .net "_134_", 0 0, L_0x109dc190;  1 drivers
v0x109baec0_0 .net "_135_", 0 0, L_0x109dc320;  1 drivers
v0x109baf60_0 .net "_140_", 4 0, L_0x109c7ef0;  1 drivers
v0x109bb000_0 .net "_141_", 31 0, L_0x109dcec0;  1 drivers
v0x109bb8b0_0 .net "_142_", 31 0, L_0x109d8620;  1 drivers
v0x109bb950_0 .net "_143_", 31 0, L_0x109dd000;  1 drivers
v0x109bb9f0_0 .net "_144_", 3 0, L_0x109d9020;  1 drivers
v0x109bba90_0 .net "_145_", 3 0, L_0x109d90c0;  1 drivers
v0x109bbb30_0 .net "_149_", 4 0, L_0x109d98b0;  1 drivers
v0x109bbbd0_0 .net "_150_", 4 0, L_0x109dd2e0;  1 drivers
v0x109bbc70_0 .net "_151_", 31 0, L_0x109dd470;  1 drivers
v0x109bbd10_0 .net "_152_", 31 0, L_0x109dd760;  1 drivers
v0x109bbdb0_0 .net "_153_", 31 0, L_0x109dd8a0;  1 drivers
v0x109bbe50_0 .net *"_ivl_102", 0 0, L_0x109d9420;  1 drivers
v0x109bbef0_0 .net *"_ivl_104", 0 0, L_0x109d9580;  1 drivers
v0x109bbf90_0 .net *"_ivl_105", 1 0, L_0x109d9650;  1 drivers
L_0x7f5aa5193138 .functor BUFT 1, C4<1>, C4<0>, C4<0>, C4<0>;
v0x109bc030_0 .net/2u *"_ivl_109", 0 0, L_0x7f5aa5193138;  1 drivers
v0x109bc0d0_0 .net *"_ivl_111", 0 0, L_0x109d99f0;  1 drivers
v0x109bc170_0 .net *"_ivl_113", 0 0, L_0x109d9b70;  1 drivers
v0x109bc210_0 .net *"_ivl_119", 0 0, L_0x109d9c60;  1 drivers
v0x109bc2b0_0 .net *"_ivl_121", 0 0, L_0x109d9e20;  1 drivers
v0x109bc350_0 .net *"_ivl_122", 1 0, L_0x109d9f40;  1 drivers
v0x109bc3f0_0 .net *"_ivl_124", 14 0, L_0x109da180;  1 drivers
v0x109bc490_0 .net *"_ivl_126", 13 0, L_0x109da220;  1 drivers
L_0x7f5aa5193180 .functor BUFT 1, C4<00000000000000000000000000000>, C4<0>, C4<0>, C4<0>;
v0x109bc530_0 .net/2u *"_ivl_131", 28 0, L_0x7f5aa5193180;  1 drivers
v0x109bc5d0_0 .net *"_ivl_133", 14 0, L_0x109da420;  1 drivers
v0x109bc670_0 .net *"_ivl_135", 11 0, L_0x109da4c0;  1 drivers
L_0x7f5aa51931c8 .functor BUFT 1, C4<000000000000000000000000000>, C4<0>, C4<0>, C4<0>;
v0x109bc710_0 .net/2u *"_ivl_140", 26 0, L_0x7f5aa51931c8;  1 drivers
v0x109bc7b0_0 .net *"_ivl_142", 14 0, L_0x109da6d0;  1 drivers
v0x109bc850_0 .net *"_ivl_144", 7 0, L_0x109da770;  1 drivers
L_0x7f5aa5193210 .functor BUFT 1, C4<00000000000000000000000>, C4<0>, C4<0>, C4<0>;
v0x109bc910_0 .net/2u *"_ivl_149", 22 0, L_0x7f5aa5193210;  1 drivers
o0x7f5aa51e2e28 .functor BUFZ 3, c4<zzz>; HiZ drive
; Elide local net with no drivers, v0x109bc9f0_0 name=_ivl_227
o0x7f5aa51e2e58 .functor BUFZ 3, c4<zzz>; HiZ drive
; Elide local net with no drivers, v0x109bcad0_0 name=_ivl_230
o0x7f5aa51e2e88 .functor BUFZ 2, c4<zz>; HiZ drive
; Elide local net with no drivers, v0x109bcbb0_0 name=_ivl_233
o0x7f5aa51e2eb8 .functor BUFZ 1, c4<z>; HiZ drive
; Elide local net with no drivers, v0x109bcc90_0 name=_ivl_235
o0x7f5aa51e2ee8 .functor BUFZ 1, c4<z>; HiZ drive
; Elide local net with no drivers, v0x109bcd70_0 name=_ivl_238
o0x7f5aa51e2f18 .functor BUFZ 2, c4<zz>; HiZ drive
; Elide local net with no drivers, v0x109bce50_0 name=_ivl_240
o0x7f5aa51e2f48 .functor BUFZ 1, c4<z>; HiZ drive
; Elide local net with no drivers, v0x109bcf30_0 name=_ivl_243
o0x7f5aa51e2f78 .functor BUFZ 4, c4<zzzz>; HiZ drive
; Elide local net with no drivers, v0x109bd010_0 name=_ivl_245
L_0x7f5aa5193258 .functor BUFT 1, C4<z>, C4<0>, C4<0>, C4<0>;
v0x109bd0f0_0 .net *"_ivl_248", 0 0, L_0x7f5aa5193258;  1 drivers
o0x7f5aa51e2fd8 .functor BUFZ 8, c4<zzzzzzzz>; HiZ drive
; Elide local net with no drivers, v0x109bd1d0_0 name=_ivl_250
v0x109bd2b0_0 .net *"_ivl_54", 0 0, L_0x109c8020;  1 drivers
v0x109bd390_0 .net *"_ivl_55", 27 0, L_0x109c8160;  1 drivers
v0x109bd470_0 .net *"_ivl_57", 0 0, L_0x109c8240;  1 drivers
L_0x7f5aa5193018 .functor BUFT 1, C4<0000000000000000000000000000>, C4<0>, C4<0>, C4<0>;
v0x109bd550_0 .net/2u *"_ivl_62", 27 0, L_0x7f5aa5193018;  1 drivers
v0x109bd630_0 .net *"_ivl_65", 0 0, L_0x109d8370;  1 drivers
v0x109bd710_0 .net *"_ivl_66", 28 0, L_0x109d84e0;  1 drivers
L_0x7f5aa5193060 .functor BUFT 1, C4<0000000000000000000000000000>, C4<0>, C4<0>, C4<0>;
v0x109bd7f0_0 .net/2u *"_ivl_70", 27 0, L_0x7f5aa5193060;  1 drivers
v0x109bd8d0_0 .net *"_ivl_73", 2 0, L_0x109d8720;  1 drivers
v0x109bd9b0_0 .net *"_ivl_74", 30 0, L_0x109d87f0;  1 drivers
v0x109bda90_0 .net *"_ivl_76", 27 0, L_0x109d89a0;  1 drivers
v0x109bdb70_0 .net *"_ivl_78", 0 0, L_0x109d8a40;  1 drivers
L_0x7f5aa51930a8 .functor BUFT 1, C4<000000000000000000000000000>, C4<0>, C4<0>, C4<0>;
v0x109bdc50_0 .net/2u *"_ivl_83", 26 0, L_0x7f5aa51930a8;  1 drivers
v0x109bdd30_0 .net *"_ivl_86", 0 0, L_0x109d8be0;  1 drivers
v0x109bde10_0 .net *"_ivl_88", 0 0, L_0x109d8ce0;  1 drivers
v0x109bdef0_0 .net *"_ivl_89", 28 0, L_0x109d8e90;  1 drivers
v0x109bdfd0_0 .net *"_ivl_94", 0 0, L_0x109d9160;  1 drivers
L_0x7f5aa51930f0 .functor BUFT 1, C4<1>, C4<0>, C4<0>, C4<0>;
v0x109be0b0_0 .net/2u *"_ivl_95", 0 0, L_0x7f5aa51930f0;  1 drivers
v0x109be190_0 .net *"_ivl_97", 1 0, L_0x109d9230;  1 drivers
v0x109be270_0 .net "clk", 0 0, v0x109be800_0;  1 drivers
v0x109be310_0 .net "count", 3 0, L_0x109c7df0;  1 drivers
v0x109be3f0_0 .net "in", 3 0, v0x109be8c0_0;  1 drivers
v0x109be4d0_0 .net "in_r", 3 0, L_0x109c7d50;  1 drivers
v0x109be5b0_0 .net "out", 15 0, L_0x109c7bd0;  alias, 1 drivers
v0x109be690_0 .net "reset", 0 0, v0x109bea80_0;  1 drivers
LS_0x109c7bd0_0_0 .concat8 [ 1 1 1 1], v0x109b0e30_0, v0x109b1350_0, v0x109b1870_0, v0x109b1d90_0;
LS_0x109c7bd0_0_4 .concat8 [ 1 1 1 1], v0x109b0910_0, v0x109b03f0_0, v0x109afed0_0, v0x109af9b0_0;
LS_0x109c7bd0_0_8 .concat8 [ 1 1 1 1], v0x109af490_0, v0x109aef70_0, v0x109aea50_0, v0x109ae580_0;
LS_0x109c7bd0_0_12 .concat8 [ 1 1 1 1], v0x109adfd0_0, v0x109adae0_0, v0x109ad570_0, v0x109ad040_0;
L_0x109c7bd0 .concat8 [ 4 4 4 4], LS_0x109c7bd0_0_0, LS_0x109c7bd0_0_4, LS_0x109c7bd0_0_8, LS_0x109c7bd0_0_12;
L_0x109c7d50 .concat8 [ 1 1 1 1], v0x109b22b0_0, v0x109b27d0_0, v0x109b2cf0_0, v0x109b3210_0;
L_0x109c7df0 .concat8 [ 1 1 1 1], v0x109b3730_0, v0x109b3c50_0, v0x109b4170_0, v0x109b4690_0;
L_0x109c7ef0 .part/pv L_0x109c8020, 0, 1, 5;
L_0x109c8020 .part L_0x109c7d50, 0, 1;
L_0x109c8160 .part L_0x109d84e0, 1, 28;
L_0x109c8240 .part L_0x109d84e0, 0, 1;
L_0x109d8370 .part L_0x109c7df0, 0, 1;
L_0x109d84e0 .concat [ 1 28 0 0], L_0x109d8370, L_0x7f5aa5193018;
L_0x109d8620 .part/pv L_0x109d87f0, 1, 31, 32;
L_0x109d8720 .part L_0x109c7df0, 1, 3;
L_0x109d87f0 .concat [ 3 28 0 0], L_0x109d8720, L_0x7f5aa5193060;
L_0x109d89a0 .part L_0x109d8e90, 1, 28;
L_0x109d8a40 .part L_0x109d8e90, 0, 1;
L_0x109d8be0 .part L_0x109dcec0, 3, 1;
L_0x109d8ce0 .part L_0x109d8620, 0, 1;
L_0x109d8e90 .concat [ 1 1 27 0], L_0x109d8ce0, L_0x109d8be0, L_0x7f5aa51930a8;
L_0x109d9020 .part/pv L_0x109d9230, 0, 2, 4;
L_0x109d9160 .part L_0x109c7df0, 1, 1;
L_0x109d9230 .concat [ 1 1 0 0], L_0x7f5aa51930f0, L_0x109d9160;
L_0x109d90c0 .part/pv L_0x109d9650, 0, 2, 4;
L_0x109d9420 .part L_0x109c7df0, 1, 1;
L_0x109d9580 .part L_0x109d8620, 0, 1;
L_0x109d9650 .concat [ 1 1 0 0], L_0x109d9580, L_0x109d9420;
L_0x109d98b0 .part/pv L_0x7f5aa5193138, 4, 1, 5;
L_0x109d99f0 .part L_0x109d9f40, 1, 1;
L_0x109d9b70 .part L_0x109d9f40, 0, 1;
L_0x109d9c60 .part L_0x109dd2e0, 4, 1;
L_0x109d9e20 .part L_0x109d98b0, 0, 1;
L_0x109d9f40 .concat [ 1 1 0 0], L_0x109d9e20, L_0x109d9c60;
L_0x109da180 .part L_0x7f5aa5193180, 14, 15;
L_0x109da220 .part L_0x7f5aa5193180, 0, 14;
L_0x109da420 .part L_0x7f5aa51931c8, 12, 15;
L_0x109da4c0 .part L_0x7f5aa51931c8, 0, 12;
L_0x109da6d0 .part L_0x7f5aa5193210, 8, 15;
L_0x109da770 .part L_0x7f5aa5193210, 0, 8;
L_0x109db7c0 .part v0x109be8c0_0, 0, 1;
L_0x109dba10 .part v0x109be8c0_0, 1, 1;
L_0x109dbbf0 .part v0x109be8c0_0, 2, 1;
L_0x109db970 .part v0x109be8c0_0, 3, 1;
L_0x109dc3e0 .part L_0x109c7df0, 0, 1;
L_0x109dc480 .part L_0x109c7df0, 2, 1;
L_0x109dc680 .part L_0x109c7df0, 3, 1;
L_0x109dc720 .part L_0x109c7df0, 1, 1;
L_0x109dc930 .part L_0x109c7d50, 0, 1;
L_0x109dc9d0 .part L_0x109c7d50, 1, 1;
L_0x109dcbf0 .part L_0x109c7d50, 2, 1;
L_0x109dcc90 .part L_0x109c7d50, 3, 1;
L_0x109dcec0 .concat [ 1 3 28 0], L_0x109c8240, o0x7f5aa51e2e28, L_0x109c8160;
L_0x109dd000 .concat [ 1 3 28 0], L_0x109d8a40, o0x7f5aa51e2e58, L_0x109d89a0;
L_0x109dd2e0 .concat [ 1 2 1 1], L_0x109d9b70, o0x7f5aa51e2e88, L_0x109d99f0, o0x7f5aa51e2eb8;
L_0x109dd470 .concat [ 1 14 2 15], o0x7f5aa51e2ee8, L_0x109da220, o0x7f5aa51e2f18, L_0x109da180;
L_0x109dd760 .concat [ 1 12 4 15], o0x7f5aa51e2f48, L_0x109da4c0, o0x7f5aa51e2f78, L_0x109da420;
L_0x109dd8a0 .concat [ 1 8 8 15], L_0x7f5aa5193258, L_0x109da770, o0x7f5aa51e2fd8, L_0x109da6d0;
S_0x10960dc0 .scope module, "_159_" "NOT" 4 177, 2 11 0, S_0x1095e0c0;
 .timescale 0 0;
    .port_info 0 /INPUT 1 "A";
    .port_info 1 /OUTPUT 1 "Y";
L_0x109bec20 .functor NOT 1, L_0x109db360, C4<0>, C4<0>, C4<0>;
v0x1098d920_0 .net "A", 0 0, L_0x109db360;  alias, 1 drivers
v0x1098da00_0 .net "Y", 0 0, L_0x109bec20;  alias, 1 drivers
S_0x1095b3c0 .scope module, "_160_" "NOT" 4 181, 2 11 0, S_0x1095e0c0;
 .timescale 0 0;
    .port_info 0 /INPUT 1 "A";
    .port_info 1 /OUTPUT 1 "Y";
L_0x109bec90 .functor NOT 1, L_0x109db7c0, C4<0>, C4<0>, C4<0>;
v0x1098db70_0 .net "A", 0 0, L_0x109db7c0;  alias, 1 drivers
v0x1098dc50_0 .net "Y", 0 0, L_0x109bec90;  alias, 1 drivers
S_0x10963c60 .scope module, "_161_" "NOT" 4 185, 2 11 0, S_0x1095e0c0;
 .timescale 0 0;
    .port_info 0 /INPUT 1 "A";
    .port_info 1 /OUTPUT 1 "Y";
L_0x109bed20 .functor NOT 1, L_0x109dba10, C4<0>, C4<0>, C4<0>;
v0x1098de10_0 .net "A", 0 0, L_0x109dba10;  alias, 1 drivers
v0x1098ded0_0 .net "Y", 0 0, L_0x109bed20;  alias, 1 drivers
S_0x10964340 .scope module, "_162_" "NOT" 4 189, 2 11 0, S_0x1095e0c0;
 .timescale 0 0;
    .port_info 0 /INPUT 1 "A";
    .port_info 1 /OUTPUT 1 "Y";
L_0x109bedd0 .functor NOT 1, L_0x109dbbf0, C4<0>, C4<0>, C4<0>;
v0x1098e090_0 .net "A", 0 0, L_0x109dbbf0;  alias, 1 drivers
v0x1098e170_0 .net "Y", 0 0, L_0x109bedd0;  alias, 1 drivers
S_0x1095bb40 .scope module, "_163_" "NOT" 4 193, 2 11 0, S_0x1095e0c0;
 .timescale 0 0;
    .port_info 0 /INPUT 1 "A";
    .port_info 1 /OUTPUT 1 "Y";
L_0x109bee80 .functor NOT 1, L_0x109db970, C4<0>, C4<0>, C4<0>;
v0x1098e380_0 .net "A", 0 0, L_0x109db970;  alias, 1 drivers
v0x1098e460_0 .net "Y", 0 0, L_0x109bee80;  alias, 1 drivers
S_0x1098e580 .scope module, "_164_" "NOT" 4 197, 2 11 0, S_0x1095e0c0;
 .timescale 0 0;
    .port_info 0 /INPUT 1 "A";
    .port_info 1 /OUTPUT 1 "Y";
L_0x109bef80 .functor NOT 1, L_0x109dc3e0, C4<0>, C4<0>, C4<0>;
v0x1098e7b0_0 .net "A", 0 0, L_0x109dc3e0;  alias, 1 drivers
v0x1098e890_0 .net "Y", 0 0, L_0x109bef80;  alias, 1 drivers
S_0x1098e9b0 .scope module, "_165_" "NOT" 4 201, 2 11 0, S_0x1095e0c0;
 .timescale 0 0;
    .port_info 0 /INPUT 1 "A";
    .port_info 1 /OUTPUT 1 "Y";
L_0x109bf030 .functor NOT 1, L_0x109dc480, C4<0>, C4<0>, C4<0>;
v0x1098ebe0_0 .net "A", 0 0, L_0x109dc480;  alias, 1 drivers
v0x1098ecc0_0 .net "Y", 0 0, L_0x109bf030;  alias, 1 drivers
S_0x1098ede0 .scope module, "_166_" "NOT" 4 205, 2 11 0, S_0x1095e0c0;
 .timescale 0 0;
    .port_info 0 /INPUT 1 "A";
    .port_info 1 /OUTPUT 1 "Y";
L_0x109bf170 .functor NOT 1, L_0x109dc720, C4<0>, C4<0>, C4<0>;
v0x1098f010_0 .net "A", 0 0, L_0x109dc720;  alias, 1 drivers
v0x1098f0f0_0 .net "Y", 0 0, L_0x109bf170;  alias, 1 drivers
S_0x1098f210 .scope module, "_167_" "NOT" 4 209, 2 11 0, S_0x1095e0c0;
 .timescale 0 0;
    .port_info 0 /INPUT 1 "A";
    .port_info 1 /OUTPUT 1 "Y";
L_0x109bf220 .functor NOT 1, L_0x109dc930, C4<0>, C4<0>, C4<0>;
v0x1098f480_0 .net "A", 0 0, L_0x109dc930;  alias, 1 drivers
v0x1098f560_0 .net "Y", 0 0, L_0x109bf220;  alias, 1 drivers
S_0x1098f680 .scope module, "_168_" "NOT" 4 213, 2 11 0, S_0x1095e0c0;
 .timescale 0 0;
    .port_info 0 /INPUT 1 "A";
    .port_info 1 /OUTPUT 1 "Y";
L_0x109bf2d0 .functor NOT 1, L_0x109dc9d0, C4<0>, C4<0>, C4<0>;
v0x1098f8b0_0 .net "A", 0 0, L_0x109dc9d0;  alias, 1 drivers
v0x1098f990_0 .net "Y", 0 0, L_0x109bf2d0;  alias, 1 drivers
S_0x1098fab0 .scope module, "_169_" "NOT" 4 217, 2 11 0, S_0x1095e0c0;
 .timescale 0 0;
    .port_info 0 /INPUT 1 "A";
    .port_info 1 /OUTPUT 1 "Y";
L_0x109bf380 .functor NOT 1, L_0x109dcbf0, C4<0>, C4<0>, C4<0>;
v0x1098fce0_0 .net "A", 0 0, L_0x109dcbf0;  alias, 1 drivers
v0x1098fdc0_0 .net "Y", 0 0, L_0x109bf380;  alias, 1 drivers
S_0x1098fee0 .scope module, "_170_" "NOR" 4 221, 2 30 0, S_0x1095e0c0;
 .timescale 0 0;
    .port_info 0 /INPUT 1 "A";
    .port_info 1 /INPUT 1 "B";
    .port_info 2 /OUTPUT 1 "Y";
L_0x109bf430 .functor OR 1, L_0x109bf220, L_0x109dc9d0, C4<0>, C4<0>;
L_0x109bf550 .functor NOT 1, L_0x109bf430, C4<0>, C4<0>, C4<0>;
v0x109900c0_0 .net "A", 0 0, L_0x109bf220;  alias, 1 drivers
v0x10990180_0 .net "B", 0 0, L_0x109dc9d0;  alias, 1 drivers
v0x10990220_0 .net "Y", 0 0, L_0x109bf550;  alias, 1 drivers
v0x109902f0_0 .net *"_ivl_0", 0 0, L_0x109bf430;  1 drivers
S_0x10990410 .scope module, "_171_" "NOT" 4 226, 2 11 0, S_0x1095e0c0;
 .timescale 0 0;
    .port_info 0 /INPUT 1 "A";
    .port_info 1 /OUTPUT 1 "Y";
L_0x109bf5e0 .functor NOT 1, L_0x109bf550, C4<0>, C4<0>, C4<0>;
v0x10990640_0 .net "A", 0 0, L_0x109bf550;  alias, 1 drivers
v0x10990730_0 .net "Y", 0 0, L_0x109bf5e0;  alias, 1 drivers
S_0x10990830 .scope module, "_172_" "NAND" 4 230, 2 20 0, S_0x1095e0c0;
 .timescale 0 0;
    .port_info 0 /INPUT 1 "A";
    .port_info 1 /INPUT 1 "B";
    .port_info 2 /OUTPUT 1 "Y";
L_0x109bf690 .functor AND 1, L_0x109dc930, L_0x109dc9d0, C4<1>, C4<1>;
L_0x109bf720 .functor NOT 1, L_0x109bf690, C4<0>, C4<0>, C4<0>;
v0x10990a10_0 .net "A", 0 0, L_0x109dc930;  alias, 1 drivers
v0x10990b00_0 .net "B", 0 0, L_0x109dc9d0;  alias, 1 drivers
v0x10990bf0_0 .net "Y", 0 0, L_0x109bf720;  alias, 1 drivers
v0x10990c90_0 .net *"_ivl_0", 0 0, L_0x109bf690;  1 drivers
S_0x10990dd0 .scope module, "_173_" "NOT" 4 235, 2 11 0, S_0x1095e0c0;
 .timescale 0 0;
    .port_info 0 /INPUT 1 "A";
    .port_info 1 /OUTPUT 1 "Y";
L_0x109bf840 .functor NOT 1, L_0x109bf720, C4<0>, C4<0>, C4<0>;
v0x10991000_0 .net "A", 0 0, L_0x109bf720;  alias, 1 drivers
v0x109910f0_0 .net "Y", 0 0, L_0x109bf840;  alias, 1 drivers
S_0x109911f0 .scope module, "_174_" "NAND" 4 239, 2 20 0, S_0x1095e0c0;
 .timescale 0 0;
    .port_info 0 /INPUT 1 "A";
    .port_info 1 /INPUT 1 "B";
    .port_info 2 /OUTPUT 1 "Y";
L_0x109bf8f0 .functor AND 1, L_0x109dcbf0, L_0x109bf840, C4<1>, C4<1>;
L_0x109bfa10 .functor NOT 1, L_0x109bf8f0, C4<0>, C4<0>, C4<0>;
v0x109913d0_0 .net "A", 0 0, L_0x109dcbf0;  alias, 1 drivers
v0x109914c0_0 .net "B", 0 0, L_0x109bf840;  alias, 1 drivers
v0x10991590_0 .net "Y", 0 0, L_0x109bfa10;  alias, 1 drivers
v0x10991660_0 .net *"_ivl_0", 0 0, L_0x109bf8f0;  1 drivers
S_0x10991780 .scope module, "_175_" "NOR" 4 244, 2 30 0, S_0x1095e0c0;
 .timescale 0 0;
    .port_info 0 /INPUT 1 "A";
    .port_info 1 /INPUT 1 "B";
    .port_info 2 /OUTPUT 1 "Y";
L_0x109bfb30 .functor OR 1, L_0x109bef80, L_0x109bf170, C4<0>, C4<0>;
L_0x109bfce0 .functor NOT 1, L_0x109bfb30, C4<0>, C4<0>, C4<0>;
v0x10991960_0 .net "A", 0 0, L_0x109bef80;  alias, 1 drivers
v0x10991a50_0 .net "B", 0 0, L_0x109bf170;  alias, 1 drivers
v0x10991b20_0 .net "Y", 0 0, L_0x109bfce0;  alias, 1 drivers
v0x10991bf0_0 .net *"_ivl_0", 0 0, L_0x109bfb30;  1 drivers
S_0x10991d10 .scope module, "_176_" "NAND" 4 249, 2 20 0, S_0x1095e0c0;
 .timescale 0 0;
    .port_info 0 /INPUT 1 "A";
    .port_info 1 /INPUT 1 "B";
    .port_info 2 /OUTPUT 1 "Y";
L_0x109bfd70 .functor AND 1, L_0x109dc3e0, L_0x109dc720, C4<1>, C4<1>;
L_0x109bfe00 .functor NOT 1, L_0x109bfd70, C4<0>, C4<0>, C4<0>;
v0x10991ef0_0 .net "A", 0 0, L_0x109dc3e0;  alias, 1 drivers
v0x10991fe0_0 .net "B", 0 0, L_0x109dc720;  alias, 1 drivers
v0x109920b0_0 .net "Y", 0 0, L_0x109bfe00;  alias, 1 drivers
v0x10992180_0 .net *"_ivl_0", 0 0, L_0x109bfd70;  1 drivers
S_0x109922a0 .scope module, "_177_" "NAND" 4 254, 2 20 0, S_0x1095e0c0;
 .timescale 0 0;
    .port_info 0 /INPUT 1 "A";
    .port_info 1 /INPUT 1 "B";
    .port_info 2 /OUTPUT 1 "Y";
L_0x109bff20 .functor AND 1, L_0x109bf030, L_0x109bfe00, C4<1>, C4<1>;
L_0x109c0040 .functor NOT 1, L_0x109bff20, C4<0>, C4<0>, C4<0>;
v0x10992480_0 .net "A", 0 0, L_0x109bf030;  alias, 1 drivers
v0x10992570_0 .net "B", 0 0, L_0x109bfe00;  alias, 1 drivers
v0x10992640_0 .net "Y", 0 0, L_0x109c0040;  alias, 1 drivers
v0x10992710_0 .net *"_ivl_0", 0 0, L_0x109bff20;  1 drivers
S_0x10992830 .scope module, "_178_" "NOR" 4 259, 2 30 0, S_0x1095e0c0;
 .timescale 0 0;
    .port_info 0 /INPUT 1 "A";
    .port_info 1 /INPUT 1 "B";
    .port_info 2 /OUTPUT 1 "Y";
L_0x109c0160 .functor OR 1, L_0x109dc680, L_0x109c0040, C4<0>, C4<0>;
L_0x109c01f0 .functor NOT 1, L_0x109c0160, C4<0>, C4<0>, C4<0>;
v0x10992a10_0 .net "A", 0 0, L_0x109dc680;  alias, 1 drivers
v0x10992af0_0 .net "B", 0 0, L_0x109c0040;  alias, 1 drivers
v0x10992be0_0 .net "Y", 0 0, L_0x109c01f0;  alias, 1 drivers
v0x10992cb0_0 .net *"_ivl_0", 0 0, L_0x109c0160;  1 drivers
S_0x10992dd0 .scope module, "_179_" "NOT" 4 264, 2 11 0, S_0x1095e0c0;
 .timescale 0 0;
    .port_info 0 /INPUT 1 "A";
    .port_info 1 /OUTPUT 1 "Y";
L_0x109c0280 .functor NOT 1, L_0x109c01f0, C4<0>, C4<0>, C4<0>;
v0x10993000_0 .net "A", 0 0, L_0x109c01f0;  alias, 1 drivers
v0x109930f0_0 .net "Y", 0 0, L_0x109c0280;  alias, 1 drivers
S_0x109931f0 .scope module, "_180_" "NOR" 4 268, 2 30 0, S_0x1095e0c0;
 .timescale 0 0;
    .port_info 0 /INPUT 1 "A";
    .port_info 1 /INPUT 1 "B";
    .port_info 2 /OUTPUT 1 "Y";
L_0x109c0330 .functor OR 1, L_0x109db360, L_0x109c0280, C4<0>, C4<0>;
L_0x109c0450 .functor NOT 1, L_0x109c0330, C4<0>, C4<0>, C4<0>;
v0x10993440_0 .net "A", 0 0, L_0x109db360;  alias, 1 drivers
v0x10993530_0 .net "B", 0 0, L_0x109c0280;  alias, 1 drivers
v0x10993600_0 .net "Y", 0 0, L_0x109c0450;  alias, 1 drivers
v0x109936d0_0 .net *"_ivl_0", 0 0, L_0x109c0330;  1 drivers
S_0x109937f0 .scope module, "_181_" "NAND" 4 273, 2 20 0, S_0x1095e0c0;
 .timescale 0 0;
    .port_info 0 /INPUT 1 "A";
    .port_info 1 /INPUT 1 "B";
    .port_info 2 /OUTPUT 1 "Y";
L_0x109c04e0 .functor AND 1, L_0x109bec20, L_0x109c01f0, C4<1>, C4<1>;
L_0x109c0570 .functor NOT 1, L_0x109c04e0, C4<0>, C4<0>, C4<0>;
v0x10993a40_0 .net "A", 0 0, L_0x109bec20;  alias, 1 drivers
v0x10993b30_0 .net "B", 0 0, L_0x109c01f0;  alias, 1 drivers
v0x10993c20_0 .net "Y", 0 0, L_0x109c0570;  alias, 1 drivers
v0x10993cc0_0 .net *"_ivl_0", 0 0, L_0x109c04e0;  1 drivers
S_0x10993e00 .scope module, "_182_" "NOR" 4 278, 2 30 0, S_0x1095e0c0;
 .timescale 0 0;
    .port_info 0 /INPUT 1 "A";
    .port_info 1 /INPUT 1 "B";
    .port_info 2 /OUTPUT 1 "Y";
L_0x109c0600 .functor OR 1, L_0x109dc930, L_0x109dc9d0, C4<0>, C4<0>;
L_0x109c07a0 .functor NOT 1, L_0x109c0600, C4<0>, C4<0>, C4<0>;
v0x10994050_0 .net "A", 0 0, L_0x109dc930;  alias, 1 drivers
v0x10994160_0 .net "B", 0 0, L_0x109dc9d0;  alias, 1 drivers
v0x10994220_0 .net "Y", 0 0, L_0x109c07a0;  alias, 1 drivers
v0x109942c0_0 .net *"_ivl_0", 0 0, L_0x109c0600;  1 drivers
S_0x10994400 .scope module, "_183_" "NAND" 4 283, 2 20 0, S_0x1095e0c0;
 .timescale 0 0;
    .port_info 0 /INPUT 1 "A";
    .port_info 1 /INPUT 1 "B";
    .port_info 2 /OUTPUT 1 "Y";
L_0x109c0830 .functor AND 1, L_0x109bf380, L_0x109c07a0, C4<1>, C4<1>;
L_0x109c08c0 .functor NOT 1, L_0x109c0830, C4<0>, C4<0>, C4<0>;
v0x10994650_0 .net "A", 0 0, L_0x109bf380;  alias, 1 drivers
v0x10994740_0 .net "B", 0 0, L_0x109c07a0;  alias, 1 drivers
v0x10994810_0 .net "Y", 0 0, L_0x109c08c0;  alias, 1 drivers
v0x109948e0_0 .net *"_ivl_0", 0 0, L_0x109c0830;  1 drivers
S_0x10994a00 .scope module, "_184_" "NOR" 4 288, 2 30 0, S_0x1095e0c0;
 .timescale 0 0;
    .port_info 0 /INPUT 1 "A";
    .port_info 1 /INPUT 1 "B";
    .port_info 2 /OUTPUT 1 "Y";
L_0x109c0950 .functor OR 1, L_0x109dcc90, L_0x109c08c0, C4<0>, C4<0>;
L_0x109c0a70 .functor NOT 1, L_0x109c0950, C4<0>, C4<0>, C4<0>;
v0x10994c50_0 .net "A", 0 0, L_0x109dcc90;  alias, 1 drivers
v0x10994d30_0 .net "B", 0 0, L_0x109c08c0;  alias, 1 drivers
v0x10994e20_0 .net "Y", 0 0, L_0x109c0a70;  alias, 1 drivers
v0x10994ef0_0 .net *"_ivl_0", 0 0, L_0x109c0950;  1 drivers
S_0x10995010 .scope module, "_185_" "NOT" 4 293, 2 11 0, S_0x1095e0c0;
 .timescale 0 0;
    .port_info 0 /INPUT 1 "A";
    .port_info 1 /OUTPUT 1 "Y";
L_0x109c0b90 .functor NOT 1, L_0x109c0a70, C4<0>, C4<0>, C4<0>;
v0x10995240_0 .net "A", 0 0, L_0x109c0a70;  alias, 1 drivers
v0x10995330_0 .net "Y", 0 0, L_0x109c0b90;  alias, 1 drivers
S_0x10995430 .scope module, "_186_" "NAND" 4 297, 2 20 0, S_0x1095e0c0;
 .timescale 0 0;
    .port_info 0 /INPUT 1 "A";
    .port_info 1 /INPUT 1 "B";
    .port_info 2 /OUTPUT 1 "Y";
L_0x109c0c40 .functor AND 1, L_0x109dcc90, L_0x109c08c0, C4<1>, C4<1>;
L_0x109c0cd0 .functor NOT 1, L_0x109c0c40, C4<0>, C4<0>, C4<0>;
v0x10995680_0 .net "A", 0 0, L_0x109dcc90;  alias, 1 drivers
v0x10995770_0 .net "B", 0 0, L_0x109c08c0;  alias, 1 drivers
v0x10995860_0 .net "Y", 0 0, L_0x109c0cd0;  alias, 1 drivers
v0x10995900_0 .net *"_ivl_0", 0 0, L_0x109c0c40;  1 drivers
S_0x10995a40 .scope module, "_187_" "NAND" 4 302, 2 20 0, S_0x1095e0c0;
 .timescale 0 0;
    .port_info 0 /INPUT 1 "A";
    .port_info 1 /INPUT 1 "B";
    .port_info 2 /OUTPUT 1 "Y";
L_0x109c0d60 .functor AND 1, L_0x109c0b90, L_0x109c0cd0, C4<1>, C4<1>;
L_0x109c0f10 .functor NOT 1, L_0x109c0d60, C4<0>, C4<0>, C4<0>;
v0x10995c90_0 .net "A", 0 0, L_0x109c0b90;  alias, 1 drivers
v0x10995d80_0 .net "B", 0 0, L_0x109c0cd0;  alias, 1 drivers
v0x10995e50_0 .net "Y", 0 0, L_0x109c0f10;  alias, 1 drivers
v0x10995f20_0 .net *"_ivl_0", 0 0, L_0x109c0d60;  1 drivers
S_0x10996040 .scope module, "_188_" "NOT" 4 307, 2 11 0, S_0x1095e0c0;
 .timescale 0 0;
    .port_info 0 /INPUT 1 "A";
    .port_info 1 /OUTPUT 1 "Y";
L_0x109c0fa0 .functor NOT 1, L_0x109c0f10, C4<0>, C4<0>, C4<0>;
v0x10996270_0 .net "A", 0 0, L_0x109c0f10;  alias, 1 drivers
v0x10996360_0 .net "Y", 0 0, L_0x109c0fa0;  alias, 1 drivers
S_0x10996460 .scope module, "_189_" "NAND" 4 311, 2 20 0, S_0x1095e0c0;
 .timescale 0 0;
    .port_info 0 /INPUT 1 "A";
    .port_info 1 /INPUT 1 "B";
    .port_info 2 /OUTPUT 1 "Y";
L_0x109c1050 .functor AND 1, L_0x109c0450, L_0x109c0f10, C4<1>, C4<1>;
L_0x109c10e0 .functor NOT 1, L_0x109c1050, C4<0>, C4<0>, C4<0>;
v0x109966b0_0 .net "A", 0 0, L_0x109c0450;  alias, 1 drivers
v0x109967a0_0 .net "B", 0 0, L_0x109c0f10;  alias, 1 drivers
v0x10996890_0 .net "Y", 0 0, L_0x109c10e0;  alias, 1 drivers
v0x10996930_0 .net *"_ivl_0", 0 0, L_0x109c1050;  1 drivers
S_0x10996a70 .scope module, "_190_" "NOR" 4 316, 2 30 0, S_0x1095e0c0;
 .timescale 0 0;
    .port_info 0 /INPUT 1 "A";
    .port_info 1 /INPUT 1 "B";
    .port_info 2 /OUTPUT 1 "Y";
L_0x109c1280 .functor OR 1, L_0x109bfa10, L_0x109c10e0, C4<0>, C4<0>;
L_0x109c1310 .functor NOT 1, L_0x109c1280, C4<0>, C4<0>, C4<0>;
v0x10996cc0_0 .net "A", 0 0, L_0x109bfa10;  alias, 1 drivers
v0x10996db0_0 .net "B", 0 0, L_0x109c10e0;  alias, 1 drivers
v0x10996e80_0 .net "Y", 0 0, L_0x109c1310;  alias, 1 drivers
v0x10996f50_0 .net *"_ivl_0", 0 0, L_0x109c1280;  1 drivers
S_0x10997070 .scope module, "_191_" "NOR" 4 321, 2 30 0, S_0x1095e0c0;
 .timescale 0 0;
    .port_info 0 /INPUT 1 "A";
    .port_info 1 /INPUT 1 "B";
    .port_info 2 /OUTPUT 1 "Y";
L_0x109c13f0 .functor OR 1, L_0x109dc930, L_0x109bf2d0, C4<0>, C4<0>;
L_0x109c1590 .functor NOT 1, L_0x109c13f0, C4<0>, C4<0>, C4<0>;
v0x109974d0_0 .net "A", 0 0, L_0x109dc930;  alias, 1 drivers
v0x10997590_0 .net "B", 0 0, L_0x109bf2d0;  alias, 1 drivers
v0x10997680_0 .net "Y", 0 0, L_0x109c1590;  alias, 1 drivers
v0x10997750_0 .net *"_ivl_0", 0 0, L_0x109c13f0;  1 drivers
S_0x10997870 .scope module, "_192_" "NOT" 4 326, 2 11 0, S_0x1095e0c0;
 .timescale 0 0;
    .port_info 0 /INPUT 1 "A";
    .port_info 1 /OUTPUT 1 "Y";
L_0x109c1620 .functor NOT 1, L_0x109c1590, C4<0>, C4<0>, C4<0>;
v0x10997aa0_0 .net "A", 0 0, L_0x109c1590;  alias, 1 drivers
v0x10997b90_0 .net "Y", 0 0, L_0x109c1620;  alias, 1 drivers
S_0x10997c90 .scope module, "_193_" "NAND" 4 330, 2 20 0, S_0x1095e0c0;
 .timescale 0 0;
    .port_info 0 /INPUT 1 "A";
    .port_info 1 /INPUT 1 "B";
    .port_info 2 /OUTPUT 1 "Y";
L_0x109c16d0 .functor AND 1, L_0x109dcbf0, L_0x109c1590, C4<1>, C4<1>;
L_0x109c1760 .functor NOT 1, L_0x109c16d0, C4<0>, C4<0>, C4<0>;
v0x10997ee0_0 .net "A", 0 0, L_0x109dcbf0;  alias, 1 drivers
v0x10997ff0_0 .net "B", 0 0, L_0x109c1590;  alias, 1 drivers
v0x10998100_0 .net "Y", 0 0, L_0x109c1760;  alias, 1 drivers
v0x109981a0_0 .net *"_ivl_0", 0 0, L_0x109c16d0;  1 drivers
S_0x109982e0 .scope module, "_194_" "NOR" 4 335, 2 30 0, S_0x1095e0c0;
 .timescale 0 0;
    .port_info 0 /INPUT 1 "A";
    .port_info 1 /INPUT 1 "B";
    .port_info 2 /OUTPUT 1 "Y";
L_0x109c17f0 .functor OR 1, L_0x109c10e0, L_0x109c1760, C4<0>, C4<0>;
L_0x109c1880 .functor NOT 1, L_0x109c17f0, C4<0>, C4<0>, C4<0>;
v0x10998530_0 .net "A", 0 0, L_0x109c10e0;  alias, 1 drivers
v0x10998640_0 .net "B", 0 0, L_0x109c1760;  alias, 1 drivers
v0x10998700_0 .net "Y", 0 0, L_0x109c1880;  alias, 1 drivers
v0x109987a0_0 .net *"_ivl_0", 0 0, L_0x109c17f0;  1 drivers
S_0x109988c0 .scope module, "_195_" "NAND" 4 340, 2 20 0, S_0x1095e0c0;
 .timescale 0 0;
    .port_info 0 /INPUT 1 "A";
    .port_info 1 /INPUT 1 "B";
    .port_info 2 /OUTPUT 1 "Y";
L_0x109c19b0 .functor AND 1, L_0x109dcbf0, L_0x109bf550, C4<1>, C4<1>;
L_0x109c1a40 .functor NOT 1, L_0x109c19b0, C4<0>, C4<0>, C4<0>;
v0x10998b10_0 .net "A", 0 0, L_0x109dcbf0;  alias, 1 drivers
v0x10998bd0_0 .net "B", 0 0, L_0x109bf550;  alias, 1 drivers
v0x10998ce0_0 .net "Y", 0 0, L_0x109c1a40;  alias, 1 drivers
v0x10998d80_0 .net *"_ivl_0", 0 0, L_0x109c19b0;  1 drivers
S_0x10998ec0 .scope module, "_196_" "NOR" 4 345, 2 30 0, S_0x1095e0c0;
 .timescale 0 0;
    .port_info 0 /INPUT 1 "A";
    .port_info 1 /INPUT 1 "B";
    .port_info 2 /OUTPUT 1 "Y";
L_0x109c1b60 .functor OR 1, L_0x109c10e0, L_0x109c1a40, C4<0>, C4<0>;
L_0x109c1bf0 .functor NOT 1, L_0x109c1b60, C4<0>, C4<0>, C4<0>;
v0x10999110_0 .net "A", 0 0, L_0x109c10e0;  alias, 1 drivers
v0x109991d0_0 .net "B", 0 0, L_0x109c1a40;  alias, 1 drivers
v0x109992c0_0 .net "Y", 0 0, L_0x109c1bf0;  alias, 1 drivers
v0x10999390_0 .net *"_ivl_0", 0 0, L_0x109c1b60;  1 drivers
S_0x109994b0 .scope module, "_197_" "NAND" 4 350, 2 20 0, S_0x1095e0c0;
 .timescale 0 0;
    .port_info 0 /INPUT 1 "A";
    .port_info 1 /INPUT 1 "B";
    .port_info 2 /OUTPUT 1 "Y";
L_0x109c1d20 .functor AND 1, L_0x109dcbf0, L_0x109c07a0, C4<1>, C4<1>;
L_0x109c1db0 .functor NOT 1, L_0x109c1d20, C4<0>, C4<0>, C4<0>;
v0x10999700_0 .net "A", 0 0, L_0x109dcbf0;  alias, 1 drivers
v0x109997c0_0 .net "B", 0 0, L_0x109c07a0;  alias, 1 drivers
v0x10999880_0 .net "Y", 0 0, L_0x109c1db0;  alias, 1 drivers
v0x10999920_0 .net *"_ivl_0", 0 0, L_0x109c1d20;  1 drivers
S_0x10999a60 .scope module, "_198_" "NAND" 4 355, 2 20 0, S_0x1095e0c0;
 .timescale 0 0;
    .port_info 0 /INPUT 1 "A";
    .port_info 1 /INPUT 1 "B";
    .port_info 2 /OUTPUT 1 "Y";
L_0x109c1ed0 .functor AND 1, L_0x109dcc90, L_0x109c0450, C4<1>, C4<1>;
L_0x109c2070 .functor NOT 1, L_0x109c1ed0, C4<0>, C4<0>, C4<0>;
v0x10999cb0_0 .net "A", 0 0, L_0x109dcc90;  alias, 1 drivers
v0x10999dc0_0 .net "B", 0 0, L_0x109c0450;  alias, 1 drivers
v0x10999ed0_0 .net "Y", 0 0, L_0x109c2070;  alias, 1 drivers
v0x10999f70_0 .net *"_ivl_0", 0 0, L_0x109c1ed0;  1 drivers
S_0x1099a0b0 .scope module, "_199_" "NOR" 4 360, 2 30 0, S_0x1095e0c0;
 .timescale 0 0;
    .port_info 0 /INPUT 1 "A";
    .port_info 1 /INPUT 1 "B";
    .port_info 2 /OUTPUT 1 "Y";
L_0x109c2100 .functor OR 1, L_0x109c1db0, L_0x109c2070, C4<0>, C4<0>;
L_0x109c2190 .functor NOT 1, L_0x109c2100, C4<0>, C4<0>, C4<0>;
v0x1099a300_0 .net "A", 0 0, L_0x109c1db0;  alias, 1 drivers
v0x1099a3c0_0 .net "B", 0 0, L_0x109c2070;  alias, 1 drivers
v0x1099a490_0 .net "Y", 0 0, L_0x109c2190;  alias, 1 drivers
v0x1099a560_0 .net *"_ivl_0", 0 0, L_0x109c2100;  1 drivers
S_0x1099a680 .scope module, "_200_" "NOR" 4 365, 2 30 0, S_0x1095e0c0;
 .timescale 0 0;
    .port_info 0 /INPUT 1 "A";
    .port_info 1 /INPUT 1 "B";
    .port_info 2 /OUTPUT 1 "Y";
L_0x109c22c0 .functor OR 1, L_0x109dcbf0, L_0x109bf720, C4<0>, C4<0>;
L_0x109c2350 .functor NOT 1, L_0x109c22c0, C4<0>, C4<0>, C4<0>;
v0x1099a8d0_0 .net "A", 0 0, L_0x109dcbf0;  alias, 1 drivers
v0x1099a990_0 .net "B", 0 0, L_0x109bf720;  alias, 1 drivers
v0x1099aaa0_0 .net "Y", 0 0, L_0x109c2350;  alias, 1 drivers
v0x1099ab40_0 .net *"_ivl_0", 0 0, L_0x109c22c0;  1 drivers
S_0x1099ac80 .scope module, "_201_" "NOT" 4 370, 2 11 0, S_0x1095e0c0;
 .timescale 0 0;
    .port_info 0 /INPUT 1 "A";
    .port_info 1 /OUTPUT 1 "Y";
L_0x109c2470 .functor NOT 1, L_0x109c2350, C4<0>, C4<0>, C4<0>;
v0x1099aeb0_0 .net "A", 0 0, L_0x109c2350;  alias, 1 drivers
v0x1099afa0_0 .net "Y", 0 0, L_0x109c2470;  alias, 1 drivers
S_0x1099b0a0 .scope module, "_202_" "NOR" 4 374, 2 30 0, S_0x1095e0c0;
 .timescale 0 0;
    .port_info 0 /INPUT 1 "A";
    .port_info 1 /INPUT 1 "B";
    .port_info 2 /OUTPUT 1 "Y";
L_0x109c2520 .functor OR 1, L_0x109c10e0, L_0x109c2470, C4<0>, C4<0>;
L_0x109c2640 .functor NOT 1, L_0x109c2520, C4<0>, C4<0>, C4<0>;
v0x1099b2f0_0 .net "A", 0 0, L_0x109c10e0;  alias, 1 drivers
v0x1099b440_0 .net "B", 0 0, L_0x109c2470;  alias, 1 drivers
v0x1099b530_0 .net "Y", 0 0, L_0x109c2640;  alias, 1 drivers
v0x1099b600_0 .net *"_ivl_0", 0 0, L_0x109c2520;  1 drivers
S_0x1099b720 .scope module, "_203_" "NOR" 4 379, 2 30 0, S_0x1095e0c0;
 .timescale 0 0;
    .port_info 0 /INPUT 1 "A";
    .port_info 1 /INPUT 1 "B";
    .port_info 2 /OUTPUT 1 "Y";
L_0x109c2720 .functor OR 1, L_0x109dcbf0, L_0x109c1620, C4<0>, C4<0>;
L_0x109c2840 .functor NOT 1, L_0x109c2720, C4<0>, C4<0>, C4<0>;
v0x1099b920_0 .net "A", 0 0, L_0x109dcbf0;  alias, 1 drivers
v0x1099b9e0_0 .net "B", 0 0, L_0x109c1620;  alias, 1 drivers
v0x1099bad0_0 .net "Y", 0 0, L_0x109c2840;  alias, 1 drivers
v0x1099bba0_0 .net *"_ivl_0", 0 0, L_0x109c2720;  1 drivers
S_0x1099bcc0 .scope module, "_204_" "NAND" 4 384, 2 20 0, S_0x1095e0c0;
 .timescale 0 0;
    .port_info 0 /INPUT 1 "A";
    .port_info 1 /INPUT 1 "B";
    .port_info 2 /OUTPUT 1 "Y";
L_0x109c28d0 .functor AND 1, L_0x109bf380, L_0x109c1590, C4<1>, C4<1>;
L_0x109c2a70 .functor NOT 1, L_0x109c28d0, C4<0>, C4<0>, C4<0>;
v0x1099bf10_0 .net "A", 0 0, L_0x109bf380;  alias, 1 drivers
v0x1099c020_0 .net "B", 0 0, L_0x109c1590;  alias, 1 drivers
v0x1099c0e0_0 .net "Y", 0 0, L_0x109c2a70;  alias, 1 drivers
v0x1099c180_0 .net *"_ivl_0", 0 0, L_0x109c28d0;  1 drivers
S_0x1099c2c0 .scope module, "_205_" "NOR" 4 389, 2 30 0, S_0x1095e0c0;
 .timescale 0 0;
    .port_info 0 /INPUT 1 "A";
    .port_info 1 /INPUT 1 "B";
    .port_info 2 /OUTPUT 1 "Y";
L_0x109c2b50 .functor OR 1, L_0x109c10e0, L_0x109c2a70, C4<0>, C4<0>;
L_0x109c2be0 .functor NOT 1, L_0x109c2b50, C4<0>, C4<0>, C4<0>;
v0x1099c510_0 .net "A", 0 0, L_0x109c10e0;  alias, 1 drivers
v0x1099c5d0_0 .net "B", 0 0, L_0x109c2a70;  alias, 1 drivers
v0x1099c6c0_0 .net "Y", 0 0, L_0x109c2be0;  alias, 1 drivers
v0x1099c790_0 .net *"_ivl_0", 0 0, L_0x109c2b50;  1 drivers
S_0x1099c8b0 .scope module, "_206_" "NOR" 4 394, 2 30 0, S_0x1095e0c0;
 .timescale 0 0;
    .port_info 0 /INPUT 1 "A";
    .port_info 1 /INPUT 1 "B";
    .port_info 2 /OUTPUT 1 "Y";
L_0x109c2cc0 .functor OR 1, L_0x109dcbf0, L_0x109bf5e0, C4<0>, C4<0>;
L_0x109c2de0 .functor NOT 1, L_0x109c2cc0, C4<0>, C4<0>, C4<0>;
v0x1099cb00_0 .net "A", 0 0, L_0x109dcbf0;  alias, 1 drivers
v0x1099cbc0_0 .net "B", 0 0, L_0x109bf5e0;  alias, 1 drivers
v0x1099ccb0_0 .net "Y", 0 0, L_0x109c2de0;  alias, 1 drivers
v0x1099cd80_0 .net *"_ivl_0", 0 0, L_0x109c2cc0;  1 drivers
S_0x1099cea0 .scope module, "_207_" "NAND" 4 399, 2 20 0, S_0x1095e0c0;
 .timescale 0 0;
    .port_info 0 /INPUT 1 "A";
    .port_info 1 /INPUT 1 "B";
    .port_info 2 /OUTPUT 1 "Y";
L_0x109c2e70 .functor AND 1, L_0x109bf380, L_0x109bf550, C4<1>, C4<1>;
L_0x109c3010 .functor NOT 1, L_0x109c2e70, C4<0>, C4<0>, C4<0>;
v0x1099d0f0_0 .net "A", 0 0, L_0x109bf380;  alias, 1 drivers
v0x1099d1b0_0 .net "B", 0 0, L_0x109bf550;  alias, 1 drivers
v0x1099d270_0 .net "Y", 0 0, L_0x109c3010;  alias, 1 drivers
v0x1099d340_0 .net *"_ivl_0", 0 0, L_0x109c2e70;  1 drivers
S_0x1099d480 .scope module, "_208_" "NOR" 4 404, 2 30 0, S_0x1095e0c0;
 .timescale 0 0;
    .port_info 0 /INPUT 1 "A";
    .port_info 1 /INPUT 1 "B";
    .port_info 2 /OUTPUT 1 "Y";
L_0x109c30f0 .functor OR 1, L_0x109c10e0, L_0x109c3010, C4<0>, C4<0>;
L_0x109c3180 .functor NOT 1, L_0x109c30f0, C4<0>, C4<0>, C4<0>;
v0x1099d6d0_0 .net "A", 0 0, L_0x109c10e0;  alias, 1 drivers
v0x1099d790_0 .net "B", 0 0, L_0x109c3010;  alias, 1 drivers
v0x1099d880_0 .net "Y", 0 0, L_0x109c3180;  alias, 1 drivers
v0x1099d950_0 .net *"_ivl_0", 0 0, L_0x109c30f0;  1 drivers
S_0x1099da70 .scope module, "_209_" "NOR" 4 409, 2 30 0, S_0x1095e0c0;
 .timescale 0 0;
    .port_info 0 /INPUT 1 "A";
    .port_info 1 /INPUT 1 "B";
    .port_info 2 /OUTPUT 1 "Y";
L_0x109c3260 .functor OR 1, L_0x109c08c0, L_0x109c2070, C4<0>, C4<0>;
L_0x109c3400 .functor NOT 1, L_0x109c3260, C4<0>, C4<0>, C4<0>;
v0x1099dcc0_0 .net "A", 0 0, L_0x109c08c0;  alias, 1 drivers
v0x1099dd80_0 .net "B", 0 0, L_0x109c2070;  alias, 1 drivers
v0x1099de90_0 .net "Y", 0 0, L_0x109c3400;  alias, 1 drivers
v0x1099df30_0 .net *"_ivl_0", 0 0, L_0x109c3260;  1 drivers
S_0x1099e070 .scope module, "_210_" "NOR" 4 414, 2 30 0, S_0x1095e0c0;
 .timescale 0 0;
    .port_info 0 /INPUT 1 "A";
    .port_info 1 /INPUT 1 "B";
    .port_info 2 /OUTPUT 1 "Y";
L_0x109c3530 .functor OR 1, L_0x109c0570, L_0x109c0f10, C4<0>, C4<0>;
L_0x109c36d0 .functor NOT 1, L_0x109c3530, C4<0>, C4<0>, C4<0>;
v0x1099e2c0_0 .net "A", 0 0, L_0x109c0570;  alias, 1 drivers
v0x1099e3b0_0 .net "B", 0 0, L_0x109c0f10;  alias, 1 drivers
v0x1099e450_0 .net "Y", 0 0, L_0x109c36d0;  alias, 1 drivers
v0x1099e520_0 .net *"_ivl_0", 0 0, L_0x109c3530;  1 drivers
S_0x1099e660 .scope module, "_211_" "NAND" 4 419, 2 20 0, S_0x1095e0c0;
 .timescale 0 0;
    .port_info 0 /INPUT 1 "A";
    .port_info 1 /INPUT 1 "B";
    .port_info 2 /OUTPUT 1 "Y";
L_0x109c3760 .functor AND 1, L_0x109c0450, L_0x109c0fa0, C4<1>, C4<1>;
L_0x109c37f0 .functor NOT 1, L_0x109c3760, C4<0>, C4<0>, C4<0>;
v0x1099e8b0_0 .net "A", 0 0, L_0x109c0450;  alias, 1 drivers
v0x1099e970_0 .net "B", 0 0, L_0x109c0fa0;  alias, 1 drivers
v0x1099ea60_0 .net "Y", 0 0, L_0x109c37f0;  alias, 1 drivers
v0x1099eb30_0 .net *"_ivl_0", 0 0, L_0x109c3760;  1 drivers
S_0x1099ec50 .scope module, "_212_" "NOR" 4 424, 2 30 0, S_0x1095e0c0;
 .timescale 0 0;
    .port_info 0 /INPUT 1 "A";
    .port_info 1 /INPUT 1 "B";
    .port_info 2 /OUTPUT 1 "Y";
L_0x109c3880 .functor OR 1, L_0x109bfa10, L_0x109c37f0, C4<0>, C4<0>;
L_0x109c3910 .functor NOT 1, L_0x109c3880, C4<0>, C4<0>, C4<0>;
v0x1099eea0_0 .net "A", 0 0, L_0x109bfa10;  alias, 1 drivers
v0x1099efb0_0 .net "B", 0 0, L_0x109c37f0;  alias, 1 drivers
v0x1099f070_0 .net "Y", 0 0, L_0x109c3910;  alias, 1 drivers
v0x1099f140_0 .net *"_ivl_0", 0 0, L_0x109c3880;  1 drivers
S_0x1099f260 .scope module, "_213_" "NOR" 4 429, 2 30 0, S_0x1095e0c0;
 .timescale 0 0;
    .port_info 0 /INPUT 1 "A";
    .port_info 1 /INPUT 1 "B";
    .port_info 2 /OUTPUT 1 "Y";
L_0x109c3a40 .functor OR 1, L_0x109c1760, L_0x109c37f0, C4<0>, C4<0>;
L_0x109c3be0 .functor NOT 1, L_0x109c3a40, C4<0>, C4<0>, C4<0>;
v0x1099f4b0_0 .net "A", 0 0, L_0x109c1760;  alias, 1 drivers
v0x1099f5c0_0 .net "B", 0 0, L_0x109c37f0;  alias, 1 drivers
v0x1099f6d0_0 .net "Y", 0 0, L_0x109c3be0;  alias, 1 drivers
v0x1099f770_0 .net *"_ivl_0", 0 0, L_0x109c3a40;  1 drivers
S_0x1099f8b0 .scope module, "_214_" "NOR" 4 434, 2 30 0, S_0x1095e0c0;
 .timescale 0 0;
    .port_info 0 /INPUT 1 "A";
    .port_info 1 /INPUT 1 "B";
    .port_info 2 /OUTPUT 1 "Y";
L_0x109c3d10 .functor OR 1, L_0x109c1a40, L_0x109c37f0, C4<0>, C4<0>;
L_0x109c3da0 .functor NOT 1, L_0x109c3d10, C4<0>, C4<0>, C4<0>;
v0x1099fb00_0 .net "A", 0 0, L_0x109c1a40;  alias, 1 drivers
v0x1099fc10_0 .net "B", 0 0, L_0x109c37f0;  alias, 1 drivers
v0x1099fcd0_0 .net "Y", 0 0, L_0x109c3da0;  alias, 1 drivers
v0x1099fd70_0 .net *"_ivl_0", 0 0, L_0x109c3d10;  1 drivers
S_0x1099feb0 .scope module, "_215_" "NOR" 4 439, 2 30 0, S_0x1095e0c0;
 .timescale 0 0;
    .port_info 0 /INPUT 1 "A";
    .port_info 1 /INPUT 1 "B";
    .port_info 2 /OUTPUT 1 "Y";
L_0x109c3ed0 .functor OR 1, L_0x109c1db0, L_0x109c37f0, C4<0>, C4<0>;
L_0x109c3f60 .functor NOT 1, L_0x109c3ed0, C4<0>, C4<0>, C4<0>;
v0x109a0100_0 .net "A", 0 0, L_0x109c1db0;  alias, 1 drivers
v0x109a0210_0 .net "B", 0 0, L_0x109c37f0;  alias, 1 drivers
v0x109a0360_0 .net "Y", 0 0, L_0x109c3f60;  alias, 1 drivers
v0x109a0400_0 .net *"_ivl_0", 0 0, L_0x109c3ed0;  1 drivers
S_0x109a0540 .scope module, "_216_" "NOR" 4 444, 2 30 0, S_0x1095e0c0;
 .timescale 0 0;
    .port_info 0 /INPUT 1 "A";
    .port_info 1 /INPUT 1 "B";
    .port_info 2 /OUTPUT 1 "Y";
L_0x109c4090 .functor OR 1, L_0x109db360, L_0x109c01f0, C4<0>, C4<0>;
L_0x109c4230 .functor NOT 1, L_0x109c4090, C4<0>, C4<0>, C4<0>;
v0x109a0740_0 .net "A", 0 0, L_0x109db360;  alias, 1 drivers
v0x109a0850_0 .net "B", 0 0, L_0x109c01f0;  alias, 1 drivers
v0x109a0910_0 .net "Y", 0 0, L_0x109c4230;  alias, 1 drivers
v0x109a09b0_0 .net *"_ivl_0", 0 0, L_0x109c4090;  1 drivers
S_0x109a0af0 .scope module, "_217_" "NAND" 4 449, 2 20 0, S_0x1095e0c0;
 .timescale 0 0;
    .port_info 0 /INPUT 1 "A";
    .port_info 1 /INPUT 1 "B";
    .port_info 2 /OUTPUT 1 "Y";
L_0x109c42c0 .functor AND 1, L_0x109dc3e0, L_0x109c4230, C4<1>, C4<1>;
L_0x109c4460 .functor NOT 1, L_0x109c42c0, C4<0>, C4<0>, C4<0>;
v0x109a0d40_0 .net "A", 0 0, L_0x109dc3e0;  alias, 1 drivers
v0x109a0e50_0 .net "B", 0 0, L_0x109c4230;  alias, 1 drivers
v0x109a0f10_0 .net "Y", 0 0, L_0x109c4460;  alias, 1 drivers
v0x109a0fb0_0 .net *"_ivl_0", 0 0, L_0x109c42c0;  1 drivers
S_0x109a10d0 .scope module, "_218_" "NAND" 4 454, 2 20 0, S_0x1095e0c0;
 .timescale 0 0;
    .port_info 0 /INPUT 1 "A";
    .port_info 1 /INPUT 1 "B";
    .port_info 2 /OUTPUT 1 "Y";
L_0x109c4540 .functor AND 1, L_0x109c0450, L_0x109c0a70, C4<1>, C4<1>;
L_0x109c45d0 .functor NOT 1, L_0x109c4540, C4<0>, C4<0>, C4<0>;
v0x109a1320_0 .net "A", 0 0, L_0x109c0450;  alias, 1 drivers
v0x109a1470_0 .net "B", 0 0, L_0x109c0a70;  alias, 1 drivers
v0x109a1530_0 .net "Y", 0 0, L_0x109c45d0;  alias, 1 drivers
v0x109a15d0_0 .net *"_ivl_0", 0 0, L_0x109c4540;  1 drivers
S_0x109a1710 .scope module, "_219_" "NAND" 4 459, 2 20 0, S_0x1095e0c0;
 .timescale 0 0;
    .port_info 0 /INPUT 1 "A";
    .port_info 1 /INPUT 1 "B";
    .port_info 2 /OUTPUT 1 "Y";
L_0x109c46b0 .functor AND 1, L_0x109c4460, L_0x109c45d0, C4<1>, C4<1>;
L_0x109c4740 .functor NOT 1, L_0x109c46b0, C4<0>, C4<0>, C4<0>;
v0x109a1960_0 .net "A", 0 0, L_0x109c4460;  alias, 1 drivers
v0x109a1a50_0 .net "B", 0 0, L_0x109c45d0;  alias, 1 drivers
v0x109a1b20_0 .net "Y", 0 0, L_0x109c4740;  alias, 1 drivers
v0x109a1bf0_0 .net *"_ivl_0", 0 0, L_0x109c46b0;  1 drivers
S_0x109a1d10 .scope module, "_220_" "NAND" 4 464, 2 20 0, S_0x1095e0c0;
 .timescale 0 0;
    .port_info 0 /INPUT 1 "A";
    .port_info 1 /INPUT 1 "B";
    .port_info 2 /OUTPUT 1 "Y";
L_0x109c47d0 .functor AND 1, L_0x109c2de0, L_0x109c36d0, C4<1>, C4<1>;
L_0x109c4860 .functor NOT 1, L_0x109c47d0, C4<0>, C4<0>, C4<0>;
v0x109a1f60_0 .net "A", 0 0, L_0x109c2de0;  alias, 1 drivers
v0x109a2050_0 .net "B", 0 0, L_0x109c36d0;  alias, 1 drivers
v0x109a2120_0 .net "Y", 0 0, L_0x109c4860;  alias, 1 drivers
v0x109a21f0_0 .net *"_ivl_0", 0 0, L_0x109c47d0;  1 drivers
S_0x109a2310 .scope module, "_221_" "NAND" 4 469, 2 20 0, S_0x1095e0c0;
 .timescale 0 0;
    .port_info 0 /INPUT 1 "A";
    .port_info 1 /INPUT 1 "B";
    .port_info 2 /OUTPUT 1 "Y";
L_0x109c48f0 .functor AND 1, L_0x109dc720, L_0x109c4230, C4<1>, C4<1>;
L_0x109c4980 .functor NOT 1, L_0x109c48f0, C4<0>, C4<0>, C4<0>;
v0x109a2560_0 .net "A", 0 0, L_0x109dc720;  alias, 1 drivers
v0x109a2670_0 .net "B", 0 0, L_0x109c4230;  alias, 1 drivers
v0x109a2780_0 .net "Y", 0 0, L_0x109c4980;  alias, 1 drivers
v0x109a2820_0 .net *"_ivl_0", 0 0, L_0x109c48f0;  1 drivers
S_0x109a2960 .scope module, "_222_" "NAND" 4 474, 2 20 0, S_0x1095e0c0;
 .timescale 0 0;
    .port_info 0 /INPUT 1 "A";
    .port_info 1 /INPUT 1 "B";
    .port_info 2 /OUTPUT 1 "Y";
L_0x109c4a60 .functor AND 1, L_0x109c4860, L_0x109c4980, C4<1>, C4<1>;
L_0x109c4c10 .functor NOT 1, L_0x109c4a60, C4<0>, C4<0>, C4<0>;
v0x109a2bb0_0 .net "A", 0 0, L_0x109c4860;  alias, 1 drivers
v0x109a2c70_0 .net "B", 0 0, L_0x109c4980;  alias, 1 drivers
v0x109a2d40_0 .net "Y", 0 0, L_0x109c4c10;  alias, 1 drivers
v0x109a2e10_0 .net *"_ivl_0", 0 0, L_0x109c4a60;  1 drivers
S_0x109a2f30 .scope module, "_223_" "NAND" 4 479, 2 20 0, S_0x1095e0c0;
 .timescale 0 0;
    .port_info 0 /INPUT 1 "A";
    .port_info 1 /INPUT 1 "B";
    .port_info 2 /OUTPUT 1 "Y";
L_0x109c4ca0 .functor AND 1, L_0x109bec20, L_0x109dc480, C4<1>, C4<1>;
L_0x109c4d30 .functor NOT 1, L_0x109c4ca0, C4<0>, C4<0>, C4<0>;
v0x109a3590_0 .net "A", 0 0, L_0x109bec20;  alias, 1 drivers
v0x109a36a0_0 .net "B", 0 0, L_0x109dc480;  alias, 1 drivers
v0x109a3760_0 .net "Y", 0 0, L_0x109c4d30;  alias, 1 drivers
v0x109a3830_0 .net *"_ivl_0", 0 0, L_0x109c4ca0;  1 drivers
S_0x109a3950 .scope module, "_224_" "NAND" 4 484, 2 20 0, S_0x1095e0c0;
 .timescale 0 0;
    .port_info 0 /INPUT 1 "A";
    .port_info 1 /INPUT 1 "B";
    .port_info 2 /OUTPUT 1 "Y";
L_0x109c4e10 .functor AND 1, L_0x109c2840, L_0x109c36d0, C4<1>, C4<1>;
L_0x109c4f30 .functor NOT 1, L_0x109c4e10, C4<0>, C4<0>, C4<0>;
v0x109a3ba0_0 .net "A", 0 0, L_0x109c2840;  alias, 1 drivers
v0x109a3c90_0 .net "B", 0 0, L_0x109c36d0;  alias, 1 drivers
v0x109a3d80_0 .net "Y", 0 0, L_0x109c4f30;  alias, 1 drivers
v0x109a3e20_0 .net *"_ivl_0", 0 0, L_0x109c4e10;  1 drivers
S_0x109a3f60 .scope module, "_225_" "NAND" 4 489, 2 20 0, S_0x1095e0c0;
 .timescale 0 0;
    .port_info 0 /INPUT 1 "A";
    .port_info 1 /INPUT 1 "B";
    .port_info 2 /OUTPUT 1 "Y";
L_0x109c4fc0 .functor AND 1, L_0x109c4d30, L_0x109c4f30, C4<1>, C4<1>;
L_0x109c5170 .functor NOT 1, L_0x109c4fc0, C4<0>, C4<0>, C4<0>;
v0x109a41b0_0 .net "A", 0 0, L_0x109c4d30;  alias, 1 drivers
v0x109a42a0_0 .net "B", 0 0, L_0x109c4f30;  alias, 1 drivers
v0x109a4370_0 .net "Y", 0 0, L_0x109c5170;  alias, 1 drivers
v0x109a4440_0 .net *"_ivl_0", 0 0, L_0x109c4fc0;  1 drivers
S_0x109a4560 .scope module, "_226_" "NAND" 4 494, 2 20 0, S_0x1095e0c0;
 .timescale 0 0;
    .port_info 0 /INPUT 1 "A";
    .port_info 1 /INPUT 1 "B";
    .port_info 2 /OUTPUT 1 "Y";
L_0x109c5200 .functor AND 1, L_0x109bec20, L_0x109dc680, C4<1>, C4<1>;
L_0x109c53a0 .functor NOT 1, L_0x109c5200, C4<0>, C4<0>, C4<0>;
v0x109a47b0_0 .net "A", 0 0, L_0x109bec20;  alias, 1 drivers
v0x109a4870_0 .net "B", 0 0, L_0x109dc680;  alias, 1 drivers
v0x109a4960_0 .net "Y", 0 0, L_0x109c53a0;  alias, 1 drivers
v0x109a4a30_0 .net *"_ivl_0", 0 0, L_0x109c5200;  1 drivers
S_0x109a4b50 .scope module, "_227_" "NAND" 4 499, 2 20 0, S_0x1095e0c0;
 .timescale 0 0;
    .port_info 0 /INPUT 1 "A";
    .port_info 1 /INPUT 1 "B";
    .port_info 2 /OUTPUT 1 "Y";
L_0x109c5480 .functor AND 1, L_0x109c2350, L_0x109c36d0, C4<1>, C4<1>;
L_0x109c5620 .functor NOT 1, L_0x109c5480, C4<0>, C4<0>, C4<0>;
v0x109a4da0_0 .net "A", 0 0, L_0x109c2350;  alias, 1 drivers
v0x109a4eb0_0 .net "B", 0 0, L_0x109c36d0;  alias, 1 drivers
v0x109a4f70_0 .net "Y", 0 0, L_0x109c5620;  alias, 1 drivers
v0x109a5010_0 .net *"_ivl_0", 0 0, L_0x109c5480;  1 drivers
S_0x109a5150 .scope module, "_228_" "NAND" 4 504, 2 20 0, S_0x1095e0c0;
 .timescale 0 0;
    .port_info 0 /INPUT 1 "A";
    .port_info 1 /INPUT 1 "B";
    .port_info 2 /OUTPUT 1 "Y";
L_0x109c5700 .functor AND 1, L_0x109c53a0, L_0x109c5620, C4<1>, C4<1>;
L_0x109c5790 .functor NOT 1, L_0x109c5700, C4<0>, C4<0>, C4<0>;
v0x109a53a0_0 .net "A", 0 0, L_0x109c53a0;  alias, 1 drivers
v0x109a5490_0 .net "B", 0 0, L_0x109c5620;  alias, 1 drivers
v0x109a5560_0 .net "Y", 0 0, L_0x109c5790;  alias, 1 drivers
v0x109a5630_0 .net *"_ivl_0", 0 0, L_0x109c5700;  1 drivers
S_0x109a5750 .scope module, "_229_" "NOR" 4 509, 2 30 0, S_0x1095e0c0;
 .timescale 0 0;
    .port_info 0 /INPUT 1 "A";
    .port_info 1 /INPUT 1 "B";
    .port_info 2 /OUTPUT 1 "Y";
L_0x109c5820 .functor OR 1, L_0x109db360, L_0x109bec90, C4<0>, C4<0>;
L_0x109c58b0 .functor NOT 1, L_0x109c5820, C4<0>, C4<0>, C4<0>;
v0x109a59a0_0 .net "A", 0 0, L_0x109db360;  alias, 1 drivers
v0x109a5a60_0 .net "B", 0 0, L_0x109bec90;  alias, 1 drivers
v0x109a5b50_0 .net "Y", 0 0, L_0x109c58b0;  alias, 1 drivers
v0x109a5c20_0 .net *"_ivl_0", 0 0, L_0x109c5820;  1 drivers
S_0x109a5d40 .scope module, "_230_" "NOR" 4 514, 2 30 0, S_0x1095e0c0;
 .timescale 0 0;
    .port_info 0 /INPUT 1 "A";
    .port_info 1 /INPUT 1 "B";
    .port_info 2 /OUTPUT 1 "Y";
L_0x109c59e0 .functor OR 1, L_0x109db360, L_0x109bed20, C4<0>, C4<0>;
L_0x109c5b00 .functor NOT 1, L_0x109c59e0, C4<0>, C4<0>, C4<0>;
v0x109a5f90_0 .net "A", 0 0, L_0x109db360;  alias, 1 drivers
v0x109a60e0_0 .net "B", 0 0, L_0x109bed20;  alias, 1 drivers
v0x109a61d0_0 .net "Y", 0 0, L_0x109c5b00;  alias, 1 drivers
v0x109a62a0_0 .net *"_ivl_0", 0 0, L_0x109c59e0;  1 drivers
S_0x109a63c0 .scope module, "_231_" "NOR" 4 519, 2 30 0, S_0x1095e0c0;
 .timescale 0 0;
    .port_info 0 /INPUT 1 "A";
    .port_info 1 /INPUT 1 "B";
    .port_info 2 /OUTPUT 1 "Y";
L_0x109c5be0 .functor OR 1, L_0x109db360, L_0x109bedd0, C4<0>, C4<0>;
L_0x109c5d00 .functor NOT 1, L_0x109c5be0, C4<0>, C4<0>, C4<0>;
v0x109a65c0_0 .net "A", 0 0, L_0x109db360;  alias, 1 drivers
v0x109a6680_0 .net "B", 0 0, L_0x109bedd0;  alias, 1 drivers
v0x109a6770_0 .net "Y", 0 0, L_0x109c5d00;  alias, 1 drivers
v0x109a6840_0 .net *"_ivl_0", 0 0, L_0x109c5be0;  1 drivers
S_0x109a6960 .scope module, "_232_" "NOR" 4 524, 2 30 0, S_0x1095e0c0;
 .timescale 0 0;
    .port_info 0 /INPUT 1 "A";
    .port_info 1 /INPUT 1 "B";
    .port_info 2 /OUTPUT 1 "Y";
L_0x109c5de0 .functor OR 1, L_0x109db360, L_0x109bee80, C4<0>, C4<0>;
L_0x109c5f00 .functor NOT 1, L_0x109c5de0, C4<0>, C4<0>, C4<0>;
v0x109a6bb0_0 .net "A", 0 0, L_0x109db360;  alias, 1 drivers
v0x109a6c70_0 .net "B", 0 0, L_0x109bee80;  alias, 1 drivers
v0x109a6d60_0 .net "Y", 0 0, L_0x109c5f00;  alias, 1 drivers
v0x109a6e30_0 .net *"_ivl_0", 0 0, L_0x109c5de0;  1 drivers
S_0x109a6f50 .scope module, "_233_" "NAND" 4 529, 2 20 0, S_0x1095e0c0;
 .timescale 0 0;
    .port_info 0 /INPUT 1 "A";
    .port_info 1 /INPUT 1 "B";
    .port_info 2 /OUTPUT 1 "Y";
L_0x109c5f90 .functor AND 1, L_0x109bec90, L_0x109dba10, C4<1>, C4<1>;
L_0x109c60b0 .functor NOT 1, L_0x109c5f90, C4<0>, C4<0>, C4<0>;
v0x109a71a0_0 .net "A", 0 0, L_0x109bec90;  alias, 1 drivers
v0x109a72b0_0 .net "B", 0 0, L_0x109dba10;  alias, 1 drivers
v0x109a7370_0 .net "Y", 0 0, L_0x109c60b0;  alias, 1 drivers
v0x109a7440_0 .net *"_ivl_0", 0 0, L_0x109c5f90;  1 drivers
S_0x109a7560 .scope module, "_234_" "NOR" 4 534, 2 30 0, S_0x1095e0c0;
 .timescale 0 0;
    .port_info 0 /INPUT 1 "A";
    .port_info 1 /INPUT 1 "B";
    .port_info 2 /OUTPUT 1 "Y";
L_0x109c6140 .functor OR 1, L_0x109dbbf0, L_0x109c60b0, C4<0>, C4<0>;
L_0x109c62f0 .functor NOT 1, L_0x109c6140, C4<0>, C4<0>, C4<0>;
v0x109a77b0_0 .net "A", 0 0, L_0x109dbbf0;  alias, 1 drivers
v0x109a78a0_0 .net "B", 0 0, L_0x109c60b0;  alias, 1 drivers
v0x109a7970_0 .net "Y", 0 0, L_0x109c62f0;  alias, 1 drivers
v0x109a7a40_0 .net *"_ivl_0", 0 0, L_0x109c6140;  1 drivers
S_0x109a7b60 .scope module, "_235_" "NAND" 4 539, 2 20 0, S_0x1095e0c0;
 .timescale 0 0;
    .port_info 0 /INPUT 1 "A";
    .port_info 1 /INPUT 1 "B";
    .port_info 2 /OUTPUT 1 "Y";
L_0x109c6380 .functor AND 1, L_0x109c5f00, L_0x109c62f0, C4<1>, C4<1>;
L_0x109c6530 .functor NOT 1, L_0x109c6380, C4<0>, C4<0>, C4<0>;
v0x109a7db0_0 .net "A", 0 0, L_0x109c5f00;  alias, 1 drivers
v0x109a7ea0_0 .net "B", 0 0, L_0x109c62f0;  alias, 1 drivers
v0x109a7f70_0 .net "Y", 0 0, L_0x109c6530;  alias, 1 drivers
v0x109a8040_0 .net *"_ivl_0", 0 0, L_0x109c6380;  1 drivers
S_0x109a8160 .scope module, "_236_" "NOR" 4 544, 2 30 0, S_0x1095e0c0;
 .timescale 0 0;
    .port_info 0 /INPUT 1 "A";
    .port_info 1 /INPUT 1 "B";
    .port_info 2 /OUTPUT 1 "Y";
L_0x109c65c0 .functor OR 1, L_0x109dc3e0, L_0x109c6530, C4<0>, C4<0>;
L_0x109c6650 .functor NOT 1, L_0x109c65c0, C4<0>, C4<0>, C4<0>;
v0x109a83b0_0 .net "A", 0 0, L_0x109dc3e0;  alias, 1 drivers
v0x109a8470_0 .net "B", 0 0, L_0x109c6530;  alias, 1 drivers
v0x109a8560_0 .net "Y", 0 0, L_0x109c6650;  alias, 1 drivers
v0x109a8630_0 .net *"_ivl_0", 0 0, L_0x109c65c0;  1 drivers
S_0x109a8750 .scope module, "_237_" "NOR" 4 549, 2 30 0, S_0x1095e0c0;
 .timescale 0 0;
    .port_info 0 /INPUT 1 "A";
    .port_info 1 /INPUT 1 "B";
    .port_info 2 /OUTPUT 1 "Y";
L_0x109c66e0 .functor OR 1, L_0x109dc3e0, L_0x109dc720, C4<0>, C4<0>;
L_0x109c6880 .functor NOT 1, L_0x109c66e0, C4<0>, C4<0>, C4<0>;
v0x109a89a0_0 .net "A", 0 0, L_0x109dc3e0;  alias, 1 drivers
v0x109a8af0_0 .net "B", 0 0, L_0x109dc720;  alias, 1 drivers
v0x109a8bb0_0 .net "Y", 0 0, L_0x109c6880;  alias, 1 drivers
v0x109a8c80_0 .net *"_ivl_0", 0 0, L_0x109c66e0;  1 drivers
S_0x109a8dc0 .scope module, "_238_" "NOT" 4 554, 2 11 0, S_0x1095e0c0;
 .timescale 0 0;
    .port_info 0 /INPUT 1 "A";
    .port_info 1 /OUTPUT 1 "Y";
L_0x109c6960 .functor NOT 1, L_0x109c6880, C4<0>, C4<0>, C4<0>;
v0x109a8fa0_0 .net "A", 0 0, L_0x109c6880;  alias, 1 drivers
v0x109a9090_0 .net "Y", 0 0, L_0x109c6960;  alias, 1 drivers
S_0x109a9190 .scope module, "_239_" "NAND" 4 558, 2 20 0, S_0x1095e0c0;
 .timescale 0 0;
    .port_info 0 /INPUT 1 "A";
    .port_info 1 /INPUT 1 "B";
    .port_info 2 /OUTPUT 1 "Y";
L_0x109c6a10 .functor AND 1, L_0x109bfe00, L_0x109c6960, C4<1>, C4<1>;
L_0x109c6b30 .functor NOT 1, L_0x109c6a10, C4<0>, C4<0>, C4<0>;
v0x109a93e0_0 .net "A", 0 0, L_0x109bfe00;  alias, 1 drivers
v0x109a94f0_0 .net "B", 0 0, L_0x109c6960;  alias, 1 drivers
v0x109a95b0_0 .net "Y", 0 0, L_0x109c6b30;  alias, 1 drivers
v0x109a9680_0 .net *"_ivl_0", 0 0, L_0x109c6a10;  1 drivers
S_0x109a97a0 .scope module, "_240_" "NOR" 4 563, 2 30 0, S_0x1095e0c0;
 .timescale 0 0;
    .port_info 0 /INPUT 1 "A";
    .port_info 1 /INPUT 1 "B";
    .port_info 2 /OUTPUT 1 "Y";
L_0x109c6bc0 .functor OR 1, L_0x109c6530, L_0x109c6b30, C4<0>, C4<0>;
L_0x109c6d60 .functor NOT 1, L_0x109c6bc0, C4<0>, C4<0>, C4<0>;
v0x109a99f0_0 .net "A", 0 0, L_0x109c6530;  alias, 1 drivers
v0x109a9b00_0 .net "B", 0 0, L_0x109c6b30;  alias, 1 drivers
v0x109a9bc0_0 .net "Y", 0 0, L_0x109c6d60;  alias, 1 drivers
v0x109a9c90_0 .net *"_ivl_0", 0 0, L_0x109c6bc0;  1 drivers
S_0x109a9db0 .scope module, "_241_" "NAND" 4 568, 2 20 0, S_0x1095e0c0;
 .timescale 0 0;
    .port_info 0 /INPUT 1 "A";
    .port_info 1 /INPUT 1 "B";
    .port_info 2 /OUTPUT 1 "Y";
L_0x109c6df0 .functor AND 1, L_0x109dc480, L_0x109bfce0, C4<1>, C4<1>;
L_0x109c6f10 .functor NOT 1, L_0x109c6df0, C4<0>, C4<0>, C4<0>;
v0x109aa000_0 .net "A", 0 0, L_0x109dc480;  alias, 1 drivers
v0x109aa110_0 .net "B", 0 0, L_0x109bfce0;  alias, 1 drivers
v0x109aa1d0_0 .net "Y", 0 0, L_0x109c6f10;  alias, 1 drivers
v0x109aa2a0_0 .net *"_ivl_0", 0 0, L_0x109c6df0;  1 drivers
S_0x109aa3c0 .scope module, "_242_" "NAND" 4 573, 2 20 0, S_0x1095e0c0;
 .timescale 0 0;
    .port_info 0 /INPUT 1 "A";
    .port_info 1 /INPUT 1 "B";
    .port_info 2 /OUTPUT 1 "Y";
L_0x109c6fa0 .functor AND 1, L_0x109c0040, L_0x109c6f10, C4<1>, C4<1>;
L_0x109c7030 .functor NOT 1, L_0x109c6fa0, C4<0>, C4<0>, C4<0>;
v0x109aa610_0 .net "A", 0 0, L_0x109c0040;  alias, 1 drivers
v0x109aa720_0 .net "B", 0 0, L_0x109c6f10;  alias, 1 drivers
v0x109aa7e0_0 .net "Y", 0 0, L_0x109c7030;  alias, 1 drivers
v0x109aa8b0_0 .net *"_ivl_0", 0 0, L_0x109c6fa0;  1 drivers
S_0x109aa9d0 .scope module, "_243_" "NOR" 4 578, 2 30 0, S_0x1095e0c0;
 .timescale 0 0;
    .port_info 0 /INPUT 1 "A";
    .port_info 1 /INPUT 1 "B";
    .port_info 2 /OUTPUT 1 "Y";
L_0x109c7110 .functor OR 1, L_0x109c6530, L_0x109c7030, C4<0>, C4<0>;
L_0x109c7230 .functor NOT 1, L_0x109c7110, C4<0>, C4<0>, C4<0>;
v0x109aac20_0 .net "A", 0 0, L_0x109c6530;  alias, 1 drivers
v0x109aace0_0 .net "B", 0 0, L_0x109c7030;  alias, 1 drivers
v0x109aadd0_0 .net "Y", 0 0, L_0x109c7230;  alias, 1 drivers
v0x109aaea0_0 .net *"_ivl_0", 0 0, L_0x109c7110;  1 drivers
S_0x109aafc0 .scope module, "_244_" "NAND" 4 583, 2 20 0, S_0x1095e0c0;
 .timescale 0 0;
    .port_info 0 /INPUT 1 "A";
    .port_info 1 /INPUT 1 "B";
    .port_info 2 /OUTPUT 1 "Y";
L_0x109c7310 .functor AND 1, L_0x109dc680, L_0x109c6f10, C4<1>, C4<1>;
L_0x109c73a0 .functor NOT 1, L_0x109c7310, C4<0>, C4<0>, C4<0>;
v0x109ab210_0 .net "A", 0 0, L_0x109dc680;  alias, 1 drivers
v0x109ab320_0 .net "B", 0 0, L_0x109c6f10;  alias, 1 drivers
v0x109ab430_0 .net "Y", 0 0, L_0x109c73a0;  alias, 1 drivers
v0x109ab4d0_0 .net *"_ivl_0", 0 0, L_0x109c7310;  1 drivers
S_0x109ab610 .scope module, "_245_" "NOT" 4 588, 2 11 0, S_0x1095e0c0;
 .timescale 0 0;
    .port_info 0 /INPUT 1 "A";
    .port_info 1 /OUTPUT 1 "Y";
L_0x109c7480 .functor NOT 1, L_0x109c73a0, C4<0>, C4<0>, C4<0>;
v0x109ab840_0 .net "A", 0 0, L_0x109c73a0;  alias, 1 drivers
v0x109ab900_0 .net "Y", 0 0, L_0x109c7480;  alias, 1 drivers
S_0x109aba00 .scope module, "_246_" "NOR" 4 592, 2 30 0, S_0x1095e0c0;
 .timescale 0 0;
    .port_info 0 /INPUT 1 "A";
    .port_info 1 /INPUT 1 "B";
    .port_info 2 /OUTPUT 1 "Y";
L_0x109c75c0 .functor OR 1, L_0x109dc680, L_0x109c6f10, C4<0>, C4<0>;
L_0x109c7870 .functor NOT 1, L_0x109c75c0, C4<0>, C4<0>, C4<0>;
v0x109abc50_0 .net "A", 0 0, L_0x109dc680;  alias, 1 drivers
v0x109abd10_0 .net "B", 0 0, L_0x109c6f10;  alias, 1 drivers
v0x109abdd0_0 .net "Y", 0 0, L_0x109c7870;  alias, 1 drivers
v0x109abea0_0 .net *"_ivl_0", 0 0, L_0x109c75c0;  1 drivers
S_0x109abfe0 .scope module, "_247_" "NOR" 4 597, 2 30 0, S_0x1095e0c0;
 .timescale 0 0;
    .port_info 0 /INPUT 1 "A";
    .port_info 1 /INPUT 1 "B";
    .port_info 2 /OUTPUT 1 "Y";
L_0x109c7900 .functor OR 1, L_0x109c7480, L_0x109c7870, C4<0>, C4<0>;
L_0x109c7990 .functor NOT 1, L_0x109c7900, C4<0>, C4<0>, C4<0>;
v0x109ac230_0 .net "A", 0 0, L_0x109c7480;  alias, 1 drivers
v0x109ac320_0 .net "B", 0 0, L_0x109c7870;  alias, 1 drivers
v0x109ac3f0_0 .net "Y", 0 0, L_0x109c7990;  alias, 1 drivers
v0x109ac4c0_0 .net *"_ivl_0", 0 0, L_0x109c7900;  1 drivers
S_0x109ac5e0 .scope module, "_248_" "NOR" 4 602, 2 30 0, S_0x1095e0c0;
 .timescale 0 0;
    .port_info 0 /INPUT 1 "A";
    .port_info 1 /INPUT 1 "B";
    .port_info 2 /OUTPUT 1 "Y";
L_0x109c7a20 .functor OR 1, L_0x109c6530, L_0x109c7990, C4<0>, C4<0>;
L_0x109c7b40 .functor NOT 1, L_0x109c7a20, C4<0>, C4<0>, C4<0>;
v0x109ac830_0 .net "A", 0 0, L_0x109c6530;  alias, 1 drivers
v0x109ac980_0 .net "B", 0 0, L_0x109c7990;  alias, 1 drivers
v0x109aca70_0 .net "Y", 0 0, L_0x109c7b40;  alias, 1 drivers
v0x109acb40_0 .net *"_ivl_0", 0 0, L_0x109c7a20;  1 drivers
S_0x109acc60 .scope module, "_249_" "DFF" 4 607, 2 40 0, S_0x1095e0c0;
 .timescale 0 0;
    .port_info 0 /INPUT 1 "C";
    .port_info 1 /INPUT 1 "D";
    .port_info 2 /OUTPUT 1 "Q";
v0x109acea0_0 .net "C", 0 0, v0x109be800_0;  alias, 1 drivers
v0x109acf80_0 .net "D", 0 0, L_0x109d8930;  alias, 1 drivers
v0x109ad040_0 .var "Q", 0 0;
E_0x108e4a10 .event posedge, v0x109acea0_0;
S_0x109ad190 .scope module, "_250_" "DFF" 4 612, 2 40 0, S_0x1095e0c0;
 .timescale 0 0;
    .port_info 0 /INPUT 1 "C";
    .port_info 1 /INPUT 1 "D";
    .port_info 2 /OUTPUT 1 "Q";
v0x109ad3e0_0 .net "C", 0 0, v0x109be800_0;  alias, 1 drivers
v0x109ad4d0_0 .net "D", 0 0, L_0x109da9e0;  alias, 1 drivers
v0x109ad570_0 .var "Q", 0 0;
S_0x109ad6c0 .scope module, "_251_" "DFF" 4 617, 2 40 0, S_0x1095e0c0;
 .timescale 0 0;
    .port_info 0 /INPUT 1 "C";
    .port_info 1 /INPUT 1 "D";
    .port_info 2 /OUTPUT 1 "Q";
v0x109ad910_0 .net "C", 0 0, v0x109be800_0;  alias, 1 drivers
v0x109ada20_0 .net "D", 0 0, L_0x109daaa0;  alias, 1 drivers
v0x109adae0_0 .var "Q", 0 0;
S_0x109adc00 .scope module, "_252_" "DFF" 4 622, 2 40 0, S_0x1095e0c0;
 .timescale 0 0;
    .port_info 0 /INPUT 1 "C";
    .port_info 1 /INPUT 1 "D";
    .port_info 2 /OUTPUT 1 "Q";
v0x109ade50_0 .net "C", 0 0, v0x109be800_0;  alias, 1 drivers
v0x109adf10_0 .net "D", 0 0, L_0x109dab60;  alias, 1 drivers
v0x109adfd0_0 .var "Q", 0 0;
S_0x109ae120 .scope module, "_253_" "DFF" 4 627, 2 40 0, S_0x1095e0c0;
 .timescale 0 0;
    .port_info 0 /INPUT 1 "C";
    .port_info 1 /INPUT 1 "D";
    .port_info 2 /OUTPUT 1 "Q";
v0x109ae370_0 .net "C", 0 0, v0x109be800_0;  alias, 1 drivers
v0x109ae4c0_0 .net "D", 0 0, L_0x109dac50;  alias, 1 drivers
v0x109ae580_0 .var "Q", 0 0;
S_0x109ae6d0 .scope module, "_254_" "DFF" 4 632, 2 40 0, S_0x1095e0c0;
 .timescale 0 0;
    .port_info 0 /INPUT 1 "C";
    .port_info 1 /INPUT 1 "D";
    .port_info 2 /OUTPUT 1 "Q";
v0x109ae8d0_0 .net "C", 0 0, v0x109be800_0;  alias, 1 drivers
v0x109ae990_0 .net "D", 0 0, L_0x109dad10;  alias, 1 drivers
v0x109aea50_0 .var "Q", 0 0;
S_0x109aeba0 .scope module, "_255_" "DFF" 4 637, 2 40 0, S_0x1095e0c0;
 .timescale 0 0;
    .port_info 0 /INPUT 1 "C";
    .port_info 1 /INPUT 1 "D";
    .port_info 2 /OUTPUT 1 "Q";
v0x109aedf0_0 .net "C", 0 0, v0x109be800_0;  alias, 1 drivers
v0x109aeeb0_0 .net "D", 0 0, L_0x109dae10;  alias, 1 drivers
v0x109aef70_0 .var "Q", 0 0;
S_0x109af0c0 .scope module, "_256_" "DFF" 4 642, 2 40 0, S_0x1095e0c0;
 .timescale 0 0;
    .port_info 0 /INPUT 1 "C";
    .port_info 1 /INPUT 1 "D";
    .port_info 2 /OUTPUT 1 "Q";
v0x109af310_0 .net "C", 0 0, v0x109be800_0;  alias, 1 drivers
v0x109af3d0_0 .net "D", 0 0, L_0x109daed0;  alias, 1 drivers
v0x109af490_0 .var "Q", 0 0;
S_0x109af5e0 .scope module, "_257_" "DFF" 4 647, 2 40 0, S_0x1095e0c0;
 .timescale 0 0;
    .port_info 0 /INPUT 1 "C";
    .port_info 1 /INPUT 1 "D";
    .port_info 2 /OUTPUT 1 "Q";
v0x109af830_0 .net "C", 0 0, v0x109be800_0;  alias, 1 drivers
v0x109af8f0_0 .net "D", 0 0, L_0x109dafe0;  alias, 1 drivers
v0x109af9b0_0 .var "Q", 0 0;
S_0x109afb00 .scope module, "_258_" "DFF" 4 652, 2 40 0, S_0x1095e0c0;
 .timescale 0 0;
    .port_info 0 /INPUT 1 "C";
    .port_info 1 /INPUT 1 "D";
    .port_info 2 /OUTPUT 1 "Q";
v0x109afd50_0 .net "C", 0 0, v0x109be800_0;  alias, 1 drivers
v0x109afe10_0 .net "D", 0 0, L_0x109db0a0;  alias, 1 drivers
v0x109afed0_0 .var "Q", 0 0;
S_0x109b0020 .scope module, "_259_" "DFF" 4 657, 2 40 0, S_0x1095e0c0;
 .timescale 0 0;
    .port_info 0 /INPUT 1 "C";
    .port_info 1 /INPUT 1 "D";
    .port_info 2 /OUTPUT 1 "Q";
v0x109b0270_0 .net "C", 0 0, v0x109be800_0;  alias, 1 drivers
v0x109b0330_0 .net "D", 0 0, L_0x109db1c0;  alias, 1 drivers
v0x109b03f0_0 .var "Q", 0 0;
S_0x109b0540 .scope module, "_260_" "DFF" 4 662, 2 40 0, S_0x1095e0c0;
 .timescale 0 0;
    .port_info 0 /INPUT 1 "C";
    .port_info 1 /INPUT 1 "D";
    .port_info 2 /OUTPUT 1 "Q";
v0x109b0790_0 .net "C", 0 0, v0x109be800_0;  alias, 1 drivers
v0x109b0850_0 .net "D", 0 0, L_0x109db230;  alias, 1 drivers
v0x109b0910_0 .var "Q", 0 0;
S_0x109b0a60 .scope module, "_261_" "DFF" 4 667, 2 40 0, S_0x1095e0c0;
 .timescale 0 0;
    .port_info 0 /INPUT 1 "C";
    .port_info 1 /INPUT 1 "D";
    .port_info 2 /OUTPUT 1 "Q";
v0x109b0cb0_0 .net "C", 0 0, v0x109be800_0;  alias, 1 drivers
v0x109b0d70_0 .net "D", 0 0, L_0x109db420;  alias, 1 drivers
v0x109b0e30_0 .var "Q", 0 0;
S_0x109b0f80 .scope module, "_262_" "DFF" 4 672, 2 40 0, S_0x1095e0c0;
 .timescale 0 0;
    .port_info 0 /INPUT 1 "C";
    .port_info 1 /INPUT 1 "D";
    .port_info 2 /OUTPUT 1 "Q";
v0x109b11d0_0 .net "C", 0 0, v0x109be800_0;  alias, 1 drivers
v0x109b1290_0 .net "D", 0 0, L_0x109db2f0;  alias, 1 drivers
v0x109b1350_0 .var "Q", 0 0;
S_0x109b14a0 .scope module, "_263_" "DFF" 4 677, 2 40 0, S_0x1095e0c0;
 .timescale 0 0;
    .port_info 0 /INPUT 1 "C";
    .port_info 1 /INPUT 1 "D";
    .port_info 2 /OUTPUT 1 "Q";
v0x109b16f0_0 .net "C", 0 0, v0x109be800_0;  alias, 1 drivers
v0x109b17b0_0 .net "D", 0 0, L_0x109db5b0;  alias, 1 drivers
v0x109b1870_0 .var "Q", 0 0;
S_0x109b19c0 .scope module, "_264_" "DFF" 4 682, 2 40 0, S_0x1095e0c0;
 .timescale 0 0;
    .port_info 0 /INPUT 1 "C";
    .port_info 1 /INPUT 1 "D";
    .port_info 2 /OUTPUT 1 "Q";
v0x109b1c10_0 .net "C", 0 0, v0x109be800_0;  alias, 1 drivers
v0x109b1cd0_0 .net "D", 0 0, L_0x109db700;  alias, 1 drivers
v0x109b1d90_0 .var "Q", 0 0;
S_0x109b1ee0 .scope module, "_265_" "DFF" 4 687, 2 40 0, S_0x1095e0c0;
 .timescale 0 0;
    .port_info 0 /INPUT 1 "C";
    .port_info 1 /INPUT 1 "D";
    .port_info 2 /OUTPUT 1 "Q";
v0x109b2130_0 .net "C", 0 0, v0x109be800_0;  alias, 1 drivers
v0x109b21f0_0 .net "D", 0 0, L_0x109db8b0;  alias, 1 drivers
v0x109b22b0_0 .var "Q", 0 0;
S_0x109b2400 .scope module, "_266_" "DFF" 4 692, 2 40 0, S_0x1095e0c0;
 .timescale 0 0;
    .port_info 0 /INPUT 1 "C";
    .port_info 1 /INPUT 1 "D";
    .port_info 2 /OUTPUT 1 "Q";
v0x109b2650_0 .net "C", 0 0, v0x109be800_0;  alias, 1 drivers
v0x109b2710_0 .net "D", 0 0, L_0x109da860;  alias, 1 drivers
v0x109b27d0_0 .var "Q", 0 0;
S_0x109b2920 .scope module, "_267_" "DFF" 4 697, 2 40 0, S_0x1095e0c0;
 .timescale 0 0;
    .port_info 0 /INPUT 1 "C";
    .port_info 1 /INPUT 1 "D";
    .port_info 2 /OUTPUT 1 "Q";
v0x109b2b70_0 .net "C", 0 0, v0x109be800_0;  alias, 1 drivers
v0x109b2c30_0 .net "D", 0 0, L_0x109da920;  alias, 1 drivers
v0x109b2cf0_0 .var "Q", 0 0;
S_0x109b2e40 .scope module, "_268_" "DFF" 4 702, 2 40 0, S_0x1095e0c0;
 .timescale 0 0;
    .port_info 0 /INPUT 1 "C";
    .port_info 1 /INPUT 1 "D";
    .port_info 2 /OUTPUT 1 "Q";
v0x109b3090_0 .net "C", 0 0, v0x109be800_0;  alias, 1 drivers
v0x109b3150_0 .net "D", 0 0, L_0x109dbe90;  alias, 1 drivers
v0x109b3210_0 .var "Q", 0 0;
S_0x109b3360 .scope module, "_269_" "DFF" 4 707, 2 40 0, S_0x1095e0c0;
 .timescale 0 0;
    .port_info 0 /INPUT 1 "C";
    .port_info 1 /INPUT 1 "D";
    .port_info 2 /OUTPUT 1 "Q";
v0x109b35b0_0 .net "C", 0 0, v0x109be800_0;  alias, 1 drivers
v0x109b3670_0 .net "D", 0 0, L_0x109dbf50;  alias, 1 drivers
v0x109b3730_0 .var "Q", 0 0;
S_0x109b3880 .scope module, "_270_" "DFF" 4 712, 2 40 0, S_0x1095e0c0;
 .timescale 0 0;
    .port_info 0 /INPUT 1 "C";
    .port_info 1 /INPUT 1 "D";
    .port_info 2 /OUTPUT 1 "Q";
v0x109b3ad0_0 .net "C", 0 0, v0x109be800_0;  alias, 1 drivers
v0x109b3b90_0 .net "D", 0 0, L_0x109dc0d0;  alias, 1 drivers
v0x109b3c50_0 .var "Q", 0 0;
S_0x109b3da0 .scope module, "_271_" "DFF" 4 717, 2 40 0, S_0x1095e0c0;
 .timescale 0 0;
    .port_info 0 /INPUT 1 "C";
    .port_info 1 /INPUT 1 "D";
    .port_info 2 /OUTPUT 1 "Q";
v0x109b3ff0_0 .net "C", 0 0, v0x109be800_0;  alias, 1 drivers
v0x109b40b0_0 .net "D", 0 0, L_0x109dc190;  alias, 1 drivers
v0x109b4170_0 .var "Q", 0 0;
S_0x109b42c0 .scope module, "_272_" "DFF" 4 722, 2 40 0, S_0x1095e0c0;
 .timescale 0 0;
    .port_info 0 /INPUT 1 "C";
    .port_info 1 /INPUT 1 "D";
    .port_info 2 /OUTPUT 1 "Q";
v0x109b4510_0 .net "C", 0 0, v0x109be800_0;  alias, 1 drivers
v0x109b45d0_0 .net "D", 0 0, L_0x109dc320;  alias, 1 drivers
v0x109b4690_0 .var "Q", 0 0;
    .scope S_0x1095c2c0;
T_0 ;
    %wait E_0x1089ebe0;
    %load/vec4 v0x10960f50_0;
    %flag_set/vec4 8;
    %jmp/0xz  T_0.0, 8;
    %pushi/vec4 1, 0, 1;
    %assign/vec4 v0x1096e150_0, 0;
    %jmp T_0.1;
T_0.0 ;
    %load/vec4 v0x1096e4d0_0;
    %flag_set/vec4 8;
    %jmp/0xz  T_0.2, 8;
    %pushi/vec4 0, 0, 1;
    %assign/vec4 v0x1096e150_0, 0;
    %jmp T_0.3;
T_0.2 ;
    %load/vec4 v0x1096d760_0;
    %assign/vec4 v0x1096e150_0, 0;
T_0.3 ;
T_0.1 ;
    %jmp T_0;
    .thread T_0;
    .scope S_0x109acc60;
T_1 ;
    %wait E_0x108e4a10;
    %load/vec4 v0x109acf80_0;
    %assign/vec4 v0x109ad040_0, 0;
    %jmp T_1;
    .thread T_1;
    .scope S_0x109ad190;
T_2 ;
    %wait E_0x108e4a10;
    %load/vec4 v0x109ad4d0_0;
    %assign/vec4 v0x109ad570_0, 0;
    %jmp T_2;
    .thread T_2;
    .scope S_0x109ad6c0;
T_3 ;
    %wait E_0x108e4a10;
    %load/vec4 v0x109ada20_0;
    %assign/vec4 v0x109adae0_0, 0;
    %jmp T_3;
    .thread T_3;
    .scope S_0x109adc00;
T_4 ;
    %wait E_0x108e4a10;
    %load/vec4 v0x109adf10_0;
    %assign/vec4 v0x109adfd0_0, 0;
    %jmp T_4;
    .thread T_4;
    .scope S_0x109ae120;
T_5 ;
    %wait E_0x108e4a10;
    %load/vec4 v0x109ae4c0_0;
    %assign/vec4 v0x109ae580_0, 0;
    %jmp T_5;
    .thread T_5;
    .scope S_0x109ae6d0;
T_6 ;
    %wait E_0x108e4a10;
    %load/vec4 v0x109ae990_0;
    %assign/vec4 v0x109aea50_0, 0;
    %jmp T_6;
    .thread T_6;
    .scope S_0x109aeba0;
T_7 ;
    %wait E_0x108e4a10;
    %load/vec4 v0x109aeeb0_0;
    %assign/vec4 v0x109aef70_0, 0;
    %jmp T_7;
    .thread T_7;
    .scope S_0x109af0c0;
T_8 ;
    %wait E_0x108e4a10;
    %load/vec4 v0x109af3d0_0;
    %assign/vec4 v0x109af490_0, 0;
    %jmp T_8;
    .thread T_8;
    .scope S_0x109af5e0;
T_9 ;
    %wait E_0x108e4a10;
    %load/vec4 v0x109af8f0_0;
    %assign/vec4 v0x109af9b0_0, 0;
    %jmp T_9;
    .thread T_9;
    .scope S_0x109afb00;
T_10 ;
    %wait E_0x108e4a10;
    %load/vec4 v0x109afe10_0;
    %assign/vec4 v0x109afed0_0, 0;
    %jmp T_10;
    .thread T_10;
    .scope S_0x109b0020;
T_11 ;
    %wait E_0x108e4a10;
    %load/vec4 v0x109b0330_0;
    %assign/vec4 v0x109b03f0_0, 0;
    %jmp T_11;
    .thread T_11;
    .scope S_0x109b0540;
T_12 ;
    %wait E_0x108e4a10;
    %load/vec4 v0x109b0850_0;
    %assign/vec4 v0x109b0910_0, 0;
    %jmp T_12;
    .thread T_12;
    .scope S_0x109b0a60;
T_13 ;
    %wait E_0x108e4a10;
    %load/vec4 v0x109b0d70_0;
    %assign/vec4 v0x109b0e30_0, 0;
    %jmp T_13;
    .thread T_13;
    .scope S_0x109b0f80;
T_14 ;
    %wait E_0x108e4a10;
    %load/vec4 v0x109b1290_0;
    %assign/vec4 v0x109b1350_0, 0;
    %jmp T_14;
    .thread T_14;
    .scope S_0x109b14a0;
T_15 ;
    %wait E_0x108e4a10;
    %load/vec4 v0x109b17b0_0;
    %assign/vec4 v0x109b1870_0, 0;
    %jmp T_15;
    .thread T_15;
    .scope S_0x109b19c0;
T_16 ;
    %wait E_0x108e4a10;
    %load/vec4 v0x109b1cd0_0;
    %assign/vec4 v0x109b1d90_0, 0;
    %jmp T_16;
    .thread T_16;
    .scope S_0x109b1ee0;
T_17 ;
    %wait E_0x108e4a10;
    %load/vec4 v0x109b21f0_0;
    %assign/vec4 v0x109b22b0_0, 0;
    %jmp T_17;
    .thread T_17;
    .scope S_0x109b2400;
T_18 ;
    %wait E_0x108e4a10;
    %load/vec4 v0x109b2710_0;
    %assign/vec4 v0x109b27d0_0, 0;
    %jmp T_18;
    .thread T_18;
    .scope S_0x109b2920;
T_19 ;
    %wait E_0x108e4a10;
    %load/vec4 v0x109b2c30_0;
    %assign/vec4 v0x109b2cf0_0, 0;
    %jmp T_19;
    .thread T_19;
    .scope S_0x109b2e40;
T_20 ;
    %wait E_0x108e4a10;
    %load/vec4 v0x109b3150_0;
    %assign/vec4 v0x109b3210_0, 0;
    %jmp T_20;
    .thread T_20;
    .scope S_0x109b3360;
T_21 ;
    %wait E_0x108e4a10;
    %load/vec4 v0x109b3670_0;
    %assign/vec4 v0x109b3730_0, 0;
    %jmp T_21;
    .thread T_21;
    .scope S_0x109b3880;
T_22 ;
    %wait E_0x108e4a10;
    %load/vec4 v0x109b3b90_0;
    %assign/vec4 v0x109b3c50_0, 0;
    %jmp T_22;
    .thread T_22;
    .scope S_0x109b3da0;
T_23 ;
    %wait E_0x108e4a10;
    %load/vec4 v0x109b40b0_0;
    %assign/vec4 v0x109b4170_0, 0;
    %jmp T_23;
    .thread T_23;
    .scope S_0x109b42c0;
T_24 ;
    %wait E_0x108e4a10;
    %load/vec4 v0x109b45d0_0;
    %assign/vec4 v0x109b4690_0, 0;
    %jmp T_24;
    .thread T_24;
    .scope S_0x1095d1c0;
T_25 ;
    %pushi/vec4 0, 0, 1;
    %store/vec4 v0x109be800_0, 0, 1;
    %end;
    .thread T_25;
    .scope S_0x1095d1c0;
T_26 ;
    %pushi/vec4 1, 0, 1;
    %store/vec4 v0x109bea80_0, 0, 1;
    %end;
    .thread T_26;
    .scope S_0x1095d1c0;
T_27 ;
    %delay 5, 0;
    %load/vec4 v0x109be800_0;
    %inv;
    %store/vec4 v0x109be800_0, 0, 1;
    %jmp T_27;
    .thread T_27;
    .scope S_0x1095d1c0;
T_28 ;
    %pushi/vec4 0, 0, 1;
    %store/vec4 v0x109bea80_0, 0, 1;
    %vpi_call 3 20 "$monitor", "signals at time %t: in=%b, out=%b, rst=%b", $time, v0x109be8c0_0, v0x109be980_0, v0x109bea80_0 {0 0 0};
    %pushi/vec4 0, 0, 4;
    %store/vec4 v0x109be8c0_0, 0, 4;
    %wait E_0x108e4a10;
    %wait E_0x108e4a10;
    %pushi/vec4 8, 0, 4;
    %store/vec4 v0x109be8c0_0, 0, 4;
    %wait E_0x108e4a10;
    %wait E_0x108e4a10;
    %pushi/vec4 4, 0, 4;
    %store/vec4 v0x109be8c0_0, 0, 4;
    %wait E_0x108e4a10;
    %wait E_0x108e4a10;
    %pushi/vec4 2, 0, 4;
    %store/vec4 v0x109be8c0_0, 0, 4;
    %wait E_0x108e4a10;
    %wait E_0x108e4a10;
    %pushi/vec4 1, 0, 4;
    %store/vec4 v0x109be8c0_0, 0, 4;
    %delay 100, 0;
    %vpi_call 3 42 "$finish" {0 0 0};
    %end;
    .thread T_28;
# The file index is used to find the file name in the following table.
:file_names 5;
    "N/A";
    "<interactive>";
    "cmos_cells.v";
    "tb/tb_decoder.v";
    "decoder_troj3_synth.v";
