#! /opt/homebrew/Cellar/icarus-verilog/12.0/bin/vvp
:ivl_version "12.0 (stable)";
:ivl_delay_selection "TYPICAL";
:vpi_time_precision + 0;
:vpi_module "/opt/homebrew/Cellar/icarus-verilog/12.0/lib/ivl/system.vpi";
:vpi_module "/opt/homebrew/Cellar/icarus-verilog/12.0/lib/ivl/vhdl_sys.vpi";
:vpi_module "/opt/homebrew/Cellar/icarus-verilog/12.0/lib/ivl/vhdl_textio.vpi";
:vpi_module "/opt/homebrew/Cellar/icarus-verilog/12.0/lib/ivl/v2005_math.vpi";
:vpi_module "/opt/homebrew/Cellar/icarus-verilog/12.0/lib/ivl/va_math.vpi";
S_0x153606940 .scope module, "tb_and1" "tb_and1" 2 1;
 .timescale 0 0;
v0x600000adc360_0 .var "a", 0 0;
v0x600000adc3f0_0 .var "b", 0 0;
v0x600000adc480_0 .net "c", 0 0, L_0x6000013dc850;  1 drivers
S_0x153606ab0 .scope module, "a1" "andgate_if_else" 2 4, 3 1 0, S_0x153606940;
 .timescale 0 0;
    .port_info 0 /INPUT 1 "x";
    .port_info 1 /INPUT 1 "y";
    .port_info 2 /OUTPUT 1 "z";
L_0x6000013dc850 .functor BUFZ 1, v0x600000adc120_0, C4<0>, C4<0>, C4<0>;
v0x600000adc120_0 .var "a", 0 0;
v0x600000adc1b0_0 .net "x", 0 0, v0x600000adc360_0;  1 drivers
v0x600000adc240_0 .net "y", 0 0, v0x600000adc3f0_0;  1 drivers
v0x600000adc2d0_0 .net "z", 0 0, L_0x6000013dc850;  alias, 1 drivers
E_0x600002dde000 .event anyedge, v0x600000adc1b0_0, v0x600000adc240_0;
    .scope S_0x153606ab0;
T_0 ;
    %wait E_0x600002dde000;
    %load/vec4 v0x600000adc1b0_0;
    %pad/u 32;
    %cmpi/e 0, 0, 32;
    %flag_get/vec4 4;
    %jmp/0 T_0.2, 4;
    %load/vec4 v0x600000adc240_0;
    %pad/u 32;
    %pushi/vec4 0, 0, 32;
    %cmp/e;
    %flag_get/vec4 4;
    %and;
T_0.2;
    %flag_set/vec4 8;
    %jmp/0xz  T_0.0, 8;
    %pushi/vec4 0, 0, 1;
    %store/vec4 v0x600000adc120_0, 0, 1;
    %jmp T_0.1;
T_0.0 ;
    %load/vec4 v0x600000adc1b0_0;
    %pad/u 32;
    %cmpi/e 0, 0, 32;
    %flag_get/vec4 4;
    %jmp/0 T_0.5, 4;
    %load/vec4 v0x600000adc240_0;
    %pad/u 32;
    %pushi/vec4 1, 0, 32;
    %cmp/e;
    %flag_get/vec4 4;
    %and;
T_0.5;
    %flag_set/vec4 8;
    %jmp/0xz  T_0.3, 8;
    %pushi/vec4 0, 0, 1;
    %store/vec4 v0x600000adc120_0, 0, 1;
    %jmp T_0.4;
T_0.3 ;
    %load/vec4 v0x600000adc1b0_0;
    %pad/u 32;
    %cmpi/e 1, 0, 32;
    %flag_get/vec4 4;
    %jmp/0 T_0.8, 4;
    %load/vec4 v0x600000adc240_0;
    %pad/u 32;
    %pushi/vec4 0, 0, 32;
    %cmp/e;
    %flag_get/vec4 4;
    %and;
T_0.8;
    %flag_set/vec4 8;
    %jmp/0xz  T_0.6, 8;
    %pushi/vec4 0, 0, 1;
    %store/vec4 v0x600000adc120_0, 0, 1;
    %jmp T_0.7;
T_0.6 ;
    %pushi/vec4 1, 0, 1;
    %store/vec4 v0x600000adc120_0, 0, 1;
T_0.7 ;
T_0.4 ;
T_0.1 ;
    %jmp T_0;
    .thread T_0, $push;
    .scope S_0x153606940;
T_1 ;
    %pushi/vec4 0, 0, 1;
    %store/vec4 v0x600000adc360_0, 0, 1;
    %pushi/vec4 0, 0, 1;
    %store/vec4 v0x600000adc3f0_0, 0, 1;
    %vpi_call 2 8 "$dumpfile", "and_if_else.vcd" {0 0 0};
    %vpi_call 2 9 "$dumpvars", 32'sb00000000000000000000000000000000 {0 0 0};
    %end;
    .thread T_1;
    .scope S_0x153606940;
T_2 ;
    %vpi_call 2 12 "$monitor", "time: %t,a: %b,b: %b,c :%b", $time, v0x600000adc360_0, v0x600000adc3f0_0, v0x600000adc480_0 {0 0 0};
    %delay 10, 0;
    %pushi/vec4 1, 0, 1;
    %store/vec4 v0x600000adc3f0_0, 0, 1;
    %delay 20, 0;
    %pushi/vec4 1, 0, 1;
    %store/vec4 v0x600000adc360_0, 0, 1;
    %pushi/vec4 0, 0, 1;
    %store/vec4 v0x600000adc3f0_0, 0, 1;
    %delay 30, 0;
    %pushi/vec4 1, 0, 1;
    %store/vec4 v0x600000adc360_0, 0, 1;
    %pushi/vec4 1, 0, 1;
    %store/vec4 v0x600000adc3f0_0, 0, 1;
    %end;
    .thread T_2;
# The file index is used to find the file name in the following table.
:file_names 4;
    "N/A";
    "<interactive>";
    "tb_and1.v";
    "andgate_ifelse.v";
