#! /usr/local/bin/vvp
:ivl_version "13.0 (devel)" "(s20250103-64-gdad78d525)";
:ivl_delay_selection "TYPICAL";
:vpi_time_precision + 0;
:vpi_module "/usr/local/lib/ivl/system.vpi";
:vpi_module "/usr/local/lib/ivl/vhdl_sys.vpi";
:vpi_module "/usr/local/lib/ivl/vhdl_textio.vpi";
:vpi_module "/usr/local/lib/ivl/v2005_math.vpi";
:vpi_module "/usr/local/lib/ivl/va_math.vpi";
S_0x2ef737b0 .scope module, "tb_and1" "tb_and1" 2 1;
 .timescale 0 0;
v0x2efc0740_0 .var "a", 0 0;
v0x2efc0810_0 .var "b", 0 0;
v0x2efc08e0_0 .net "c", 0 0, L_0x2efc09e0;  1 drivers
S_0x2eface80 .scope module, "a1" "andgate_ifelse" 2 4, 3 1 0, S_0x2ef737b0;
 .timescale 0 0;
    .port_info 0 /INPUT 1 "x";
    .port_info 1 /INPUT 1 "y";
    .port_info 2 /OUTPUT 1 "z";
L_0x2efc09e0 .functor BUFZ 1, v0x2efad0f0_0, C4<0>, C4<0>, C4<0>;
v0x2efad0f0_0 .var "a", 0 0;
v0x2efc04a0_0 .net "x", 0 0, v0x2efc0740_0;  1 drivers
v0x2efc0560_0 .net "y", 0 0, v0x2efc0810_0;  1 drivers
v0x2efc0600_0 .net "z", 0 0, L_0x2efc09e0;  alias, 1 drivers
E_0x2efaac20 .event anyedge, v0x2efc04a0_0, v0x2efc0560_0;
    .scope S_0x2eface80;
T_0 ;
    %wait E_0x2efaac20;
    %load/vec4 v0x2efc04a0_0;
    %pad/u 32;
    %cmpi/e 0, 0, 32;
    %flag_get/vec4 4;
    %jmp/0 T_0.2, 4;
    %load/vec4 v0x2efc0560_0;
    %pad/u 32;
    %pushi/vec4 0, 0, 32;
    %cmp/e;
    %flag_get/vec4 4;
    %and;
T_0.2;
    %flag_set/vec4 8;
    %jmp/0xz  T_0.0, 8;
    %pushi/vec4 0, 0, 1;
    %store/vec4 v0x2efad0f0_0, 0, 1;
    %jmp T_0.1;
T_0.0 ;
    %load/vec4 v0x2efc04a0_0;
    %pad/u 32;
    %cmpi/e 0, 0, 32;
    %flag_get/vec4 4;
    %jmp/0 T_0.5, 4;
    %load/vec4 v0x2efc0560_0;
    %pad/u 32;
    %pushi/vec4 1, 0, 32;
    %cmp/e;
    %flag_get/vec4 4;
    %and;
T_0.5;
    %flag_set/vec4 8;
    %jmp/0xz  T_0.3, 8;
    %pushi/vec4 0, 0, 1;
    %store/vec4 v0x2efad0f0_0, 0, 1;
    %jmp T_0.4;
T_0.3 ;
    %load/vec4 v0x2efc04a0_0;
    %pad/u 32;
    %cmpi/e 1, 0, 32;
    %flag_get/vec4 4;
    %jmp/0 T_0.8, 4;
    %load/vec4 v0x2efc0560_0;
    %pad/u 32;
    %pushi/vec4 0, 0, 32;
    %cmp/e;
    %flag_get/vec4 4;
    %and;
T_0.8;
    %flag_set/vec4 8;
    %jmp/0xz  T_0.6, 8;
    %pushi/vec4 0, 0, 1;
    %store/vec4 v0x2efad0f0_0, 0, 1;
    %jmp T_0.7;
T_0.6 ;
    %pushi/vec4 1, 0, 1;
    %store/vec4 v0x2efad0f0_0, 0, 1;
T_0.7 ;
T_0.4 ;
T_0.1 ;
    %jmp T_0;
    .thread T_0, $push;
    .scope S_0x2ef737b0;
T_1 ;
    %pushi/vec4 0, 0, 1;
    %store/vec4 v0x2efc0740_0, 0, 1;
    %pushi/vec4 0, 0, 1;
    %store/vec4 v0x2efc0810_0, 0, 1;
    %vpi_call 2 12 "$dumpfile", "and_if_else.vcd" {0 0 0};
    %vpi_call 2 13 "$dumpvars", 32'sb00000000000000000000000000000000 {0 0 0};
    %end;
    .thread T_1;
    .scope S_0x2ef737b0;
T_2 ;
    %vpi_call 2 16 "$monitor", "time: %t,a: %b,b: %b,c :%b", $time, v0x2efc0740_0, v0x2efc0810_0, v0x2efc08e0_0 {0 0 0};
    %delay 10, 0;
    %pushi/vec4 1, 0, 1;
    %store/vec4 v0x2efc0810_0, 0, 1;
    %delay 20, 0;
    %pushi/vec4 1, 0, 1;
    %store/vec4 v0x2efc0740_0, 0, 1;
    %pushi/vec4 0, 0, 1;
    %store/vec4 v0x2efc0810_0, 0, 1;
    %delay 30, 0;
    %pushi/vec4 1, 0, 1;
    %store/vec4 v0x2efc0740_0, 0, 1;
    %pushi/vec4 1, 0, 1;
    %store/vec4 v0x2efc0810_0, 0, 1;
    %end;
    .thread T_2;
# The file index is used to find the file name in the following table.
:file_names 4;
    "N/A";
    "<interactive>";
    "./testbench/tb_and1.v";
    "andgate_ifelse.v";
